
*** Running vivado
    with args -log design_mysoc_clk_wiz_0_0.vds -m64 -product Vivado -mode batch -messageDb vivado.pb -notrace -source design_mysoc_clk_wiz_0_0.tcl



****** Vivado v2025.2 (64-bit)
  **** SW Build 6299465 on Fri Nov 14 19:35:11 GMT 2025
  **** IP Build 6300035 on Fri Nov 14 10:48:45 MST 2025
  **** SharedData Build 6298862 on Thu Nov 13 04:50:51 MST 2025
  **** Start of session at: Mon Feb 23 23:53:06 2026
    ** Copyright 1986-2022 Xilinx, Inc. All Rights Reserved.
    ** Copyright 2022-2025 Advanced Micro Devices, Inc. All Rights Reserved.

source design_mysoc_clk_wiz_0_0.tcl -notrace
create_project: Time (s): cpu = 00:00:33 ; elapsed = 00:00:38 . Memory (MB): peak = 641.945 ; gain = 255.973
Command: synth_design -top design_mysoc_clk_wiz_0_0 -part xc7a35tcpg236-1 -incremental_mode off -mode out_of_context
Starting synth_design
Attempting to get a license for feature 'Synthesis' and/or device 'xc7a35t'
INFO: [Common 17-349] Got license for feature 'Synthesis' and/or device 'xc7a35t'
INFO: [Device 21-403] Loading part xc7a35tcpg236-1
INFO: [Synth 8-7079] Multithreading enabled for synth_design using a maximum of 2 processes.
INFO: [Synth 8-7078] Launching helper process for spawning children vivado processes
INFO: [Synth 8-7075] Helper process launched with PID 12408
---------------------------------------------------------------------------------
Starting RTL Elaboration : Time (s): cpu = 00:00:22 ; elapsed = 00:00:29 . Memory (MB): peak = 1378.184 ; gain = 539.727
---------------------------------------------------------------------------------
INFO: [Synth 8-6157] synthesizing module 'design_mysoc_clk_wiz_0_0' [d:/Vivado-projects/Basys3/sbml/microblazev_tutorial/microblazev_tutorial.gen/sources_1/bd/design_mysoc/ip/design_mysoc_clk_wiz_0_0/design_mysoc_clk_wiz_0_0.v:65]
INFO: [Synth 8-6157] synthesizing module 'design_mysoc_clk_wiz_0_0_clk_wiz' [d:/Vivado-projects/Basys3/sbml/microblazev_tutorial/microblazev_tutorial.gen/sources_1/bd/design_mysoc/ip/design_mysoc_clk_wiz_0_0/design_mysoc_clk_wiz_0_0_clk_wiz.v:65]
INFO: [Synth 8-6157] synthesizing module 'IBUF' [D:/Vivado/2025.2/Vivado/scripts/rt/data/unisim_comp.v:82804]
INFO: [Synth 8-6155] done synthesizing module 'IBUF' (0#1) [D:/Vivado/2025.2/Vivado/scripts/rt/data/unisim_comp.v:82804]
INFO: [Synth 8-6157] synthesizing module 'MMCME2_ADV' [D:/Vivado/2025.2/Vivado/scripts/rt/data/unisim_comp.v:95844]
	Parameter BANDWIDTH bound to: OPTIMIZED - type: string 
	Parameter CLKFBOUT_MULT_F bound to: 1.000000e+01 - type: double 
	Parameter CLKFBOUT_PHASE bound to: 0.000000e+00 - type: double 
	Parameter CLKFBOUT_USE_FINE_PS bound to: FALSE - type: string 
	Parameter CLKIN1_PERIOD bound to: 1.000000e+01 - type: double 
	Parameter CLKOUT0_DIVIDE_F bound to: 1.000000e+01 - type: double 
	Parameter CLKOUT0_DUTY_CYCLE bound to: 5.000000e-01 - type: double 
	Parameter CLKOUT0_PHASE bound to: 0.000000e+00 - type: double 
	Parameter CLKOUT0_USE_FINE_PS bound to: FALSE - type: string 
	Parameter CLKOUT4_CASCADE bound to: FALSE - type: string 
	Parameter COMPENSATION bound to: ZHOLD - type: string 
	Parameter DIVCLK_DIVIDE bound to: 1 - type: integer 
	Parameter STARTUP_WAIT bound to: FALSE - type: string 
INFO: [Synth 8-6155] done synthesizing module 'MMCME2_ADV' (0#1) [D:/Vivado/2025.2/Vivado/scripts/rt/data/unisim_comp.v:95844]
INFO: [Synth 8-6157] synthesizing module 'BUFG' [D:/Vivado/2025.2/Vivado/scripts/rt/data/unisim_comp.v:2678]
INFO: [Synth 8-6155] done synthesizing module 'BUFG' (0#1) [D:/Vivado/2025.2/Vivado/scripts/rt/data/unisim_comp.v:2678]
INFO: [Synth 8-6155] done synthesizing module 'design_mysoc_clk_wiz_0_0_clk_wiz' (0#1) [d:/Vivado-projects/Basys3/sbml/microblazev_tutorial/microblazev_tutorial.gen/sources_1/bd/design_mysoc/ip/design_mysoc_clk_wiz_0_0/design_mysoc_clk_wiz_0_0_clk_wiz.v:65]
INFO: [Synth 8-6155] done synthesizing module 'design_mysoc_clk_wiz_0_0' (0#1) [d:/Vivado-projects/Basys3/sbml/microblazev_tutorial/microblazev_tutorial.gen/sources_1/bd/design_mysoc/ip/design_mysoc_clk_wiz_0_0/design_mysoc_clk_wiz_0_0.v:65]
---------------------------------------------------------------------------------
Finished RTL Elaboration : Time (s): cpu = 00:00:31 ; elapsed = 00:00:40 . Memory (MB): peak = 1501.969 ; gain = 663.512
---------------------------------------------------------------------------------
---------------------------------------------------------------------------------
Start Handling Custom Attributes
---------------------------------------------------------------------------------
---------------------------------------------------------------------------------
Finished Handling Custom Attributes : Time (s): cpu = 00:00:32 ; elapsed = 00:00:40 . Memory (MB): peak = 1501.969 ; gain = 663.512
---------------------------------------------------------------------------------
---------------------------------------------------------------------------------
Finished RTL Optimization Phase 1 : Time (s): cpu = 00:00:32 ; elapsed = 00:00:40 . Memory (MB): peak = 1501.969 ; gain = 663.512
---------------------------------------------------------------------------------
Netlist sorting complete. Time (s): cpu = 00:00:00 ; elapsed = 00:00:00 . Memory (MB): peak = 1501.969 ; gain = 0.000
INFO: [Netlist 29-17] Analyzing 1 Unisim elements for replacement
INFO: [Netlist 29-28] Unisim Transformation completed in 0 CPU seconds
INFO: [Project 1-570] Preparing netlist for logic optimization

Processing XDC Constraints
Initializing timing engine
Parsing XDC File [d:/Vivado-projects/Basys3/sbml/microblazev_tutorial/microblazev_tutorial.gen/sources_1/bd/design_mysoc/ip/design_mysoc_clk_wiz_0_0/design_mysoc_clk_wiz_0_0_ooc.xdc] for cell 'inst'
Finished Parsing XDC File [d:/Vivado-projects/Basys3/sbml/microblazev_tutorial/microblazev_tutorial.gen/sources_1/bd/design_mysoc/ip/design_mysoc_clk_wiz_0_0/design_mysoc_clk_wiz_0_0_ooc.xdc] for cell 'inst'
Parsing XDC File [d:/Vivado-projects/Basys3/sbml/microblazev_tutorial/microblazev_tutorial.gen/sources_1/bd/design_mysoc/ip/design_mysoc_clk_wiz_0_0/design_mysoc_clk_wiz_0_0_board.xdc] for cell 'inst'
Finished Parsing XDC File [d:/Vivado-projects/Basys3/sbml/microblazev_tutorial/microblazev_tutorial.gen/sources_1/bd/design_mysoc/ip/design_mysoc_clk_wiz_0_0/design_mysoc_clk_wiz_0_0_board.xdc] for cell 'inst'
Parsing XDC File [d:/Vivado-projects/Basys3/sbml/microblazev_tutorial/microblazev_tutorial.gen/sources_1/bd/design_mysoc/ip/design_mysoc_clk_wiz_0_0/design_mysoc_clk_wiz_0_0.xdc] for cell 'inst'
Finished Parsing XDC File [d:/Vivado-projects/Basys3/sbml/microblazev_tutorial/microblazev_tutorial.gen/sources_1/bd/design_mysoc/ip/design_mysoc_clk_wiz_0_0/design_mysoc_clk_wiz_0_0.xdc] for cell 'inst'
INFO: [Project 1-236] Implementation specific constraints were found while reading constraint file [d:/Vivado-projects/Basys3/sbml/microblazev_tutorial/microblazev_tutorial.gen/sources_1/bd/design_mysoc/ip/design_mysoc_clk_wiz_0_0/design_mysoc_clk_wiz_0_0.xdc]. These constraints will be ignored for synthesis but will be used in implementation. Impacted constraints are listed in the file [.Xil/design_mysoc_clk_wiz_0_0_propImpl.xdc].
Resolution: To avoid this warning, move constraints listed in [.Xil/design_mysoc_clk_wiz_0_0_propImpl.xdc] to another XDC file and exclude this new file from synthesis with the used_in_synthesis property (File Properties dialog in GUI) and re-run elaboration/synthesis.
INFO: [Timing 38-2] Deriving generated clocks
Parsing XDC File [D:/Vivado-projects/Basys3/sbml/microblazev_tutorial/microblazev_tutorial.runs/design_mysoc_clk_wiz_0_0_synth_1/dont_touch.xdc]
Finished Parsing XDC File [D:/Vivado-projects/Basys3/sbml/microblazev_tutorial/microblazev_tutorial.runs/design_mysoc_clk_wiz_0_0_synth_1/dont_touch.xdc]
Completed Processing XDC Constraints

Netlist sorting complete. Time (s): cpu = 00:00:00 ; elapsed = 00:00:00 . Memory (MB): peak = 1501.969 ; gain = 0.000
INFO: [Project 1-111] Unisim Transformation Summary:
No Unisim elements were transformed.

Constraint Validation Runtime : Time (s): cpu = 00:00:00 ; elapsed = 00:00:00.084 . Memory (MB): peak = 1501.969 ; gain = 0.000
INFO: [Designutils 20-5008] Incremental synthesis strategy off
---------------------------------------------------------------------------------
Finished Constraint Validation : Time (s): cpu = 00:01:03 ; elapsed = 00:01:21 . Memory (MB): peak = 1501.969 ; gain = 663.512
---------------------------------------------------------------------------------
---------------------------------------------------------------------------------
Start Loading Part and Timing Information
---------------------------------------------------------------------------------
Loading part: xc7a35tcpg236-1
---------------------------------------------------------------------------------
Finished Loading Part and Timing Information : Time (s): cpu = 00:01:03 ; elapsed = 00:01:21 . Memory (MB): peak = 1501.969 ; gain = 663.512
---------------------------------------------------------------------------------
---------------------------------------------------------------------------------
Start Applying 'set_property' XDC Constraints
---------------------------------------------------------------------------------
---------------------------------------------------------------------------------
Finished applying 'set_property' XDC Constraints : Time (s): cpu = 00:01:04 ; elapsed = 00:01:21 . Memory (MB): peak = 1501.969 ; gain = 663.512
---------------------------------------------------------------------------------
---------------------------------------------------------------------------------
Finished RTL Optimization Phase 2 : Time (s): cpu = 00:01:04 ; elapsed = 00:01:22 . Memory (MB): peak = 1501.969 ; gain = 663.512
---------------------------------------------------------------------------------
---------------------------------------------------------------------------------
Start RTL Component Statistics 
---------------------------------------------------------------------------------
Detailed RTL Component Info : 
---------------------------------------------------------------------------------
Finished RTL Component Statistics 
---------------------------------------------------------------------------------
---------------------------------------------------------------------------------
Start Part Resource Summary
---------------------------------------------------------------------------------
Part Resources:
DSPs: 90 (col length:60)
BRAMs: 100 (col length: RAMB18 60 RAMB36 30)
---------------------------------------------------------------------------------
Finished Part Resource Summary
---------------------------------------------------------------------------------
---------------------------------------------------------------------------------
Start Cross Boundary and Area Optimization
---------------------------------------------------------------------------------
---------------------------------------------------------------------------------
Finished Cross Boundary and Area Optimization : Time (s): cpu = 00:01:15 ; elapsed = 00:01:39 . Memory (MB): peak = 1505.484 ; gain = 667.027
---------------------------------------------------------------------------------
---------------------------------------------------------------------------------
Start Applying XDC Timing Constraints
---------------------------------------------------------------------------------
---------------------------------------------------------------------------------
Finished Applying XDC Timing Constraints : Time (s): cpu = 00:01:38 ; elapsed = 00:02:17 . Memory (MB): peak = 1675.938 ; gain = 837.480
---------------------------------------------------------------------------------
---------------------------------------------------------------------------------
Start Timing Optimization
---------------------------------------------------------------------------------
---------------------------------------------------------------------------------
Finished Timing Optimization : Time (s): cpu = 00:01:38 ; elapsed = 00:02:17 . Memory (MB): peak = 1675.938 ; gain = 837.480
---------------------------------------------------------------------------------
---------------------------------------------------------------------------------
Start Technology Mapping
---------------------------------------------------------------------------------
---------------------------------------------------------------------------------
Finished Technology Mapping : Time (s): cpu = 00:01:38 ; elapsed = 00:02:17 . Memory (MB): peak = 1685.516 ; gain = 847.059
---------------------------------------------------------------------------------
---------------------------------------------------------------------------------
Start IO Insertion
---------------------------------------------------------------------------------
---------------------------------------------------------------------------------
Start Flattening Before IO Insertion
---------------------------------------------------------------------------------
---------------------------------------------------------------------------------
Finished Flattening Before IO Insertion
---------------------------------------------------------------------------------
---------------------------------------------------------------------------------
Start Final Netlist Cleanup
---------------------------------------------------------------------------------
---------------------------------------------------------------------------------
Finished Final Netlist Cleanup
---------------------------------------------------------------------------------
---------------------------------------------------------------------------------
Finished IO Insertion : Time (s): cpu = 00:01:59 ; elapsed = 00:02:50 . Memory (MB): peak = 1935.613 ; gain = 1097.156
---------------------------------------------------------------------------------
---------------------------------------------------------------------------------
Start Renaming Generated Instances
---------------------------------------------------------------------------------
---------------------------------------------------------------------------------
Finished Renaming Generated Instances : Time (s): cpu = 00:01:59 ; elapsed = 00:02:50 . Memory (MB): peak = 1935.613 ; gain = 1097.156
---------------------------------------------------------------------------------
---------------------------------------------------------------------------------
Start Rebuilding User Hierarchy
---------------------------------------------------------------------------------
---------------------------------------------------------------------------------
Finished Rebuilding User Hierarchy : Time (s): cpu = 00:01:59 ; elapsed = 00:02:50 . Memory (MB): peak = 1935.613 ; gain = 1097.156
---------------------------------------------------------------------------------
---------------------------------------------------------------------------------
Start Renaming Generated Ports
---------------------------------------------------------------------------------
---------------------------------------------------------------------------------
Finished Renaming Generated Ports : Time (s): cpu = 00:01:59 ; elapsed = 00:02:50 . Memory (MB): peak = 1935.613 ; gain = 1097.156
---------------------------------------------------------------------------------
---------------------------------------------------------------------------------
Start Handling Custom Attributes
---------------------------------------------------------------------------------
---------------------------------------------------------------------------------
Finished Handling Custom Attributes : Time (s): cpu = 00:01:59 ; elapsed = 00:02:50 . Memory (MB): peak = 1935.613 ; gain = 1097.156
---------------------------------------------------------------------------------
---------------------------------------------------------------------------------
Start Renaming Generated Nets
---------------------------------------------------------------------------------
---------------------------------------------------------------------------------
Finished Renaming Generated Nets : Time (s): cpu = 00:01:59 ; elapsed = 00:02:50 . Memory (MB): peak = 1935.613 ; gain = 1097.156
---------------------------------------------------------------------------------
---------------------------------------------------------------------------------
Start Writing Synthesis Report
---------------------------------------------------------------------------------

Report BlackBoxes: 
+-+--------------+----------+
| |BlackBox name |Instances |
+-+--------------+----------+
+-+--------------+----------+

Report Cell Usage: 
+------+-----------+------+
|      |Cell       |Count |
+------+-----------+------+
|1     |BUFG       |     2|
|2     |MMCME2_ADV |     1|
|3     |IBUF       |     1|
+------+-----------+------+
---------------------------------------------------------------------------------
Finished Writing Synthesis Report : Time (s): cpu = 00:01:59 ; elapsed = 00:02:50 . Memory (MB): peak = 1935.613 ; gain = 1097.156
---------------------------------------------------------------------------------
Synthesis finished with 0 errors, 0 critical warnings and 0 warnings.
Synthesis Optimization Runtime : Time (s): cpu = 00:01:21 ; elapsed = 00:02:40 . Memory (MB): peak = 1935.613 ; gain = 1097.156
Synthesis Optimization Complete : Time (s): cpu = 00:02:00 ; elapsed = 00:02:51 . Memory (MB): peak = 1935.613 ; gain = 1097.156
INFO: [Project 1-571] Translating synthesized netlist
Netlist sorting complete. Time (s): cpu = 00:00:00 ; elapsed = 00:00:00 . Memory (MB): peak = 1935.613 ; gain = 0.000
INFO: [Netlist 29-17] Analyzing 1 Unisim elements for replacement
INFO: [Netlist 29-28] Unisim Transformation completed in 0 CPU seconds
INFO: [Project 1-570] Preparing netlist for logic optimization
INFO: [Opt 31-138] Pushed 0 inverter(s) to 0 load pin(s).
Netlist sorting complete. Time (s): cpu = 00:00:00 ; elapsed = 00:00:00.001 . Memory (MB): peak = 1940.270 ; gain = 0.000
INFO: [Project 1-111] Unisim Transformation Summary:
No Unisim elements were transformed.

Synth Design complete | Checksum: 1d2c47bc
INFO: [Common 17-83] Releasing license: Synthesis
29 Infos, 0 Warnings, 0 Critical Warnings and 0 Errors encountered.
synth_design completed successfully
synth_design: Time (s): cpu = 00:02:14 ; elapsed = 00:03:15 . Memory (MB): peak = 1940.270 ; gain = 1285.352
Write ShapeDB Complete: Time (s): cpu = 00:00:00 ; elapsed = 00:00:00.002 . Memory (MB): peak = 1940.270 ; gain = 0.000
INFO: [Common 17-1381] The checkpoint 'D:/Vivado-projects/Basys3/sbml/microblazev_tutorial/microblazev_tutorial.runs/design_mysoc_clk_wiz_0_0_synth_1/design_mysoc_clk_wiz_0_0.dcp' has been generated.
INFO: [Coretcl 2-1648] Added synthesis output to IP cache for IP design_mysoc_clk_wiz_0_0, cache-ID = 0fd90a1214d7e28b
Write ShapeDB Complete: Time (s): cpu = 00:00:00 ; elapsed = 00:00:00.001 . Memory (MB): peak = 1940.270 ; gain = 0.000
INFO: [Common 17-1381] The checkpoint 'D:/Vivado-projects/Basys3/sbml/microblazev_tutorial/microblazev_tutorial.runs/design_mysoc_clk_wiz_0_0_synth_1/design_mysoc_clk_wiz_0_0.dcp' has been generated.
INFO: [Vivado 12-24828] Executing command : report_utilization -file design_mysoc_clk_wiz_0_0_utilization_synth.rpt -pb design_mysoc_clk_wiz_0_0_utilization_synth.pb
INFO: [Common 17-206] Exiting Vivado at Mon Feb 23 23:57:32 2026...
