Copyright 1986-2022 Xilinx, Inc. All Rights Reserved. Copyright 2022-2025 Advanced Micro Devices, Inc. All Rights Reserved.
---------------------------------------------------------------------------------------------------------------------------------------------
| Tool Version : Vivado v.2025.2 (win64) Build 6299465 Fri Nov 14 19:35:11 GMT 2025
| Date         : Wed May  6 20:02:10 2026
| Host         : DESKTOP-HTVV1N1 running 64-bit major release  (build 9200)
| Command      : report_clock_interaction -delay_type min_max -file clock_interaction_no_exclusive.rpt
| Design       : design_base_wrapper
| Device       : 7a35t-cpg236
| Speed File   : -1  PRODUCTION 1.23 2018-06-13
| Design State : Routed
---------------------------------------------------------------------------------------------------------------------------------------------

Clock Interaction Report

Clock Interaction Table
-----------------------

                                                                                                                                                                                                        WNS                            TNS Failing  TNS Total    WNS Path         WHS                            THS Failing  THS Total    WHS Path         Clock-Pair           Inter-Clock          
From Clock                                                                                          To Clock                                                                                            Clock Edges  WNS(ns)  TNS(ns)    Endpoints    Endpoints  Requirement(ns)  Clock Edges  WHS(ns)  THS(ns)    Endpoints    Endpoints  Requirement(ns)  Classification       Constraints          
--------------------------------------------------------------------------------------------------  --------------------------------------------------------------------------------------------------  -----------  -------  -------  -----------  -----------  ---------------  -----------  -------  -------  -----------  -----------  ---------------  -------------------  -------------------  
clk_out1_design_base_clk_wiz_0_0                                                                    clk_out1_design_base_clk_wiz_0_0                                                                    rise - rise     1.36     0.00            0         6485            10.00  rise - rise     0.01     0.00            0         6485             0.00  Clean                Partial False Path   
clk_out1_design_base_clk_wiz_0_0                                                                    clk_out2_design_base_clk_wiz_0_0                                                                                                             0           73                                                            0           73                   Ignored              Asynchronous Groups  
clk_out1_design_base_clk_wiz_0_0                                                                    clk_out3_design_base_clk_wiz_0_0                                                                                                             0           73                                                            0           73                   Ignored              Asynchronous Groups  
clk_out1_design_base_clk_wiz_0_0                                                                    design_base_i/mdm_1/U0/MDM_Core_I1/JTAG_CONTROL_I/Test_Access_Port.BUFG_UPDATE/Using_FPGA.Native/O                                           0          116                                                            0          116                   Ignored              Asynchronous Groups  
clk_out1_design_base_clk_wiz_0_0                                                                    design_base_i/mdm_1/U0/Use_E2.BSCAN_I/Use_E2.BSCANE2_I/TCK                                                                                   0           35                                                            0           35                   Ignored              Asynchronous Groups  
clk_out2_design_base_clk_wiz_0_0                                                                    clk_out2_design_base_clk_wiz_0_0                                                                    rise - rise    34.18     0.00            0          297            40.66  rise - rise     0.12     0.00            0          297             0.00  Clean                Timed                
clk_out2_design_base_clk_wiz_0_0                                                                    clk_out3_design_base_clk_wiz_0_0                                                                                                             0          297                                                            0          297                   Ignored              Exclusive Groups     
clk_out3_design_base_clk_wiz_0_0                                                                    clk_out2_design_base_clk_wiz_0_0                                                                                                             0          297                                                            0          297                   Ignored              Exclusive Groups     
clk_out3_design_base_clk_wiz_0_0                                                                    clk_out3_design_base_clk_wiz_0_0                                                                    rise - rise    38.11     0.00            0          297            44.59  rise - rise     0.12     0.00            0          297             0.00  Clean                Timed                
design_base_i/mdm_1/U0/MDM_Core_I1/JTAG_CONTROL_I/Test_Access_Port.BUFG_UPDATE/Using_FPGA.Native/O  clk_out1_design_base_clk_wiz_0_0                                                                                                             0          940                                                            0          940                   Ignored              Asynchronous Groups  
design_base_i/mdm_1/U0/MDM_Core_I1/JTAG_CONTROL_I/Test_Access_Port.BUFG_UPDATE/Using_FPGA.Native/O  design_base_i/mdm_1/U0/MDM_Core_I1/JTAG_CONTROL_I/Test_Access_Port.BUFG_UPDATE/Using_FPGA.Native/O  rise - rise    55.11     0.00            0          121            66.67  rise - rise     0.23     0.00            0          121             0.00  Clean                Timed                
design_base_i/mdm_1/U0/MDM_Core_I1/JTAG_CONTROL_I/Test_Access_Port.BUFG_UPDATE/Using_FPGA.Native/O  design_base_i/mdm_1/U0/Use_E2.BSCAN_I/Use_E2.BSCANE2_I/TCK                                                                                   0           18                                                            0           18                   Ignored              Exclusive Groups     
design_base_i/mdm_1/U0/Use_E2.BSCAN_I/Use_E2.BSCANE2_I/TCK                                          clk_out1_design_base_clk_wiz_0_0                                                                                                             0            1                                                            0            1                   Ignored              Asynchronous Groups  
design_base_i/mdm_1/U0/Use_E2.BSCAN_I/Use_E2.BSCANE2_I/TCK                                          design_base_i/mdm_1/U0/MDM_Core_I1/JTAG_CONTROL_I/Test_Access_Port.BUFG_UPDATE/Using_FPGA.Native/O                                           0          241                                                            0          241                   Ignored              Exclusive Groups     
design_base_i/mdm_1/U0/Use_E2.BSCAN_I/Use_E2.BSCANE2_I/TCK                                          design_base_i/mdm_1/U0/Use_E2.BSCAN_I/Use_E2.BSCANE2_I/TCK                                          fall - rise     8.28     0.00            0          438            16.67  rise - rise     0.09     0.00            0          438             0.00  Clean                Timed                
design_base_i/mdm_1/U0/Use_E2.BSCAN_I/Use_E2.BSCANE2_I/UPDATE                                       design_base_i/mdm_1/U0/Use_E2.BSCAN_I/Use_E2.BSCANE2_I/TCK                                                                                   0           22                                                            0           22                   Ignored              Exclusive Groups     


