
*** Running vivado
    with args -log design_mysoc_dlmb_v10_0.vds -m64 -product Vivado -mode batch -messageDb vivado.pb -notrace -source design_mysoc_dlmb_v10_0.tcl



****** Vivado v2025.2 (64-bit)
  **** SW Build 6299465 on Fri Nov 14 19:35:11 GMT 2025
  **** IP Build 6300035 on Fri Nov 14 10:48:45 MST 2025
  **** SharedData Build 6298862 on Thu Nov 13 04:50:51 MST 2025
  **** Start of session at: Mon Feb 23 23:42:53 2026
    ** Copyright 1986-2022 Xilinx, Inc. All Rights Reserved.
    ** Copyright 2022-2025 Advanced Micro Devices, Inc. All Rights Reserved.

source design_mysoc_dlmb_v10_0.tcl -notrace
create_project: Time (s): cpu = 00:00:35 ; elapsed = 00:01:10 . Memory (MB): peak = 642.461 ; gain = 255.184
Command: synth_design -top design_mysoc_dlmb_v10_0 -part xc7a35tcpg236-1 -incremental_mode off -mode out_of_context
Starting synth_design
Attempting to get a license for feature 'Synthesis' and/or device 'xc7a35t'
INFO: [Common 17-349] Got license for feature 'Synthesis' and/or device 'xc7a35t'
INFO: [Device 21-403] Loading part xc7a35tcpg236-1
INFO: [Synth 8-7079] Multithreading enabled for synth_design using a maximum of 2 processes.
INFO: [Synth 8-7078] Launching helper process for spawning children vivado processes
INFO: [Synth 8-7075] Helper process launched with PID 16192
---------------------------------------------------------------------------------
Starting RTL Elaboration : Time (s): cpu = 00:00:25 ; elapsed = 00:00:58 . Memory (MB): peak = 1377.602 ; gain = 540.234
---------------------------------------------------------------------------------
INFO: [Synth 8-638] synthesizing module 'design_mysoc_dlmb_v10_0' [d:/Vivado-projects/Basys3/sbml/microblazev_tutorial/microblazev_tutorial.gen/sources_1/bd/design_mysoc/ip/design_mysoc_dlmb_v10_0/synth/design_mysoc_dlmb_v10_0.vhd:89]
	Parameter C_LMB_NUM_SLAVES bound to: 1 - type: integer 
	Parameter C_LMB_DWIDTH bound to: 32 - type: integer 
	Parameter C_LMB_AWIDTH bound to: 32 - type: integer 
	Parameter C_LMB_PROTOCOL bound to: 0 - type: integer 
	Parameter C_LMB_HAS_PROT bound to: 0 - type: integer 
	Parameter C_EXT_RESET_HIGH bound to: 1 - type: integer 
INFO: [Synth 8-3491] module 'lmb_v10' declared at 'd:/Vivado-projects/Basys3/sbml/microblazev_tutorial/microblazev_tutorial.gen/sources_1/bd/design_mysoc/ipshared/dac4/hdl/lmb_v10_v3_0_vh_rfs.vhd:91' bound to instance 'U0' of component 'lmb_v10' [d:/Vivado-projects/Basys3/sbml/microblazev_tutorial/microblazev_tutorial.gen/sources_1/bd/design_mysoc/ip/design_mysoc_dlmb_v10_0/synth/design_mysoc_dlmb_v10_0.vhd:172]
INFO: [Synth 8-638] synthesizing module 'lmb_v10' [d:/Vivado-projects/Basys3/sbml/microblazev_tutorial/microblazev_tutorial.gen/sources_1/bd/design_mysoc/ipshared/dac4/hdl/lmb_v10_v3_0_vh_rfs.vhd:143]
INFO: [Synth 8-3491] module 'FDS' declared at 'D:/Vivado/2025.2/Vivado/scripts/rt/data/unisim_comp.v:49519' bound to instance 'POR_FF_I' of component 'FDS' [d:/Vivado-projects/Basys3/sbml/microblazev_tutorial/microblazev_tutorial.gen/sources_1/bd/design_mysoc/ipshared/dac4/hdl/lmb_v10_v3_0_vh_rfs.vhd:173]
INFO: [Synth 8-6157] synthesizing module 'FDS' [D:/Vivado/2025.2/Vivado/scripts/rt/data/unisim_comp.v:49519]
INFO: [Synth 8-6155] done synthesizing module 'FDS' (0#1) [D:/Vivado/2025.2/Vivado/scripts/rt/data/unisim_comp.v:49519]
INFO: [Synth 8-256] done synthesizing module 'lmb_v10' (0#1) [d:/Vivado-projects/Basys3/sbml/microblazev_tutorial/microblazev_tutorial.gen/sources_1/bd/design_mysoc/ipshared/dac4/hdl/lmb_v10_v3_0_vh_rfs.vhd:143]
INFO: [Synth 8-256] done synthesizing module 'design_mysoc_dlmb_v10_0' (0#1) [d:/Vivado-projects/Basys3/sbml/microblazev_tutorial/microblazev_tutorial.gen/sources_1/bd/design_mysoc/ip/design_mysoc_dlmb_v10_0/synth/design_mysoc_dlmb_v10_0.vhd:89]
---------------------------------------------------------------------------------
Finished RTL Elaboration : Time (s): cpu = 00:00:35 ; elapsed = 00:01:24 . Memory (MB): peak = 1502.246 ; gain = 664.879
---------------------------------------------------------------------------------
---------------------------------------------------------------------------------
Start Handling Custom Attributes
---------------------------------------------------------------------------------
---------------------------------------------------------------------------------
Finished Handling Custom Attributes : Time (s): cpu = 00:00:35 ; elapsed = 00:01:25 . Memory (MB): peak = 1502.246 ; gain = 664.879
---------------------------------------------------------------------------------
---------------------------------------------------------------------------------
Finished RTL Optimization Phase 1 : Time (s): cpu = 00:00:35 ; elapsed = 00:01:25 . Memory (MB): peak = 1502.246 ; gain = 664.879
---------------------------------------------------------------------------------
Netlist sorting complete. Time (s): cpu = 00:00:00 ; elapsed = 00:00:00.043 . Memory (MB): peak = 1502.246 ; gain = 0.000
INFO: [Netlist 29-17] Analyzing 1 Unisim elements for replacement
INFO: [Netlist 29-28] Unisim Transformation completed in 0 CPU seconds
INFO: [Project 1-570] Preparing netlist for logic optimization

Processing XDC Constraints
Initializing timing engine
Parsing XDC File [d:/Vivado-projects/Basys3/sbml/microblazev_tutorial/microblazev_tutorial.gen/sources_1/bd/design_mysoc/ip/design_mysoc_dlmb_v10_0/design_mysoc_dlmb_v10_0_ooc.xdc] for cell 'U0'
Finished Parsing XDC File [d:/Vivado-projects/Basys3/sbml/microblazev_tutorial/microblazev_tutorial.gen/sources_1/bd/design_mysoc/ip/design_mysoc_dlmb_v10_0/design_mysoc_dlmb_v10_0_ooc.xdc] for cell 'U0'
Parsing XDC File [D:/Vivado-projects/Basys3/sbml/microblazev_tutorial/microblazev_tutorial.runs/design_mysoc_dlmb_v10_0_synth_1/dont_touch.xdc]
Finished Parsing XDC File [D:/Vivado-projects/Basys3/sbml/microblazev_tutorial/microblazev_tutorial.runs/design_mysoc_dlmb_v10_0_synth_1/dont_touch.xdc]
Completed Processing XDC Constraints

Netlist sorting complete. Time (s): cpu = 00:00:00 ; elapsed = 00:00:00 . Memory (MB): peak = 1502.246 ; gain = 0.000
INFO: [Project 1-111] Unisim Transformation Summary:
  A total of 1 instances were transformed.
  FDS => FDSE: 1 instance 

Constraint Validation Runtime : Time (s): cpu = 00:00:00 ; elapsed = 00:00:00.241 . Memory (MB): peak = 1502.246 ; gain = 0.000
INFO: [Designutils 20-5008] Incremental synthesis strategy off
---------------------------------------------------------------------------------
Finished Constraint Validation : Time (s): cpu = 00:01:09 ; elapsed = 00:02:52 . Memory (MB): peak = 1502.246 ; gain = 664.879
---------------------------------------------------------------------------------
---------------------------------------------------------------------------------
Start Loading Part and Timing Information
---------------------------------------------------------------------------------
Loading part: xc7a35tcpg236-1
---------------------------------------------------------------------------------
Finished Loading Part and Timing Information : Time (s): cpu = 00:01:09 ; elapsed = 00:02:52 . Memory (MB): peak = 1502.246 ; gain = 664.879
---------------------------------------------------------------------------------
---------------------------------------------------------------------------------
Start Applying 'set_property' XDC Constraints
---------------------------------------------------------------------------------
---------------------------------------------------------------------------------
Finished applying 'set_property' XDC Constraints : Time (s): cpu = 00:01:09 ; elapsed = 00:02:52 . Memory (MB): peak = 1502.246 ; gain = 664.879
---------------------------------------------------------------------------------
---------------------------------------------------------------------------------
Finished RTL Optimization Phase 2 : Time (s): cpu = 00:01:10 ; elapsed = 00:02:55 . Memory (MB): peak = 1502.246 ; gain = 664.879
---------------------------------------------------------------------------------
---------------------------------------------------------------------------------
Start RTL Component Statistics 
---------------------------------------------------------------------------------
Detailed RTL Component Info : 
---------------------------------------------------------------------------------
Finished RTL Component Statistics 
---------------------------------------------------------------------------------
---------------------------------------------------------------------------------
Start Part Resource Summary
---------------------------------------------------------------------------------
Part Resources:
DSPs: 90 (col length:60)
BRAMs: 100 (col length: RAMB18 60 RAMB36 30)
---------------------------------------------------------------------------------
Finished Part Resource Summary
---------------------------------------------------------------------------------
---------------------------------------------------------------------------------
Start Cross Boundary and Area Optimization
---------------------------------------------------------------------------------
---------------------------------------------------------------------------------
Finished Cross Boundary and Area Optimization : Time (s): cpu = 00:01:20 ; elapsed = 00:03:17 . Memory (MB): peak = 1509.258 ; gain = 671.891
---------------------------------------------------------------------------------
---------------------------------------------------------------------------------
Start Applying XDC Timing Constraints
---------------------------------------------------------------------------------
---------------------------------------------------------------------------------
Finished Applying XDC Timing Constraints : Time (s): cpu = 00:01:42 ; elapsed = 00:03:48 . Memory (MB): peak = 1677.844 ; gain = 840.477
---------------------------------------------------------------------------------
---------------------------------------------------------------------------------
Start Timing Optimization
---------------------------------------------------------------------------------
---------------------------------------------------------------------------------
Finished Timing Optimization : Time (s): cpu = 00:01:42 ; elapsed = 00:03:48 . Memory (MB): peak = 1677.992 ; gain = 840.625
---------------------------------------------------------------------------------
---------------------------------------------------------------------------------
Start Technology Mapping
---------------------------------------------------------------------------------
---------------------------------------------------------------------------------
Finished Technology Mapping : Time (s): cpu = 00:01:43 ; elapsed = 00:03:48 . Memory (MB): peak = 1687.586 ; gain = 850.219
---------------------------------------------------------------------------------
---------------------------------------------------------------------------------
Start IO Insertion
---------------------------------------------------------------------------------
---------------------------------------------------------------------------------
Start Flattening Before IO Insertion
---------------------------------------------------------------------------------
---------------------------------------------------------------------------------
Finished Flattening Before IO Insertion
---------------------------------------------------------------------------------
---------------------------------------------------------------------------------
Start Final Netlist Cleanup
---------------------------------------------------------------------------------
---------------------------------------------------------------------------------
Finished Final Netlist Cleanup
---------------------------------------------------------------------------------
---------------------------------------------------------------------------------
Finished IO Insertion : Time (s): cpu = 00:02:03 ; elapsed = 00:04:20 . Memory (MB): peak = 1937.641 ; gain = 1100.273
---------------------------------------------------------------------------------
---------------------------------------------------------------------------------
Start Renaming Generated Instances
---------------------------------------------------------------------------------
---------------------------------------------------------------------------------
Finished Renaming Generated Instances : Time (s): cpu = 00:02:03 ; elapsed = 00:04:20 . Memory (MB): peak = 1937.641 ; gain = 1100.273
---------------------------------------------------------------------------------
---------------------------------------------------------------------------------
Start Rebuilding User Hierarchy
---------------------------------------------------------------------------------
---------------------------------------------------------------------------------
Finished Rebuilding User Hierarchy : Time (s): cpu = 00:02:03 ; elapsed = 00:04:20 . Memory (MB): peak = 1937.641 ; gain = 1100.273
---------------------------------------------------------------------------------
---------------------------------------------------------------------------------
Start Renaming Generated Ports
---------------------------------------------------------------------------------
---------------------------------------------------------------------------------
Finished Renaming Generated Ports : Time (s): cpu = 00:02:03 ; elapsed = 00:04:20 . Memory (MB): peak = 1937.641 ; gain = 1100.273
---------------------------------------------------------------------------------
---------------------------------------------------------------------------------
Start Handling Custom Attributes
---------------------------------------------------------------------------------
---------------------------------------------------------------------------------
Finished Handling Custom Attributes : Time (s): cpu = 00:02:03 ; elapsed = 00:04:20 . Memory (MB): peak = 1937.641 ; gain = 1100.273
---------------------------------------------------------------------------------
---------------------------------------------------------------------------------
Start Renaming Generated Nets
---------------------------------------------------------------------------------
---------------------------------------------------------------------------------
Finished Renaming Generated Nets : Time (s): cpu = 00:02:03 ; elapsed = 00:04:20 . Memory (MB): peak = 1937.641 ; gain = 1100.273
---------------------------------------------------------------------------------
---------------------------------------------------------------------------------
Start Writing Synthesis Report
---------------------------------------------------------------------------------

Report BlackBoxes: 
+-+--------------+----------+
| |BlackBox name |Instances |
+-+--------------+----------+
+-+--------------+----------+

Report Cell Usage: 
+------+-----+------+
|      |Cell |Count |
+------+-----+------+
|1     |FDS  |     1|
+------+-----+------+
---------------------------------------------------------------------------------
Finished Writing Synthesis Report : Time (s): cpu = 00:02:03 ; elapsed = 00:04:21 . Memory (MB): peak = 1937.641 ; gain = 1100.273
---------------------------------------------------------------------------------
Synthesis finished with 0 errors, 0 critical warnings and 0 warnings.
Synthesis Optimization Runtime : Time (s): cpu = 00:01:22 ; elapsed = 00:04:03 . Memory (MB): peak = 1937.641 ; gain = 1100.273
Synthesis Optimization Complete : Time (s): cpu = 00:02:04 ; elapsed = 00:04:21 . Memory (MB): peak = 1937.641 ; gain = 1100.273
INFO: [Project 1-571] Translating synthesized netlist
Netlist sorting complete. Time (s): cpu = 00:00:00 ; elapsed = 00:00:00.026 . Memory (MB): peak = 1937.641 ; gain = 0.000
INFO: [Netlist 29-17] Analyzing 1 Unisim elements for replacement
INFO: [Netlist 29-28] Unisim Transformation completed in 0 CPU seconds
INFO: [Project 1-570] Preparing netlist for logic optimization
INFO: [Opt 31-138] Pushed 0 inverter(s) to 0 load pin(s).
Netlist sorting complete. Time (s): cpu = 00:00:00 ; elapsed = 00:00:00 . Memory (MB): peak = 1943.043 ; gain = 0.000
INFO: [Project 1-111] Unisim Transformation Summary:
  A total of 1 instances were transformed.
  FDS => FDSE: 1 instance 

Synth Design complete | Checksum: 307700c0
INFO: [Common 17-83] Releasing license: Synthesis
25 Infos, 0 Warnings, 0 Critical Warnings and 0 Errors encountered.
synth_design completed successfully
synth_design: Time (s): cpu = 00:02:17 ; elapsed = 00:04:51 . Memory (MB): peak = 1943.043 ; gain = 1286.340
INFO: [Common 17-1381] The checkpoint 'D:/Vivado-projects/Basys3/sbml/microblazev_tutorial/microblazev_tutorial.runs/design_mysoc_dlmb_v10_0_synth_1/design_mysoc_dlmb_v10_0.dcp' has been generated.
INFO: [Coretcl 2-1648] Added synthesis output to IP cache for IP design_mysoc_dlmb_v10_0, cache-ID = c0c1500f584db420
INFO: [Common 17-1381] The checkpoint 'D:/Vivado-projects/Basys3/sbml/microblazev_tutorial/microblazev_tutorial.runs/design_mysoc_dlmb_v10_0_synth_1/design_mysoc_dlmb_v10_0.dcp' has been generated.
INFO: [Vivado 12-24828] Executing command : report_utilization -file design_mysoc_dlmb_v10_0_utilization_synth.rpt -pb design_mysoc_dlmb_v10_0_utilization_synth.pb
INFO: [Common 17-206] Exiting Vivado at Mon Feb 23 23:49:45 2026...
