
*** Running vivado
    with args -log design_mysoc_wrapper.vds -m64 -product Vivado -mode batch -messageDb vivado.pb -notrace -source design_mysoc_wrapper.tcl



****** Vivado v2025.2 (64-bit)
  **** SW Build 6299465 on Fri Nov 14 19:35:11 GMT 2025
  **** IP Build 6300035 on Fri Nov 14 10:48:45 MST 2025
  **** SharedData Build 6298862 on Thu Nov 13 04:50:51 MST 2025
  **** Start of session at: Tue Feb 24 00:50:27 2026
    ** Copyright 1986-2022 Xilinx, Inc. All Rights Reserved.
    ** Copyright 2022-2025 Advanced Micro Devices, Inc. All Rights Reserved.

source design_mysoc_wrapper.tcl -notrace
create_project: Time (s): cpu = 00:00:24 ; elapsed = 00:00:16 . Memory (MB): peak = 644.371 ; gain = 254.895
INFO: [IP_Flow 19-234] Refreshing IP repositories
INFO: [IP_Flow 19-1704] No user IP repositories specified
INFO: [IP_Flow 19-2313] Loaded Vivado IP repository 'D:/Vivado/2025.2/Vivado/data/ip'.
add_files: Time (s): cpu = 00:00:11 ; elapsed = 00:00:11 . Memory (MB): peak = 672.738 ; gain = 28.367
Command: read_checkpoint -auto_incremental -incremental D:/Vivado-projects/Basys3/sbml/microblazev_tutorial/microblazev_tutorial.srcs/utils_1/imports/synth_1/design_mysoc_wrapper.dcp
INFO: [Vivado 12-5825] Read reference checkpoint from D:/Vivado-projects/Basys3/sbml/microblazev_tutorial/microblazev_tutorial.srcs/utils_1/imports/synth_1/design_mysoc_wrapper.dcp for incremental synthesis
INFO: [Vivado 12-7989] Please ensure there are no constraint changes
Command: synth_design -top design_mysoc_wrapper -part xc7a35tcpg236-1
Starting synth_design
Attempting to get a license for feature 'Synthesis' and/or device 'xc7a35t'
INFO: [Common 17-349] Got license for feature 'Synthesis' and/or device 'xc7a35t'
INFO: [Device 21-403] Loading part xc7a35tcpg236-1
INFO: [Designutils 20-5440] No compile time benefit to using incremental synthesis; A full resynthesis will be run
INFO: [Designutils 20-4379] Flow is switching to default flow due to incremental criteria not met. If you would like to alter this behaviour and have the flow terminate instead, please set the following parameter config_implementation {autoIncr.Synth.RejectBehavior Terminate}
INFO: [Synth 8-7079] Multithreading enabled for synth_design using a maximum of 2 processes.
INFO: [Synth 8-7078] Launching helper process for spawning children vivado processes
INFO: [Synth 8-7075] Helper process launched with PID 10896
---------------------------------------------------------------------------------
Starting RTL Elaboration : Time (s): cpu = 00:00:14 ; elapsed = 00:00:15 . Memory (MB): peak = 1427.656 ; gain = 541.602
---------------------------------------------------------------------------------
INFO: [Synth 8-6157] synthesizing module 'design_mysoc_wrapper' [d:/Vivado-projects/Basys3/sbml/microblazev_tutorial/microblazev_tutorial.gen/sources_1/bd/design_mysoc/hdl/design_mysoc_wrapper.v:13]
INFO: [Synth 8-6157] synthesizing module 'design_mysoc' [d:/Vivado-projects/Basys3/sbml/microblazev_tutorial/microblazev_tutorial.gen/sources_1/bd/design_mysoc/synth/design_mysoc.v:13]
INFO: [Synth 8-6157] synthesizing module 'design_mysoc_axi_gpio_0_0' [D:/Vivado-projects/Basys3/sbml/microblazev_tutorial/microblazev_tutorial.runs/synth_1/.Xil/Vivado-21368-DESKTOP-HTVV1N1/realtime/design_mysoc_axi_gpio_0_0_stub.v:6]
INFO: [Synth 8-6155] done synthesizing module 'design_mysoc_axi_gpio_0_0' (0#1) [D:/Vivado-projects/Basys3/sbml/microblazev_tutorial/microblazev_tutorial.runs/synth_1/.Xil/Vivado-21368-DESKTOP-HTVV1N1/realtime/design_mysoc_axi_gpio_0_0_stub.v:6]
INFO: [Synth 8-6157] synthesizing module 'design_mysoc_axi_smc_0' [D:/Vivado-projects/Basys3/sbml/microblazev_tutorial/microblazev_tutorial.runs/synth_1/.Xil/Vivado-21368-DESKTOP-HTVV1N1/realtime/design_mysoc_axi_smc_0_stub.v:6]
INFO: [Synth 8-6155] done synthesizing module 'design_mysoc_axi_smc_0' (0#1) [D:/Vivado-projects/Basys3/sbml/microblazev_tutorial/microblazev_tutorial.runs/synth_1/.Xil/Vivado-21368-DESKTOP-HTVV1N1/realtime/design_mysoc_axi_smc_0_stub.v:6]
WARNING: [Synth 8-7071] port 'M00_AXI_awprot' of module 'design_mysoc_axi_smc_0' is unconnected for instance 'axi_smc' [d:/Vivado-projects/Basys3/sbml/microblazev_tutorial/microblazev_tutorial.gen/sources_1/bd/design_mysoc/synth/design_mysoc.v:144]
WARNING: [Synth 8-7071] port 'M00_AXI_arprot' of module 'design_mysoc_axi_smc_0' is unconnected for instance 'axi_smc' [d:/Vivado-projects/Basys3/sbml/microblazev_tutorial/microblazev_tutorial.gen/sources_1/bd/design_mysoc/synth/design_mysoc.v:144]
WARNING: [Synth 8-7071] port 'M01_AXI_awprot' of module 'design_mysoc_axi_smc_0' is unconnected for instance 'axi_smc' [d:/Vivado-projects/Basys3/sbml/microblazev_tutorial/microblazev_tutorial.gen/sources_1/bd/design_mysoc/synth/design_mysoc.v:144]
WARNING: [Synth 8-7071] port 'M01_AXI_arprot' of module 'design_mysoc_axi_smc_0' is unconnected for instance 'axi_smc' [d:/Vivado-projects/Basys3/sbml/microblazev_tutorial/microblazev_tutorial.gen/sources_1/bd/design_mysoc/synth/design_mysoc.v:144]
WARNING: [Synth 8-7023] instance 'axi_smc' of module 'design_mysoc_axi_smc_0' has 59 connections declared, but only 55 given [d:/Vivado-projects/Basys3/sbml/microblazev_tutorial/microblazev_tutorial.gen/sources_1/bd/design_mysoc/synth/design_mysoc.v:144]
INFO: [Synth 8-6157] synthesizing module 'design_mysoc_axi_uartlite_0_0' [D:/Vivado-projects/Basys3/sbml/microblazev_tutorial/microblazev_tutorial.runs/synth_1/.Xil/Vivado-21368-DESKTOP-HTVV1N1/realtime/design_mysoc_axi_uartlite_0_0_stub.v:6]
INFO: [Synth 8-6155] done synthesizing module 'design_mysoc_axi_uartlite_0_0' (0#1) [D:/Vivado-projects/Basys3/sbml/microblazev_tutorial/microblazev_tutorial.runs/synth_1/.Xil/Vivado-21368-DESKTOP-HTVV1N1/realtime/design_mysoc_axi_uartlite_0_0_stub.v:6]
WARNING: [Synth 8-7071] port 'interrupt' of module 'design_mysoc_axi_uartlite_0_0' is unconnected for instance 'axi_uartlite_0' [d:/Vivado-projects/Basys3/sbml/microblazev_tutorial/microblazev_tutorial.gen/sources_1/bd/design_mysoc/synth/design_mysoc.v:200]
WARNING: [Synth 8-7023] instance 'axi_uartlite_0' of module 'design_mysoc_axi_uartlite_0_0' has 22 connections declared, but only 21 given [d:/Vivado-projects/Basys3/sbml/microblazev_tutorial/microblazev_tutorial.gen/sources_1/bd/design_mysoc/synth/design_mysoc.v:200]
INFO: [Synth 8-6157] synthesizing module 'design_mysoc_clk_wiz_0_0' [D:/Vivado-projects/Basys3/sbml/microblazev_tutorial/microblazev_tutorial.runs/synth_1/.Xil/Vivado-21368-DESKTOP-HTVV1N1/realtime/design_mysoc_clk_wiz_0_0_stub.v:6]
INFO: [Synth 8-6155] done synthesizing module 'design_mysoc_clk_wiz_0_0' (0#1) [D:/Vivado-projects/Basys3/sbml/microblazev_tutorial/microblazev_tutorial.runs/synth_1/.Xil/Vivado-21368-DESKTOP-HTVV1N1/realtime/design_mysoc_clk_wiz_0_0_stub.v:6]
INFO: [Synth 8-6157] synthesizing module 'design_mysoc_mdm_1_0' [D:/Vivado-projects/Basys3/sbml/microblazev_tutorial/microblazev_tutorial.runs/synth_1/.Xil/Vivado-21368-DESKTOP-HTVV1N1/realtime/design_mysoc_mdm_1_0_stub.v:6]
INFO: [Synth 8-6155] done synthesizing module 'design_mysoc_mdm_1_0' (0#1) [D:/Vivado-projects/Basys3/sbml/microblazev_tutorial/microblazev_tutorial.runs/synth_1/.Xil/Vivado-21368-DESKTOP-HTVV1N1/realtime/design_mysoc_mdm_1_0_stub.v:6]
INFO: [Synth 8-6157] synthesizing module 'design_mysoc_microblaze_riscv_0_0' [D:/Vivado-projects/Basys3/sbml/microblazev_tutorial/microblazev_tutorial.runs/synth_1/.Xil/Vivado-21368-DESKTOP-HTVV1N1/realtime/design_mysoc_microblaze_riscv_0_0_stub.v:6]
INFO: [Synth 8-6155] done synthesizing module 'design_mysoc_microblaze_riscv_0_0' (0#1) [D:/Vivado-projects/Basys3/sbml/microblazev_tutorial/microblazev_tutorial.runs/synth_1/.Xil/Vivado-21368-DESKTOP-HTVV1N1/realtime/design_mysoc_microblaze_riscv_0_0_stub.v:6]
WARNING: [Synth 8-7071] port 'Interrupt_Ack' of module 'design_mysoc_microblaze_riscv_0_0' is unconnected for instance 'microblaze_riscv_0' [d:/Vivado-projects/Basys3/sbml/microblazev_tutorial/microblazev_tutorial.gen/sources_1/bd/design_mysoc/synth/design_mysoc.v:240]
WARNING: [Synth 8-7071] port 'Dbg_Trig_In' of module 'design_mysoc_microblaze_riscv_0_0' is unconnected for instance 'microblaze_riscv_0' [d:/Vivado-projects/Basys3/sbml/microblazev_tutorial/microblazev_tutorial.gen/sources_1/bd/design_mysoc/synth/design_mysoc.v:240]
WARNING: [Synth 8-7071] port 'Dbg_Trig_Ack_Out' of module 'design_mysoc_microblaze_riscv_0_0' is unconnected for instance 'microblaze_riscv_0' [d:/Vivado-projects/Basys3/sbml/microblazev_tutorial/microblazev_tutorial.gen/sources_1/bd/design_mysoc/synth/design_mysoc.v:240]
WARNING: [Synth 8-7023] instance 'microblaze_riscv_0' of module 'design_mysoc_microblaze_riscv_0_0' has 56 connections declared, but only 53 given [d:/Vivado-projects/Basys3/sbml/microblazev_tutorial/microblazev_tutorial.gen/sources_1/bd/design_mysoc/synth/design_mysoc.v:240]
INFO: [Synth 8-6157] synthesizing module 'microblaze_riscv_0_local_memory_imp_IZ5E01' [d:/Vivado-projects/Basys3/sbml/microblazev_tutorial/microblazev_tutorial.gen/sources_1/bd/design_mysoc/synth/design_mysoc.v:327]
INFO: [Synth 8-6157] synthesizing module 'design_mysoc_dlmb_bram_if_cntlr_0' [D:/Vivado-projects/Basys3/sbml/microblazev_tutorial/microblazev_tutorial.runs/synth_1/.Xil/Vivado-21368-DESKTOP-HTVV1N1/realtime/design_mysoc_dlmb_bram_if_cntlr_0_stub.v:6]
INFO: [Synth 8-6155] done synthesizing module 'design_mysoc_dlmb_bram_if_cntlr_0' (0#1) [D:/Vivado-projects/Basys3/sbml/microblazev_tutorial/microblazev_tutorial.runs/synth_1/.Xil/Vivado-21368-DESKTOP-HTVV1N1/realtime/design_mysoc_dlmb_bram_if_cntlr_0_stub.v:6]
INFO: [Synth 8-6157] synthesizing module 'design_mysoc_dlmb_v10_0' [D:/Vivado-projects/Basys3/sbml/microblazev_tutorial/microblazev_tutorial.runs/synth_1/.Xil/Vivado-21368-DESKTOP-HTVV1N1/realtime/design_mysoc_dlmb_v10_0_stub.v:6]
INFO: [Synth 8-6155] done synthesizing module 'design_mysoc_dlmb_v10_0' (0#1) [D:/Vivado-projects/Basys3/sbml/microblazev_tutorial/microblazev_tutorial.runs/synth_1/.Xil/Vivado-21368-DESKTOP-HTVV1N1/realtime/design_mysoc_dlmb_v10_0_stub.v:6]
WARNING: [Synth 8-7071] port 'LMB_Rst' of module 'design_mysoc_dlmb_v10_0' is unconnected for instance 'dlmb_v10' [d:/Vivado-projects/Basys3/sbml/microblazev_tutorial/microblazev_tutorial.gen/sources_1/bd/design_mysoc/synth/design_mysoc.v:452]
WARNING: [Synth 8-7023] instance 'dlmb_v10' of module 'design_mysoc_dlmb_v10_0' has 25 connections declared, but only 24 given [d:/Vivado-projects/Basys3/sbml/microblazev_tutorial/microblazev_tutorial.gen/sources_1/bd/design_mysoc/synth/design_mysoc.v:452]
INFO: [Synth 8-6157] synthesizing module 'design_mysoc_ilmb_bram_if_cntlr_0' [D:/Vivado-projects/Basys3/sbml/microblazev_tutorial/microblazev_tutorial.runs/synth_1/.Xil/Vivado-21368-DESKTOP-HTVV1N1/realtime/design_mysoc_ilmb_bram_if_cntlr_0_stub.v:6]
INFO: [Synth 8-6155] done synthesizing module 'design_mysoc_ilmb_bram_if_cntlr_0' (0#1) [D:/Vivado-projects/Basys3/sbml/microblazev_tutorial/microblazev_tutorial.runs/synth_1/.Xil/Vivado-21368-DESKTOP-HTVV1N1/realtime/design_mysoc_ilmb_bram_if_cntlr_0_stub.v:6]
INFO: [Synth 8-6157] synthesizing module 'design_mysoc_ilmb_v10_0' [D:/Vivado-projects/Basys3/sbml/microblazev_tutorial/microblazev_tutorial.runs/synth_1/.Xil/Vivado-21368-DESKTOP-HTVV1N1/realtime/design_mysoc_ilmb_v10_0_stub.v:6]
INFO: [Synth 8-6155] done synthesizing module 'design_mysoc_ilmb_v10_0' (0#1) [D:/Vivado-projects/Basys3/sbml/microblazev_tutorial/microblazev_tutorial.runs/synth_1/.Xil/Vivado-21368-DESKTOP-HTVV1N1/realtime/design_mysoc_ilmb_v10_0_stub.v:6]
WARNING: [Synth 8-7071] port 'LMB_Rst' of module 'design_mysoc_ilmb_v10_0' is unconnected for instance 'ilmb_v10' [d:/Vivado-projects/Basys3/sbml/microblazev_tutorial/microblazev_tutorial.gen/sources_1/bd/design_mysoc/synth/design_mysoc.v:498]
WARNING: [Synth 8-7023] instance 'ilmb_v10' of module 'design_mysoc_ilmb_v10_0' has 25 connections declared, but only 24 given [d:/Vivado-projects/Basys3/sbml/microblazev_tutorial/microblazev_tutorial.gen/sources_1/bd/design_mysoc/synth/design_mysoc.v:498]
INFO: [Synth 8-6157] synthesizing module 'design_mysoc_lmb_bram_0' [D:/Vivado-projects/Basys3/sbml/microblazev_tutorial/microblazev_tutorial.runs/synth_1/.Xil/Vivado-21368-DESKTOP-HTVV1N1/realtime/design_mysoc_lmb_bram_0_stub.v:6]
INFO: [Synth 8-6155] done synthesizing module 'design_mysoc_lmb_bram_0' (0#1) [D:/Vivado-projects/Basys3/sbml/microblazev_tutorial/microblazev_tutorial.runs/synth_1/.Xil/Vivado-21368-DESKTOP-HTVV1N1/realtime/design_mysoc_lmb_bram_0_stub.v:6]
WARNING: [Synth 8-7071] port 'rsta_busy' of module 'design_mysoc_lmb_bram_0' is unconnected for instance 'lmb_bram' [d:/Vivado-projects/Basys3/sbml/microblazev_tutorial/microblazev_tutorial.gen/sources_1/bd/design_mysoc/synth/design_mysoc.v:523]
WARNING: [Synth 8-7071] port 'rstb_busy' of module 'design_mysoc_lmb_bram_0' is unconnected for instance 'lmb_bram' [d:/Vivado-projects/Basys3/sbml/microblazev_tutorial/microblazev_tutorial.gen/sources_1/bd/design_mysoc/synth/design_mysoc.v:523]
WARNING: [Synth 8-7023] instance 'lmb_bram' of module 'design_mysoc_lmb_bram_0' has 16 connections declared, but only 14 given [d:/Vivado-projects/Basys3/sbml/microblazev_tutorial/microblazev_tutorial.gen/sources_1/bd/design_mysoc/synth/design_mysoc.v:523]
INFO: [Synth 8-6155] done synthesizing module 'microblaze_riscv_0_local_memory_imp_IZ5E01' (0#1) [d:/Vivado-projects/Basys3/sbml/microblazev_tutorial/microblazev_tutorial.gen/sources_1/bd/design_mysoc/synth/design_mysoc.v:327]
INFO: [Synth 8-6157] synthesizing module 'design_mysoc_rst_clk_wiz_0_100M_0' [D:/Vivado-projects/Basys3/sbml/microblazev_tutorial/microblazev_tutorial.runs/synth_1/.Xil/Vivado-21368-DESKTOP-HTVV1N1/realtime/design_mysoc_rst_clk_wiz_0_100M_0_stub.v:6]
INFO: [Synth 8-6155] done synthesizing module 'design_mysoc_rst_clk_wiz_0_100M_0' (0#1) [D:/Vivado-projects/Basys3/sbml/microblazev_tutorial/microblazev_tutorial.runs/synth_1/.Xil/Vivado-21368-DESKTOP-HTVV1N1/realtime/design_mysoc_rst_clk_wiz_0_100M_0_stub.v:6]
WARNING: [Synth 8-7071] port 'peripheral_reset' of module 'design_mysoc_rst_clk_wiz_0_100M_0' is unconnected for instance 'rst_clk_wiz_0_100M' [d:/Vivado-projects/Basys3/sbml/microblazev_tutorial/microblazev_tutorial.gen/sources_1/bd/design_mysoc/synth/design_mysoc.v:316]
WARNING: [Synth 8-7071] port 'interconnect_aresetn' of module 'design_mysoc_rst_clk_wiz_0_100M_0' is unconnected for instance 'rst_clk_wiz_0_100M' [d:/Vivado-projects/Basys3/sbml/microblazev_tutorial/microblazev_tutorial.gen/sources_1/bd/design_mysoc/synth/design_mysoc.v:316]
WARNING: [Synth 8-7023] instance 'rst_clk_wiz_0_100M' of module 'design_mysoc_rst_clk_wiz_0_100M_0' has 10 connections declared, but only 8 given [d:/Vivado-projects/Basys3/sbml/microblazev_tutorial/microblazev_tutorial.gen/sources_1/bd/design_mysoc/synth/design_mysoc.v:316]
INFO: [Synth 8-6155] done synthesizing module 'design_mysoc' (0#1) [d:/Vivado-projects/Basys3/sbml/microblazev_tutorial/microblazev_tutorial.gen/sources_1/bd/design_mysoc/synth/design_mysoc.v:13]
INFO: [Synth 8-6155] done synthesizing module 'design_mysoc_wrapper' (0#1) [d:/Vivado-projects/Basys3/sbml/microblazev_tutorial/microblazev_tutorial.gen/sources_1/bd/design_mysoc/hdl/design_mysoc_wrapper.v:13]
---------------------------------------------------------------------------------
Finished RTL Elaboration : Time (s): cpu = 00:00:20 ; elapsed = 00:00:20 . Memory (MB): peak = 1554.812 ; gain = 668.758
---------------------------------------------------------------------------------
---------------------------------------------------------------------------------
Start Handling Custom Attributes
---------------------------------------------------------------------------------
---------------------------------------------------------------------------------
Finished Handling Custom Attributes : Time (s): cpu = 00:00:20 ; elapsed = 00:00:20 . Memory (MB): peak = 1554.812 ; gain = 668.758
---------------------------------------------------------------------------------
---------------------------------------------------------------------------------
Finished RTL Optimization Phase 1 : Time (s): cpu = 00:00:20 ; elapsed = 00:00:20 . Memory (MB): peak = 1554.812 ; gain = 668.758
---------------------------------------------------------------------------------
Netlist sorting complete. Time (s): cpu = 00:00:00 ; elapsed = 00:00:00.034 . Memory (MB): peak = 1554.812 ; gain = 0.000
INFO: [Project 1-570] Preparing netlist for logic optimization

Processing XDC Constraints
Initializing timing engine
Parsing XDC File [d:/Vivado-projects/Basys3/sbml/microblazev_tutorial/microblazev_tutorial.gen/sources_1/bd/design_mysoc/ip/design_mysoc_clk_wiz_0_0/design_mysoc_clk_wiz_0_0/design_mysoc_clk_wiz_0_0_in_context.xdc] for cell 'design_mysoc_i/clk_wiz_0'
Finished Parsing XDC File [d:/Vivado-projects/Basys3/sbml/microblazev_tutorial/microblazev_tutorial.gen/sources_1/bd/design_mysoc/ip/design_mysoc_clk_wiz_0_0/design_mysoc_clk_wiz_0_0/design_mysoc_clk_wiz_0_0_in_context.xdc] for cell 'design_mysoc_i/clk_wiz_0'
Parsing XDC File [d:/Vivado-projects/Basys3/sbml/microblazev_tutorial/microblazev_tutorial.gen/sources_1/bd/design_mysoc/ip/design_mysoc_microblaze_riscv_0_0/design_mysoc_microblaze_riscv_0_0/design_mysoc_microblaze_riscv_0_0_in_context.xdc] for cell 'design_mysoc_i/microblaze_riscv_0'
Finished Parsing XDC File [d:/Vivado-projects/Basys3/sbml/microblazev_tutorial/microblazev_tutorial.gen/sources_1/bd/design_mysoc/ip/design_mysoc_microblaze_riscv_0_0/design_mysoc_microblaze_riscv_0_0/design_mysoc_microblaze_riscv_0_0_in_context.xdc] for cell 'design_mysoc_i/microblaze_riscv_0'
Parsing XDC File [d:/Vivado-projects/Basys3/sbml/microblazev_tutorial/microblazev_tutorial.gen/sources_1/bd/design_mysoc/ip/design_mysoc_dlmb_v10_0/design_mysoc_dlmb_v10_0/design_mysoc_dlmb_v10_0_in_context.xdc] for cell 'design_mysoc_i/microblaze_riscv_0_local_memory/dlmb_v10'
Finished Parsing XDC File [d:/Vivado-projects/Basys3/sbml/microblazev_tutorial/microblazev_tutorial.gen/sources_1/bd/design_mysoc/ip/design_mysoc_dlmb_v10_0/design_mysoc_dlmb_v10_0/design_mysoc_dlmb_v10_0_in_context.xdc] for cell 'design_mysoc_i/microblaze_riscv_0_local_memory/dlmb_v10'
Parsing XDC File [d:/Vivado-projects/Basys3/sbml/microblazev_tutorial/microblazev_tutorial.gen/sources_1/bd/design_mysoc/ip/design_mysoc_ilmb_v10_0/design_mysoc_ilmb_v10_0/design_mysoc_dlmb_v10_0_in_context.xdc] for cell 'design_mysoc_i/microblaze_riscv_0_local_memory/ilmb_v10'
Finished Parsing XDC File [d:/Vivado-projects/Basys3/sbml/microblazev_tutorial/microblazev_tutorial.gen/sources_1/bd/design_mysoc/ip/design_mysoc_ilmb_v10_0/design_mysoc_ilmb_v10_0/design_mysoc_dlmb_v10_0_in_context.xdc] for cell 'design_mysoc_i/microblaze_riscv_0_local_memory/ilmb_v10'
Parsing XDC File [d:/Vivado-projects/Basys3/sbml/microblazev_tutorial/microblazev_tutorial.gen/sources_1/bd/design_mysoc/ip/design_mysoc_dlmb_bram_if_cntlr_0/design_mysoc_dlmb_bram_if_cntlr_0/design_mysoc_dlmb_bram_if_cntlr_0_in_context.xdc] for cell 'design_mysoc_i/microblaze_riscv_0_local_memory/dlmb_bram_if_cntlr'
Finished Parsing XDC File [d:/Vivado-projects/Basys3/sbml/microblazev_tutorial/microblazev_tutorial.gen/sources_1/bd/design_mysoc/ip/design_mysoc_dlmb_bram_if_cntlr_0/design_mysoc_dlmb_bram_if_cntlr_0/design_mysoc_dlmb_bram_if_cntlr_0_in_context.xdc] for cell 'design_mysoc_i/microblaze_riscv_0_local_memory/dlmb_bram_if_cntlr'
Parsing XDC File [d:/Vivado-projects/Basys3/sbml/microblazev_tutorial/microblazev_tutorial.gen/sources_1/bd/design_mysoc/ip/design_mysoc_ilmb_bram_if_cntlr_0/design_mysoc_ilmb_bram_if_cntlr_0/design_mysoc_ilmb_bram_if_cntlr_0_in_context.xdc] for cell 'design_mysoc_i/microblaze_riscv_0_local_memory/ilmb_bram_if_cntlr'
Finished Parsing XDC File [d:/Vivado-projects/Basys3/sbml/microblazev_tutorial/microblazev_tutorial.gen/sources_1/bd/design_mysoc/ip/design_mysoc_ilmb_bram_if_cntlr_0/design_mysoc_ilmb_bram_if_cntlr_0/design_mysoc_ilmb_bram_if_cntlr_0_in_context.xdc] for cell 'design_mysoc_i/microblaze_riscv_0_local_memory/ilmb_bram_if_cntlr'
Parsing XDC File [d:/Vivado-projects/Basys3/sbml/microblazev_tutorial/microblazev_tutorial.gen/sources_1/bd/design_mysoc/ip/design_mysoc_lmb_bram_0/design_mysoc_lmb_bram_0/design_mysoc_lmb_bram_0_in_context.xdc] for cell 'design_mysoc_i/microblaze_riscv_0_local_memory/lmb_bram'
Finished Parsing XDC File [d:/Vivado-projects/Basys3/sbml/microblazev_tutorial/microblazev_tutorial.gen/sources_1/bd/design_mysoc/ip/design_mysoc_lmb_bram_0/design_mysoc_lmb_bram_0/design_mysoc_lmb_bram_0_in_context.xdc] for cell 'design_mysoc_i/microblaze_riscv_0_local_memory/lmb_bram'
Parsing XDC File [d:/Vivado-projects/Basys3/sbml/microblazev_tutorial/microblazev_tutorial.gen/sources_1/bd/design_mysoc/ip/design_mysoc_mdm_1_0/design_mysoc_mdm_1_0/design_mysoc_mdm_1_0_in_context.xdc] for cell 'design_mysoc_i/mdm_1'
Finished Parsing XDC File [d:/Vivado-projects/Basys3/sbml/microblazev_tutorial/microblazev_tutorial.gen/sources_1/bd/design_mysoc/ip/design_mysoc_mdm_1_0/design_mysoc_mdm_1_0/design_mysoc_mdm_1_0_in_context.xdc] for cell 'design_mysoc_i/mdm_1'
Parsing XDC File [d:/Vivado-projects/Basys3/sbml/microblazev_tutorial/microblazev_tutorial.gen/sources_1/bd/design_mysoc/ip/design_mysoc_rst_clk_wiz_0_100M_0/design_mysoc_rst_clk_wiz_0_100M_0/design_mysoc_rst_clk_wiz_0_100M_0_in_context.xdc] for cell 'design_mysoc_i/rst_clk_wiz_0_100M'
Finished Parsing XDC File [d:/Vivado-projects/Basys3/sbml/microblazev_tutorial/microblazev_tutorial.gen/sources_1/bd/design_mysoc/ip/design_mysoc_rst_clk_wiz_0_100M_0/design_mysoc_rst_clk_wiz_0_100M_0/design_mysoc_rst_clk_wiz_0_100M_0_in_context.xdc] for cell 'design_mysoc_i/rst_clk_wiz_0_100M'
Parsing XDC File [d:/Vivado-projects/Basys3/sbml/microblazev_tutorial/microblazev_tutorial.gen/sources_1/bd/design_mysoc/ip/design_mysoc_axi_uartlite_0_0/design_mysoc_axi_uartlite_0_0/design_mysoc_axi_uartlite_0_0_in_context.xdc] for cell 'design_mysoc_i/axi_uartlite_0'
Finished Parsing XDC File [d:/Vivado-projects/Basys3/sbml/microblazev_tutorial/microblazev_tutorial.gen/sources_1/bd/design_mysoc/ip/design_mysoc_axi_uartlite_0_0/design_mysoc_axi_uartlite_0_0/design_mysoc_axi_uartlite_0_0_in_context.xdc] for cell 'design_mysoc_i/axi_uartlite_0'
Parsing XDC File [d:/Vivado-projects/Basys3/sbml/microblazev_tutorial/microblazev_tutorial.gen/sources_1/bd/design_mysoc/ip/design_mysoc_axi_smc_0/design_mysoc_axi_smc_0/design_mysoc_axi_smc_0_in_context.xdc] for cell 'design_mysoc_i/axi_smc'
Finished Parsing XDC File [d:/Vivado-projects/Basys3/sbml/microblazev_tutorial/microblazev_tutorial.gen/sources_1/bd/design_mysoc/ip/design_mysoc_axi_smc_0/design_mysoc_axi_smc_0/design_mysoc_axi_smc_0_in_context.xdc] for cell 'design_mysoc_i/axi_smc'
Parsing XDC File [d:/Vivado-projects/Basys3/sbml/microblazev_tutorial/microblazev_tutorial.gen/sources_1/bd/design_mysoc/ip/design_mysoc_axi_gpio_0_0/design_mysoc_axi_gpio_0_0/design_mysoc_axi_gpio_0_0_in_context.xdc] for cell 'design_mysoc_i/axi_gpio_0'
Finished Parsing XDC File [d:/Vivado-projects/Basys3/sbml/microblazev_tutorial/microblazev_tutorial.gen/sources_1/bd/design_mysoc/ip/design_mysoc_axi_gpio_0_0/design_mysoc_axi_gpio_0_0/design_mysoc_axi_gpio_0_0_in_context.xdc] for cell 'design_mysoc_i/axi_gpio_0'
Parsing XDC File [D:/Vivado-projects/Basys3/sbml/microblazev_tutorial/microblazev_tutorial.srcs/constrs_1/new/microblaze_soc.xdc]
WARNING: [Vivado 12-584] No ports matched 'sw[0]'. [D:/Vivado-projects/Basys3/sbml/microblazev_tutorial/microblazev_tutorial.srcs/constrs_1/new/microblaze_soc.xdc:14]
WARNING: [Vivado 12-584] No ports matched 'sw[1]'. [D:/Vivado-projects/Basys3/sbml/microblazev_tutorial/microblazev_tutorial.srcs/constrs_1/new/microblaze_soc.xdc:15]
WARNING: [Vivado 12-584] No ports matched 'sw[2]'. [D:/Vivado-projects/Basys3/sbml/microblazev_tutorial/microblazev_tutorial.srcs/constrs_1/new/microblaze_soc.xdc:16]
WARNING: [Vivado 12-584] No ports matched 'sw[3]'. [D:/Vivado-projects/Basys3/sbml/microblazev_tutorial/microblazev_tutorial.srcs/constrs_1/new/microblaze_soc.xdc:17]
WARNING: [Vivado 12-584] No ports matched 'sw[4]'. [D:/Vivado-projects/Basys3/sbml/microblazev_tutorial/microblazev_tutorial.srcs/constrs_1/new/microblaze_soc.xdc:18]
WARNING: [Vivado 12-584] No ports matched 'sw[5]'. [D:/Vivado-projects/Basys3/sbml/microblazev_tutorial/microblazev_tutorial.srcs/constrs_1/new/microblaze_soc.xdc:19]
WARNING: [Vivado 12-584] No ports matched 'sw[6]'. [D:/Vivado-projects/Basys3/sbml/microblazev_tutorial/microblazev_tutorial.srcs/constrs_1/new/microblaze_soc.xdc:20]
WARNING: [Vivado 12-584] No ports matched 'sw[7]'. [D:/Vivado-projects/Basys3/sbml/microblazev_tutorial/microblazev_tutorial.srcs/constrs_1/new/microblaze_soc.xdc:21]
WARNING: [Vivado 12-584] No ports matched 'sw[8]'. [D:/Vivado-projects/Basys3/sbml/microblazev_tutorial/microblazev_tutorial.srcs/constrs_1/new/microblaze_soc.xdc:22]
WARNING: [Vivado 12-584] No ports matched 'sw[9]'. [D:/Vivado-projects/Basys3/sbml/microblazev_tutorial/microblazev_tutorial.srcs/constrs_1/new/microblaze_soc.xdc:23]
WARNING: [Vivado 12-584] No ports matched 'sw[10]'. [D:/Vivado-projects/Basys3/sbml/microblazev_tutorial/microblazev_tutorial.srcs/constrs_1/new/microblaze_soc.xdc:24]
WARNING: [Vivado 12-584] No ports matched 'sw[11]'. [D:/Vivado-projects/Basys3/sbml/microblazev_tutorial/microblazev_tutorial.srcs/constrs_1/new/microblaze_soc.xdc:25]
WARNING: [Vivado 12-584] No ports matched 'sw[12]'. [D:/Vivado-projects/Basys3/sbml/microblazev_tutorial/microblazev_tutorial.srcs/constrs_1/new/microblaze_soc.xdc:26]
WARNING: [Vivado 12-584] No ports matched 'sw[13]'. [D:/Vivado-projects/Basys3/sbml/microblazev_tutorial/microblazev_tutorial.srcs/constrs_1/new/microblaze_soc.xdc:27]
WARNING: [Vivado 12-584] No ports matched 'sw[14]'. [D:/Vivado-projects/Basys3/sbml/microblazev_tutorial/microblazev_tutorial.srcs/constrs_1/new/microblaze_soc.xdc:28]
WARNING: [Vivado 12-584] No ports matched 'sw[15]'. [D:/Vivado-projects/Basys3/sbml/microblazev_tutorial/microblazev_tutorial.srcs/constrs_1/new/microblaze_soc.xdc:29]
WARNING: [Vivado 12-584] No ports matched 'led[0]'. [D:/Vivado-projects/Basys3/sbml/microblazev_tutorial/microblazev_tutorial.srcs/constrs_1/new/microblaze_soc.xdc:33]
WARNING: [Vivado 12-584] No ports matched 'led[1]'. [D:/Vivado-projects/Basys3/sbml/microblazev_tutorial/microblazev_tutorial.srcs/constrs_1/new/microblaze_soc.xdc:34]
WARNING: [Vivado 12-584] No ports matched 'led[2]'. [D:/Vivado-projects/Basys3/sbml/microblazev_tutorial/microblazev_tutorial.srcs/constrs_1/new/microblaze_soc.xdc:35]
WARNING: [Vivado 12-584] No ports matched 'led[3]'. [D:/Vivado-projects/Basys3/sbml/microblazev_tutorial/microblazev_tutorial.srcs/constrs_1/new/microblaze_soc.xdc:36]
WARNING: [Vivado 12-584] No ports matched 'led[4]'. [D:/Vivado-projects/Basys3/sbml/microblazev_tutorial/microblazev_tutorial.srcs/constrs_1/new/microblaze_soc.xdc:37]
WARNING: [Vivado 12-584] No ports matched 'led[5]'. [D:/Vivado-projects/Basys3/sbml/microblazev_tutorial/microblazev_tutorial.srcs/constrs_1/new/microblaze_soc.xdc:38]
WARNING: [Vivado 12-584] No ports matched 'led[6]'. [D:/Vivado-projects/Basys3/sbml/microblazev_tutorial/microblazev_tutorial.srcs/constrs_1/new/microblaze_soc.xdc:39]
WARNING: [Vivado 12-584] No ports matched 'led[7]'. [D:/Vivado-projects/Basys3/sbml/microblazev_tutorial/microblazev_tutorial.srcs/constrs_1/new/microblaze_soc.xdc:40]
WARNING: [Vivado 12-584] No ports matched 'led[8]'. [D:/Vivado-projects/Basys3/sbml/microblazev_tutorial/microblazev_tutorial.srcs/constrs_1/new/microblaze_soc.xdc:41]
WARNING: [Vivado 12-584] No ports matched 'led[9]'. [D:/Vivado-projects/Basys3/sbml/microblazev_tutorial/microblazev_tutorial.srcs/constrs_1/new/microblaze_soc.xdc:42]
WARNING: [Vivado 12-584] No ports matched 'led[10]'. [D:/Vivado-projects/Basys3/sbml/microblazev_tutorial/microblazev_tutorial.srcs/constrs_1/new/microblaze_soc.xdc:43]
WARNING: [Vivado 12-584] No ports matched 'led[11]'. [D:/Vivado-projects/Basys3/sbml/microblazev_tutorial/microblazev_tutorial.srcs/constrs_1/new/microblaze_soc.xdc:44]
WARNING: [Vivado 12-584] No ports matched 'led[12]'. [D:/Vivado-projects/Basys3/sbml/microblazev_tutorial/microblazev_tutorial.srcs/constrs_1/new/microblaze_soc.xdc:45]
WARNING: [Vivado 12-584] No ports matched 'led[13]'. [D:/Vivado-projects/Basys3/sbml/microblazev_tutorial/microblazev_tutorial.srcs/constrs_1/new/microblaze_soc.xdc:46]
WARNING: [Vivado 12-584] No ports matched 'led[14]'. [D:/Vivado-projects/Basys3/sbml/microblazev_tutorial/microblazev_tutorial.srcs/constrs_1/new/microblaze_soc.xdc:47]
WARNING: [Vivado 12-584] No ports matched 'led[15]'. [D:/Vivado-projects/Basys3/sbml/microblazev_tutorial/microblazev_tutorial.srcs/constrs_1/new/microblaze_soc.xdc:48]
Finished Parsing XDC File [D:/Vivado-projects/Basys3/sbml/microblazev_tutorial/microblazev_tutorial.srcs/constrs_1/new/microblaze_soc.xdc]
WARNING: [Project 1-498] One or more constraints failed evaluation while reading constraint file [D:/Vivado-projects/Basys3/sbml/microblazev_tutorial/microblazev_tutorial.srcs/constrs_1/new/microblaze_soc.xdc] and the design contains unresolved black boxes. These constraints will be read post-synthesis (as long as their source constraint file is marked as used_in_implementation) and should be applied correctly then. You should review the constraints listed in the file [.Xil/design_mysoc_wrapper_propImpl.xdc] and check the run log file to verify that these constraints were correctly applied.
INFO: [Project 1-236] Implementation specific constraints were found while reading constraint file [D:/Vivado-projects/Basys3/sbml/microblazev_tutorial/microblazev_tutorial.srcs/constrs_1/new/microblaze_soc.xdc]. These constraints will be ignored for synthesis but will be used in implementation. Impacted constraints are listed in the file [.Xil/design_mysoc_wrapper_propImpl.xdc].
Resolution: To avoid this warning, move constraints listed in [.Xil/design_mysoc_wrapper_propImpl.xdc] to another XDC file and exclude this new file from synthesis with the used_in_synthesis property (File Properties dialog in GUI) and re-run elaboration/synthesis.
Parsing XDC File [D:/Vivado-projects/Basys3/sbml/microblazev_tutorial/microblazev_tutorial.runs/synth_1/dont_touch.xdc]
Finished Parsing XDC File [D:/Vivado-projects/Basys3/sbml/microblazev_tutorial/microblazev_tutorial.runs/synth_1/dont_touch.xdc]
Completed Processing XDC Constraints

Netlist sorting complete. Time (s): cpu = 00:00:00 ; elapsed = 00:00:00 . Memory (MB): peak = 1554.812 ; gain = 0.000
INFO: [Project 1-111] Unisim Transformation Summary:
No Unisim elements were transformed.

Constraint Validation Runtime : Time (s): cpu = 00:00:00 ; elapsed = 00:00:00.020 . Memory (MB): peak = 1554.812 ; gain = 0.000
WARNING: [Timing 38-316] Clock period '20.000' specified during out-of-context synthesis of instance 'design_mysoc_i/microblaze_riscv_0_local_memory/lmb_bram' at clock pin 'clka' is different from the actual clock period '10.000', this can lead to different synthesis results.
INFO: [Designutils 20-5440] No compile time benefit to using incremental synthesis; A full resynthesis will be run
INFO: [Designutils 20-4379] Flow is switching to default flow due to incremental criteria not met. If you would like to alter this behaviour and have the flow terminate instead, please set the following parameter config_implementation {autoIncr.Synth.RejectBehavior Terminate}
---------------------------------------------------------------------------------
Finished Constraint Validation : Time (s): cpu = 00:00:38 ; elapsed = 00:00:39 . Memory (MB): peak = 1554.812 ; gain = 668.758
---------------------------------------------------------------------------------
---------------------------------------------------------------------------------
Start Loading Part and Timing Information
---------------------------------------------------------------------------------
Loading part: xc7a35tcpg236-1
---------------------------------------------------------------------------------
Finished Loading Part and Timing Information : Time (s): cpu = 00:00:38 ; elapsed = 00:00:39 . Memory (MB): peak = 1554.812 ; gain = 668.758
---------------------------------------------------------------------------------
---------------------------------------------------------------------------------
Start Applying 'set_property' XDC Constraints
---------------------------------------------------------------------------------
---------------------------------------------------------------------------------
Finished applying 'set_property' XDC Constraints : Time (s): cpu = 00:00:38 ; elapsed = 00:00:40 . Memory (MB): peak = 1554.812 ; gain = 668.758
---------------------------------------------------------------------------------
---------------------------------------------------------------------------------
Finished RTL Optimization Phase 2 : Time (s): cpu = 00:00:39 ; elapsed = 00:00:40 . Memory (MB): peak = 1554.812 ; gain = 668.758
---------------------------------------------------------------------------------
---------------------------------------------------------------------------------
Start RTL Component Statistics 
---------------------------------------------------------------------------------
Detailed RTL Component Info : 
---------------------------------------------------------------------------------
Finished RTL Component Statistics 
---------------------------------------------------------------------------------
---------------------------------------------------------------------------------
Start Part Resource Summary
---------------------------------------------------------------------------------
Part Resources:
DSPs: 90 (col length:60)
BRAMs: 100 (col length: RAMB18 60 RAMB36 30)
---------------------------------------------------------------------------------
Finished Part Resource Summary
---------------------------------------------------------------------------------
---------------------------------------------------------------------------------
Start Cross Boundary and Area Optimization
---------------------------------------------------------------------------------
---------------------------------------------------------------------------------
Finished Cross Boundary and Area Optimization : Time (s): cpu = 00:00:44 ; elapsed = 00:00:45 . Memory (MB): peak = 1558.090 ; gain = 672.035
---------------------------------------------------------------------------------
---------------------------------------------------------------------------------
Start Applying XDC Timing Constraints
---------------------------------------------------------------------------------
---------------------------------------------------------------------------------
Finished Applying XDC Timing Constraints : Time (s): cpu = 00:00:55 ; elapsed = 00:00:57 . Memory (MB): peak = 1727.426 ; gain = 841.371
---------------------------------------------------------------------------------
---------------------------------------------------------------------------------
Start Timing Optimization
---------------------------------------------------------------------------------
---------------------------------------------------------------------------------
Finished Timing Optimization : Time (s): cpu = 00:00:55 ; elapsed = 00:00:57 . Memory (MB): peak = 1727.840 ; gain = 841.785
---------------------------------------------------------------------------------
---------------------------------------------------------------------------------
Start Technology Mapping
---------------------------------------------------------------------------------
---------------------------------------------------------------------------------
Finished Technology Mapping : Time (s): cpu = 00:00:55 ; elapsed = 00:00:57 . Memory (MB): peak = 1738.332 ; gain = 852.277
---------------------------------------------------------------------------------
---------------------------------------------------------------------------------
Start IO Insertion
---------------------------------------------------------------------------------
---------------------------------------------------------------------------------
Start Flattening Before IO Insertion
---------------------------------------------------------------------------------
---------------------------------------------------------------------------------
Finished Flattening Before IO Insertion
---------------------------------------------------------------------------------
---------------------------------------------------------------------------------
Start Final Netlist Cleanup
---------------------------------------------------------------------------------
---------------------------------------------------------------------------------
Finished Final Netlist Cleanup
---------------------------------------------------------------------------------
---------------------------------------------------------------------------------
Finished IO Insertion : Time (s): cpu = 00:01:09 ; elapsed = 00:01:11 . Memory (MB): peak = 1987.406 ; gain = 1101.352
---------------------------------------------------------------------------------
---------------------------------------------------------------------------------
Start Renaming Generated Instances
---------------------------------------------------------------------------------
---------------------------------------------------------------------------------
Finished Renaming Generated Instances : Time (s): cpu = 00:01:09 ; elapsed = 00:01:11 . Memory (MB): peak = 1987.406 ; gain = 1101.352
---------------------------------------------------------------------------------
---------------------------------------------------------------------------------
Start Rebuilding User Hierarchy
---------------------------------------------------------------------------------
---------------------------------------------------------------------------------
Finished Rebuilding User Hierarchy : Time (s): cpu = 00:01:09 ; elapsed = 00:01:11 . Memory (MB): peak = 1987.406 ; gain = 1101.352
---------------------------------------------------------------------------------
---------------------------------------------------------------------------------
Start Renaming Generated Ports
---------------------------------------------------------------------------------
---------------------------------------------------------------------------------
Finished Renaming Generated Ports : Time (s): cpu = 00:01:09 ; elapsed = 00:01:11 . Memory (MB): peak = 1987.406 ; gain = 1101.352
---------------------------------------------------------------------------------
---------------------------------------------------------------------------------
Start Handling Custom Attributes
---------------------------------------------------------------------------------
---------------------------------------------------------------------------------
Finished Handling Custom Attributes : Time (s): cpu = 00:01:09 ; elapsed = 00:01:11 . Memory (MB): peak = 1987.406 ; gain = 1101.352
---------------------------------------------------------------------------------
---------------------------------------------------------------------------------
Start Renaming Generated Nets
---------------------------------------------------------------------------------
---------------------------------------------------------------------------------
Finished Renaming Generated Nets : Time (s): cpu = 00:01:09 ; elapsed = 00:01:11 . Memory (MB): peak = 1987.406 ; gain = 1101.352
---------------------------------------------------------------------------------
---------------------------------------------------------------------------------
Start Writing Synthesis Report
---------------------------------------------------------------------------------

Report BlackBoxes: 
+------+----------------------------------+----------+
|      |BlackBox name                     |Instances |
+------+----------------------------------+----------+
|1     |design_mysoc_axi_gpio_0_0         |         1|
|2     |design_mysoc_axi_smc_0            |         1|
|3     |design_mysoc_axi_uartlite_0_0     |         1|
|4     |design_mysoc_clk_wiz_0_0          |         1|
|5     |design_mysoc_mdm_1_0              |         1|
|6     |design_mysoc_microblaze_riscv_0_0 |         1|
|7     |design_mysoc_rst_clk_wiz_0_100M_0 |         1|
|8     |design_mysoc_dlmb_bram_if_cntlr_0 |         1|
|9     |design_mysoc_dlmb_v10_0           |         1|
|10    |design_mysoc_ilmb_bram_if_cntlr_0 |         1|
|11    |design_mysoc_ilmb_v10_0           |         1|
|12    |design_mysoc_lmb_bram_0           |         1|
+------+----------------------------------+----------+

Report Cell Usage: 
+------+--------------------------------+------+
|      |Cell                            |Count |
+------+--------------------------------+------+
|1     |design_mysoc_axi_gpio_0         |     1|
|2     |design_mysoc_axi_smc            |     1|
|3     |design_mysoc_axi_uartlite_0     |     1|
|4     |design_mysoc_clk_wiz_0          |     1|
|5     |design_mysoc_dlmb_bram_if_cntlr |     1|
|6     |design_mysoc_dlmb_v10           |     1|
|7     |design_mysoc_ilmb_bram_if_cntlr |     1|
|8     |design_mysoc_ilmb_v10           |     1|
|9     |design_mysoc_lmb_bram           |     1|
|10    |design_mysoc_mdm_1              |     1|
|11    |design_mysoc_microblaze_riscv_0 |     1|
|12    |design_mysoc_rst_clk_wiz_0_100M |     1|
|13    |IBUF                            |    18|
|14    |OBUF                            |    17|
+------+--------------------------------+------+
---------------------------------------------------------------------------------
Finished Writing Synthesis Report : Time (s): cpu = 00:01:09 ; elapsed = 00:01:11 . Memory (MB): peak = 1987.406 ; gain = 1101.352
---------------------------------------------------------------------------------
Synthesis finished with 0 errors, 0 critical warnings and 0 warnings.
Synthesis Optimization Runtime : Time (s): cpu = 00:00:46 ; elapsed = 00:01:07 . Memory (MB): peak = 1987.406 ; gain = 1101.352
Synthesis Optimization Complete : Time (s): cpu = 00:01:10 ; elapsed = 00:01:12 . Memory (MB): peak = 1987.406 ; gain = 1101.352
INFO: [Project 1-571] Translating synthesized netlist
Netlist sorting complete. Time (s): cpu = 00:00:00 ; elapsed = 00:00:00.048 . Memory (MB): peak = 1996.570 ; gain = 0.000
INFO: [Project 1-570] Preparing netlist for logic optimization
INFO: [Opt 31-138] Pushed 0 inverter(s) to 0 load pin(s).
Netlist sorting complete. Time (s): cpu = 00:00:00 ; elapsed = 00:00:00.001 . Memory (MB): peak = 2000.207 ; gain = 0.000
INFO: [Project 1-111] Unisim Transformation Summary:
No Unisim elements were transformed.

Synth Design complete | Checksum: 9c241998
INFO: [Common 17-83] Releasing license: Synthesis
52 Infos, 55 Warnings, 0 Critical Warnings and 0 Errors encountered.
synth_design completed successfully
synth_design: Time (s): cpu = 00:01:19 ; elapsed = 00:01:26 . Memory (MB): peak = 2000.207 ; gain = 1299.191
Write ShapeDB Complete: Time (s): cpu = 00:00:00 ; elapsed = 00:00:00.003 . Memory (MB): peak = 2000.207 ; gain = 0.000
INFO: [Common 17-1381] The checkpoint 'D:/Vivado-projects/Basys3/sbml/microblazev_tutorial/microblazev_tutorial.runs/synth_1/design_mysoc_wrapper.dcp' has been generated.
INFO: [Vivado 12-24828] Executing command : report_utilization -file design_mysoc_wrapper_utilization_synth.rpt -pb design_mysoc_wrapper_utilization_synth.pb
INFO: [Common 17-206] Exiting Vivado at Tue Feb 24 00:52:30 2026...
