Copyright 1986-2022 Xilinx, Inc. All Rights Reserved. Copyright 2022-2025 Advanced Micro Devices, Inc. All Rights Reserved.
---------------------------------------------------------------------------------------------------------------------------------------------
| Tool Version : Vivado v.2025.2 (win64) Build 6299465 Fri Nov 14 19:35:11 GMT 2025
| Date         : Tue Feb 24 00:08:54 2026
| Host         : DESKTOP-HTVV1N1 running 64-bit major release  (build 9200)
| Command      : report_control_sets -verbose -file design_mysoc_wrapper_control_sets_placed.rpt
| Design       : design_mysoc_wrapper
| Device       : xc7a35t
---------------------------------------------------------------------------------------------------------------------------------------------

Control Set Information

Table of Contents
-----------------
1. Summary
2. Histogram
3. Flip-Flop Distribution
4. Detailed Control Set Information

1. Summary
----------

+----------------------------------------------------------+-------+
|                          Status                          | Count |
+----------------------------------------------------------+-------+
| Total control sets                                       |    99 |
|    Minimum number of control sets                        |    99 |
|    Addition due to synthesis replication                 |     0 |
|    Addition due to physical synthesis replication        |     0 |
| Unused register locations in slices containing registers |   363 |
+----------------------------------------------------------+-------+
* Control sets can be merged at opt_design using control_set_merge or merge_equivalent_drivers
** Run report_qor_suggestions for automated merging and remapping suggestions


2. Histogram
------------

+--------------------+-------+
|       Fanout       | Count |
+--------------------+-------+
| Total control sets |    99 |
| >= 0 to < 4        |    35 |
| >= 4 to < 6        |     9 |
| >= 6 to < 8        |     5 |
| >= 8 to < 10       |     9 |
| >= 10 to < 12      |     2 |
| >= 12 to < 14      |     0 |
| >= 14 to < 16      |     1 |
| >= 16              |    38 |
+--------------------+-------+
* Control sets can be remapped at either synth_design or opt_design


3. Flip-Flop Distribution
-------------------------

+--------------+-----------------------+------------------------+-----------------+--------------+
| Clock Enable | Synchronous Set/Reset | Asynchronous Set/Reset | Total Registers | Total Slices |
+--------------+-----------------------+------------------------+-----------------+--------------+
| No           | No                    | No                     |             286 |          105 |
| No           | No                    | Yes                    |              33 |           14 |
| No           | Yes                   | No                     |             259 |           83 |
| Yes          | No                    | No                     |             316 |           79 |
| Yes          | No                    | Yes                    |               7 |            5 |
| Yes          | Yes                   | No                     |             880 |          320 |
+--------------+-----------------------+------------------------+-----------------+--------------+


4. Detailed Control Set Information
-----------------------------------

+------------------------------------------------------------------------------------------------------+-----------------------------------------------------------------------------------------------------------------------------------------------------------------------+---------------------------------------------------------------------------------------------------------------------------------------------------------------+------------------+----------------+--------------+
|                                             Clock Signal                                             |                                                                             Enable Signal                                                                             |                                                                        Set/Reset Signal                                                                       | Slice Load Count | Bel Load Count | Bels / Slice |
+------------------------------------------------------------------------------------------------------+-----------------------------------------------------------------------------------------------------------------------------------------------------------------------+---------------------------------------------------------------------------------------------------------------------------------------------------------------+------------------+----------------+--------------+
|  design_mysoc_i/clk_wiz_0/inst/clk_out1                                                              |                                                                                                                                                                       | design_mysoc_i/axi_smc/inst/s00_nodes/s00_ar_node/inst/s_sc_areset_pipe                                                                                       |                1 |              1 |         1.00 |
|  design_mysoc_i/mdm_1/U0/MDM_Core_I1/JTAG_CONTROL_I/Test_Access_Port.BUFG_UPDATE/Using_FPGA.Native_0 | design_mysoc_i/microblaze_riscv_0/U0/riscv_core_I/Base.Core/Use_Debug_Logic.Master_Core.Debug_Perf/Serial_Dbg_Intf.single_step_TClk_i_1_n_0                           | design_mysoc_i/microblaze_riscv_0/U0/riscv_core_I/Base.Core/Use_Debug_Logic.Master_Core.Debug_Perf/normal_stop_cmd_i                                          |                1 |              1 |         1.00 |
|  design_mysoc_i/clk_wiz_0/inst/clk_out1                                                              | design_mysoc_i/microblaze_riscv_0/U0/riscv_core_I/Base.Core/Decode_I/status[TSR]0                                                                                     | design_mysoc_i/microblaze_riscv_0/U0/riscv_core_I/Base.Core/Decode_I/No_Short_Pipe_5.Using_FPGA.Gen_Bits[0].MEM_EX_Result_Inst/Use_Async_Reset.sync_reset_reg |                1 |              1 |         1.00 |
| ~design_mysoc_i/mdm_1/U0/Use_E2.BSCAN_I/tck_BUFG                                                     |                                                                                                                                                                       |                                                                                                                                                               |                1 |              1 |         1.00 |
|  design_mysoc_i/clk_wiz_0/inst/clk_out1                                                              | design_mysoc_i/microblaze_riscv_0/U0/riscv_core_I/Base.Core/Decode_I/jump_logic_I1/MUXCY_JUMP_CARRY4/lopt_3                                                           | design_mysoc_i/microblaze_riscv_0/U0/riscv_core_I/Base.Core/Decode_I/Use_MuxCy[5].OF_Piperun_Stage/MUXCY_I/ex_bt_hit_hold                                     |                1 |              1 |         1.00 |
|  design_mysoc_i/clk_wiz_0/inst/clk_out1                                                              | design_mysoc_i/microblaze_riscv_0/U0/riscv_core_I/Base.Core/Decode_I/Use_Trigger.tdata1_all[0][dmode]                                                                 | design_mysoc_i/microblaze_riscv_0/U0/riscv_core_I/sync_reset                                                                                                  |                1 |              1 |         1.00 |
|  design_mysoc_i/mdm_1/U0/MDM_Core_I1/JTAG_CONTROL_I/Test_Access_Port.BUFG_UPDATE/Using_FPGA.Native_0 | design_mysoc_i/microblaze_riscv_0/U0/riscv_core_I/Base.Core/Use_Debug_Logic.Master_Core.Debug_Perf/p_101_in                                                           | design_mysoc_i/microblaze_riscv_0/U0/riscv_core_I/Base.Core/Use_Debug_Logic.Master_Core.Debug_Perf/register_read_cmd                                          |                1 |              1 |         1.00 |
|  design_mysoc_i/clk_wiz_0/inst/clk_out1                                                              |                                                                                                                                                                       | design_mysoc_i/axi_smc/inst/s00_nodes/s00_aw_node/inst/s_sc_areset_pipe                                                                                       |                1 |              1 |         1.00 |
|  design_mysoc_i/clk_wiz_0/inst/clk_out1                                                              |                                                                                                                                                                       | design_mysoc_i/axi_smc/inst/s00_nodes/s00_b_node/inst/s_sc_areset_pipe                                                                                        |                1 |              1 |         1.00 |
|  design_mysoc_i/mdm_1/U0/MDM_Core_I1/JTAG_CONTROL_I/Test_Access_Port.BUFG_UPDATE/Using_FPGA.Native_0 | design_mysoc_i/microblaze_riscv_0/U0/riscv_core_I/Base.Core/Use_Debug_Logic.Master_Core.Debug_Perf/p_101_in                                                           | design_mysoc_i/microblaze_riscv_0/U0/riscv_core_I/Base.Core/Use_Debug_Logic.Master_Core.Debug_Perf/Serial_Dbg_Intf.register_write_cmd_reg_0                   |                1 |              1 |         1.00 |
|  design_mysoc_i/clk_wiz_0/inst/clk_out1                                                              |                                                                                                                                                                       | design_mysoc_i/axi_smc/inst/s00_nodes/s00_r_node/inst/s_sc_areset_pipe                                                                                        |                1 |              1 |         1.00 |
|  design_mysoc_i/clk_wiz_0/inst/clk_out1                                                              |                                                                                                                                                                       | design_mysoc_i/axi_smc/inst/s00_nodes/s00_w_node/inst/s_sc_areset_pipe                                                                                        |                1 |              1 |         1.00 |
|  design_mysoc_i/mdm_1/U0/MDM_Core_I1/JTAG_CONTROL_I/Test_Access_Port.BUFG_UPDATE/Using_FPGA.Native_0 | design_mysoc_i/microblaze_riscv_0/U0/riscv_core_I/Base.Core/Use_Debug_Logic.Master_Core.Debug_Perf/Serial_Dbg_Intf.single_step_TClk_i_1_n_0                           | design_mysoc_i/microblaze_riscv_0/U0/riscv_core_I/Base.Core/Use_Debug_Logic.Master_Core.Debug_Perf/start_single_step_reg_0                                    |                1 |              1 |         1.00 |
|  design_mysoc_i/mdm_1/U0/MDM_Core_I1/JTAG_CONTROL_I/Test_Access_Port.BUFG_UPDATE/Using_FPGA.Native_0 |                                                                                                                                                                       | design_mysoc_i/microblaze_riscv_0/U0/riscv_core_I/Base.Core/Use_Debug_Logic.Master_Core.Debug_Perf/continue_from_brk                                          |                1 |              1 |         1.00 |
|  design_mysoc_i/clk_wiz_0/inst/clk_out1                                                              | design_mysoc_i/microblaze_riscv_0/U0/riscv_core_I/Base.Core/Decode_I/jump_logic_I1/MUXCY_JUMP_CARRY4/lopt_3                                                           | design_mysoc_i/microblaze_riscv_0/U0/riscv_core_I/Base.Core/Decode_I/Use_MuxCy[3].OF_Piperun_Stage/MUXCY_I/lopt_4                                             |                1 |              1 |         1.00 |
|  design_mysoc_i/clk_wiz_0/inst/clk_out1                                                              |                                                                                                                                                                       | design_mysoc_i/microblaze_riscv_0/U0/riscv_core_I/Base.Core/Use_Debug_Logic.Master_Core.Debug_Perf/Serial_Dbg_Intf.capture_1                                  |                1 |              1 |         1.00 |
|  design_mysoc_i/mdm_1/U0/MDM_Core_I1/JTAG_CONTROL_I/Test_Access_Port.BUFG_UPDATE/Using_FPGA.Native_0 |                                                                                                                                                                       | design_mysoc_i/microblaze_riscv_0/U0/riscv_core_I/Base.Core/Use_Debug_Logic.Master_Core.Debug_Perf/Several_ProgBuf.postexec_done_reg_n_0                      |                1 |              1 |         1.00 |
|  design_mysoc_i/mdm_1/U0/MDM_Core_I1/JTAG_CONTROL_I/Test_Access_Port.BUFG_UPDATE/Using_FPGA.Native_0 |                                                                                                                                                                       | design_mysoc_i/microblaze_riscv_0/U0/riscv_core_I/Base.Core/Use_Debug_Logic.Master_Core.Debug_Perf/Functional_Reset24_out                                     |                1 |              1 |         1.00 |
|  design_mysoc_i/mdm_1/U0/Use_E2.BSCAN_I/tck_BUFG                                                     |                                                                                                                                                                       | design_mysoc_i/mdm_1/U0/Use_E2.BSCAN_I/Use_E2.BSCANE2_I_0                                                                                                     |                1 |              2 |         2.00 |
|  design_mysoc_i/clk_wiz_0/inst/clk_out1                                                              | design_mysoc_i/microblaze_riscv_0/U0/riscv_core_I/Base.Core/Decode_I/Use_Counters.mcountinhibit_reg[CY]0                                                              | design_mysoc_i/microblaze_riscv_0/U0/riscv_core_I/sync_reset                                                                                                  |                2 |              2 |         1.00 |
|  design_mysoc_i/clk_wiz_0/inst/clk_out1                                                              | design_mysoc_i/microblaze_riscv_0/U0/riscv_core_I/Base.Core/Decode_I/Use_Trigger.tdata1_all[0][dmode]1                                                                | design_mysoc_i/microblaze_riscv_0/U0/riscv_core_I/sync_reset                                                                                                  |                1 |              2 |         2.00 |
|  design_mysoc_i/clk_wiz_0/inst/clk_out1                                                              | design_mysoc_i/axi_smc/inst/s00_nodes/s00_ar_node/inst/inst_mi_handler/gen_normal_area.inst_fifo_node_payld/gen_reg_fifo.inst_reg_fifo/gen_single_rank.inst_cntr/E[0] |                                                                                                                                                               |                1 |              2 |         2.00 |
|  design_mysoc_i/clk_wiz_0/inst/clk_out1                                                              | design_mysoc_i/axi_smc/inst/s00_nodes/s00_aw_node/inst/inst_mi_handler/gen_normal_area.inst_fifo_node_payld/gen_reg_fifo.inst_reg_fifo/gen_single_rank.inst_cntr/E[0] |                                                                                                                                                               |                1 |              2 |         2.00 |
| ~design_mysoc_i/mdm_1/U0/Use_JTAG_BSCAN.BUFG_JTAG_TCK/Use_JTAG_BSCAN.tck_int                         |                                                                                                                                                                       |                                                                                                                                                               |                2 |              3 |         1.50 |
|  design_mysoc_i/clk_wiz_0/inst/clk_out1                                                              |                                                                                                                                                                       | design_mysoc_i/axi_smc/inst/s00_nodes/s00_r_node/inst/s_sc_xpm_cdc_async_rst_inst/reset_pol                                                                   |                1 |              3 |         3.00 |
|  design_mysoc_i/clk_wiz_0/inst/clk_out1                                                              |                                                                                                                                                                       | design_mysoc_i/axi_smc/inst/s00_entry_pipeline/s00_mmu/inst/xpm_cdc_async_rst_inst/reset_pol                                                                  |                1 |              3 |         3.00 |
|  design_mysoc_i/clk_wiz_0/inst/clk_out1                                                              |                                                                                                                                                                       | design_mysoc_i/axi_smc/inst/s00_entry_pipeline/s00_transaction_regulator/inst/xpm_cdc_async_rst_inst/reset_pol                                                |                1 |              3 |         3.00 |
|  design_mysoc_i/clk_wiz_0/inst/clk_out1                                                              |                                                                                                                                                                       | design_mysoc_i/axi_smc/inst/s00_nodes/s00_w_node/inst/s_sc_xpm_cdc_async_rst_inst/reset_pol                                                                   |                1 |              3 |         3.00 |
|  design_mysoc_i/clk_wiz_0/inst/clk_out1                                                              |                                                                                                                                                                       | design_mysoc_i/axi_smc/inst/s00_nodes/s00_b_node/inst/s_sc_xpm_cdc_async_rst_inst/reset_pol                                                                   |                1 |              3 |         3.00 |
|  design_mysoc_i/mdm_1/U0/MDM_Core_I1/JTAG_CONTROL_I/Test_Access_Port.BUFG_UPDATE/Using_FPGA.Native_0 | design_mysoc_i/microblaze_riscv_0/U0/riscv_core_I/Base.Core/Use_Debug_Logic.Master_Core.Debug_Perf/p_101_in                                                           | design_mysoc_i/microblaze_riscv_0/U0/riscv_core_I/Base.Core/Use_Debug_Logic.Master_Core.Debug_Perf/do_new_dbg_instr                                           |                1 |              3 |         3.00 |
|  design_mysoc_i/clk_wiz_0/inst/clk_out1                                                              |                                                                                                                                                                       | design_mysoc_i/axi_smc/inst/m00_exit_pipeline/m00_exit/inst/xpm_cdc_async_rst_inst/reset_pol                                                                  |                1 |              3 |         3.00 |
|  design_mysoc_i/clk_wiz_0/inst/clk_out1                                                              |                                                                                                                                                                       | design_mysoc_i/axi_smc/inst/s00_nodes/s00_ar_node/inst/s_sc_xpm_cdc_async_rst_inst/reset_pol                                                                  |                1 |              3 |         3.00 |
|  design_mysoc_i/clk_wiz_0/inst/clk_out1                                                              |                                                                                                                                                                       | design_mysoc_i/axi_smc/inst/s00_nodes/s00_aw_node/inst/s_sc_xpm_cdc_async_rst_inst/reset_pol                                                                  |                1 |              3 |         3.00 |
|  design_mysoc_i/clk_wiz_0/inst/clk_out1                                                              |                                                                                                                                                                       | design_mysoc_i/axi_smc/inst/s00_entry_pipeline/s00_si_converter/inst/xpm_cdc_async_rst_inst/reset_pol                                                         |                1 |              3 |         3.00 |
|  design_mysoc_i/clk_wiz_0/inst/clk_out1                                                              | design_mysoc_i/microblaze_riscv_0/U0/riscv_core_I/Base.Core/Decode_I/ex_Sel_CSR_i_reg[dcsr]_0[0]                                                                      | design_mysoc_i/microblaze_riscv_0/U0/riscv_core_I/sync_reset                                                                                                  |                1 |              3 |         3.00 |
|  design_mysoc_i/clk_wiz_0/inst/clk_out1                                                              | design_mysoc_i/axi_uartlite_0/U0/AXI_LITE_IPIF_I/I_SLAVE_ATTACHMENT/start2                                                                                            | design_mysoc_i/axi_uartlite_0/U0/AXI_LITE_IPIF_I/I_SLAVE_ATTACHMENT/I_DECODER/cs_ce_clr                                                                       |                1 |              4 |         4.00 |
|  design_mysoc_i/clk_wiz_0/inst/clk_out1                                                              |                                                                                                                                                                       | design_mysoc_i/axi_smc/inst/clk_map/psr_aclk/U0/EXT_LPF/lpf_int                                                                                               |                1 |              4 |         4.00 |
|  design_mysoc_i/clk_wiz_0/inst/clk_out1                                                              | design_mysoc_i/axi_uartlite_0/U0/UARTLITE_CORE_I/BAUD_RATE_I/en_16x_Baud                                                                                              |                                                                                                                                                               |                2 |              4 |         2.00 |
|  design_mysoc_i/clk_wiz_0/inst/clk_out1                                                              | design_mysoc_i/microblaze_riscv_0/U0/riscv_core_I/Base.Core/Use_Debug_Logic.Master_Core.Debug_Perf/FSM_onehot_Several_ProgBuf.state[3]_i_1_n_0                        | design_mysoc_i/microblaze_riscv_0/U0/riscv_core_I/sync_reset                                                                                                  |                1 |              4 |         4.00 |
|  design_mysoc_i/mdm_1/U0/Use_JTAG_BSCAN.BUFG_JTAG_TCK/Use_JTAG_BSCAN.tck_int                         | design_mysoc_i/mdm_1/U0/MDM_Core_I1/JTAG_CONTROL_I/Test_Access_Port.sel_dmi_i_1_n_0                                                                                   |                                                                                                                                                               |                2 |              5 |         2.50 |
|  design_mysoc_i/clk_wiz_0/inst/clk_out1                                                              |                                                                                                                                                                       | design_mysoc_i/rst_clk_wiz_0_100M/U0/EXT_LPF/lpf_int                                                                                                          |                2 |              5 |         2.50 |
|  design_mysoc_i/clk_wiz_0/inst/clk_out1                                                              | design_mysoc_i/microblaze_riscv_0/U0/riscv_core_I/Base.Core/Decode_I/No_Short_Pipe_5.Using_FPGA.Gen_Bits[0].MEM_EX_Result_Inst/ex_Sel_CSR_i_reg[mcause][0]            | design_mysoc_i/microblaze_riscv_0/U0/riscv_core_I/sync_reset                                                                                                  |                1 |              5 |         5.00 |
|  design_mysoc_i/mdm_1/U0/MDM_Core_I1/JTAG_CONTROL_I/Test_Access_Port.BUFG_UPDATE/Using_FPGA.Native_0 | design_mysoc_i/microblaze_riscv_0/U0/riscv_core_I/Base.Core/Use_Debug_Logic.Master_Core.Debug_Perf/p_110_in                                                           |                                                                                                                                                               |                1 |              5 |         5.00 |
|  design_mysoc_i/mdm_1/U0/Use_JTAG_BSCAN.BUFG_JTAG_TCK/Use_JTAG_BSCAN.tck_int                         | design_mysoc_i/mdm_1/U0/MDM_Core_I1/JTAG_CONTROL_I/Test_Access_Port.ir[4]_i_1_n_0                                                                                     |                                                                                                                                                               |                2 |              5 |         2.50 |
|  design_mysoc_i/clk_wiz_0/inst/clk_out1                                                              |                                                                                                                                                                       | design_mysoc_i/axi_uartlite_0/U0/UARTLITE_CORE_I/UARTLITE_RX_I/SRL_FIFO_I/RX_FIFO_Reset                                                                       |                2 |              6 |         3.00 |
|  design_mysoc_i/clk_wiz_0/inst/clk_out1                                                              | design_mysoc_i/rst_clk_wiz_0_100M/U0/SEQ/seq_cnt_en                                                                                                                   | design_mysoc_i/rst_clk_wiz_0_100M/U0/SEQ/SEQ_COUNTER/clear                                                                                                    |                1 |              6 |         6.00 |
|  design_mysoc_i/clk_wiz_0/inst/clk_out1                                                              | design_mysoc_i/axi_smc/inst/clk_map/psr_aclk/U0/SEQ/seq_cnt_en                                                                                                        | design_mysoc_i/axi_smc/inst/clk_map/psr_aclk/U0/SEQ/SEQ_COUNTER/clear                                                                                         |                1 |              6 |         6.00 |
|  design_mysoc_i/clk_wiz_0/inst/clk_out1                                                              |                                                                                                                                                                       | design_mysoc_i/axi_uartlite_0/U0/UARTLITE_CORE_I/UARTLITE_TX_I/SRL_FIFO_I/TX_FIFO_Reset                                                                       |                2 |              6 |         3.00 |
|  design_mysoc_i/clk_wiz_0/inst/clk_out1                                                              | design_mysoc_i/axi_uartlite_0/U0/UARTLITE_CORE_I/BAUD_RATE_I/en_16x_Baud                                                                                              | design_mysoc_i/axi_uartlite_0/U0/UARTLITE_CORE_I/UARTLITE_RX_I/SERIAL_TO_PARALLEL[8].fifo_din[8]_i_1_n_0                                                      |                1 |              7 |         7.00 |
|  design_mysoc_i/mdm_1/U0/Use_E2.BSCAN_I/tck_BUFG                                                     | design_mysoc_i/mdm_1/U0/Use_E2.BSCAN_I/E[0]                                                                                                                           |                                                                                                                                                               |                2 |              8 |         4.00 |
|  design_mysoc_i/mdm_1/U0/Use_E2.BSCAN_I/tck_BUFG                                                     | design_mysoc_i/mdm_1/U0/Use_E2.BSCAN_I/Use_JTAG_BSCAN.tap_cnt_ok_reg[0]                                                                                               | design_mysoc_i/mdm_1/U0/Use_E2.BSCAN_I/Use_JTAG_BSCAN.tms_ok                                                                                                  |                3 |              8 |         2.67 |
|  design_mysoc_i/clk_wiz_0/inst/clk_out1                                                              | design_mysoc_i/axi_smc/inst/s00_nodes/s00_r_node/inst/inst_mi_handler/gen_normal_area.inst_fifo_node_payld/gen_reg_fifo.inst_reg_fifo/m_sc_send[0]                    | design_mysoc_i/microblaze_riscv_0/U0/riscv_core_I/sync_reset                                                                                                  |                2 |              8 |         4.00 |
|  design_mysoc_i/clk_wiz_0/inst/clk_out1                                                              | design_mysoc_i/axi_smc/inst/s00_nodes/s00_w_node/inst/inst_mi_handler/gen_normal_area.inst_fifo_node_payld/gen_reg_fifo.inst_reg_fifo/gen_single_rank.inst_cntr/E[0]  |                                                                                                                                                               |                2 |              8 |         4.00 |
|  design_mysoc_i/clk_wiz_0/inst/clk_out1                                                              | design_mysoc_i/axi_uartlite_0/U0/AXI_LITE_IPIF_I/I_SLAVE_ATTACHMENT/I_DECODER/fifo_wr                                                                                 |                                                                                                                                                               |                1 |              8 |         8.00 |
|  design_mysoc_i/clk_wiz_0/inst/clk_out1                                                              |                                                                                                                                                                       | design_mysoc_i/microblaze_riscv_0/U0/riscv_core_I/Base.Core/Decode_I/dbg_stop_i                                                                               |                2 |              8 |         4.00 |
|  design_mysoc_i/clk_wiz_0/inst/clk_out1                                                              | design_mysoc_i/axi_uartlite_0/U0/UARTLITE_CORE_I/UARTLITE_RX_I/SRL_FIFO_I/fifo_wr                                                                                     |                                                                                                                                                               |                1 |              8 |         8.00 |
|  design_mysoc_i/clk_wiz_0/inst/clk_out1                                                              | design_mysoc_i/axi_uartlite_0/U0/AXI_LITE_IPIF_I/I_SLAVE_ATTACHMENT/s_axi_rresp_i[0]                                                                                  | design_mysoc_i/axi_uartlite_0/U0/AXI_LITE_IPIF_I/I_SLAVE_ATTACHMENT/rst                                                                                       |                3 |              9 |         3.00 |
|  design_mysoc_i/clk_wiz_0/inst/clk_out1                                                              | design_mysoc_i/axi_smc/inst/s00_nodes/s00_r_node/inst/inst_mi_handler/gen_normal_area.inst_fifo_node_payld/gen_reg_fifo.inst_reg_fifo/gen_single_rank.inst_cntr/E[0]  |                                                                                                                                                               |                3 |              9 |         3.00 |
|  design_mysoc_i/clk_wiz_0/inst/clk_out1                                                              |                                                                                                                                                                       | design_mysoc_i/axi_uartlite_0/U0/AXI_LITE_IPIF_I/I_SLAVE_ATTACHMENT/rst                                                                                       |                3 |             11 |         3.67 |
|  design_mysoc_i/mdm_1/U0/Use_E2.BSCAN_I/tck_BUFG                                                     |                                                                                                                                                                       |                                                                                                                                                               |                4 |             11 |         2.75 |
|  design_mysoc_i/mdm_1/U0/MDM_Core_I1/JTAG_CONTROL_I/Test_Access_Port.BUFG_DRCK/Using_FPGA.Native_0   | design_mysoc_i/mdm_1/U0/MDM_Core_I1/JTAG_CONTROL_I/dmistat15_out                                                                                                      |                                                                                                                                                               |                4 |             15 |         3.75 |
|  design_mysoc_i/clk_wiz_0/inst/clk_out1                                                              | design_mysoc_i/microblaze_riscv_0/U0/riscv_core_I/Base.Core/Decode_I/jump_logic_I1/MB_MUXCY_EX_Jump2/Using_FPGA.Native_I2_2[0]                                        | design_mysoc_i/microblaze_riscv_0/U0/riscv_core_I/sync_reset                                                                                                  |                7 |             16 |         2.29 |
|  design_mysoc_i/clk_wiz_0/inst/clk_out1                                                              | design_mysoc_i/microblaze_riscv_0/U0/riscv_core_I/Base.Core/Decode_I/Use_MuxCy[5].OF_Piperun_Stage/MUXCY_I/Using_FPGA.Native_1[0]                                     | design_mysoc_i/microblaze_riscv_0/U0/riscv_core_I/sync_reset                                                                                                  |                3 |             17 |         5.67 |
|  design_mysoc_i/clk_wiz_0/inst/clk_out1                                                              | design_mysoc_i/microblaze_riscv_0/U0/riscv_core_I/Base.Core/Decode_I/mem_PipeRun_carry_and/MUXCY_I/Using_FPGA.Native_1[0]                                             | design_mysoc_i/microblaze_riscv_0/U0/riscv_core_I/sync_reset                                                                                                  |                5 |             17 |         3.40 |
|  design_mysoc_i/clk_wiz_0/inst/clk_out1                                                              | design_mysoc_i/microblaze_riscv_0/U0/riscv_core_I/Base.Core/Decode_I/mem_wait_on_ready_N_carry_or/MUXCY_I/lopt_1                                                      | design_mysoc_i/microblaze_riscv_0/U0/riscv_core_I/sync_reset                                                                                                  |                9 |             17 |         1.89 |
|  design_mysoc_i/mdm_1/U0/Use_JTAG_BSCAN.BUFG_JTAG_TCK/Use_JTAG_BSCAN.tck_int                         |                                                                                                                                                                       |                                                                                                                                                               |                4 |             18 |         4.50 |
|  design_mysoc_i/clk_wiz_0/inst/clk_out1                                                              | design_mysoc_i/microblaze_riscv_0/U0/riscv_core_I/Base.Core/Decode_I/Use_MuxCy[11].OF_Piperun_Stage/MUXCY_I/lopt_1                                                    | design_mysoc_i/microblaze_riscv_0/U0/riscv_core_I/Base.Core/Decode_I/PreFetch_Buffer_I/INSTR_BUFFER_I1/SR[0]                                                  |                7 |             20 |         2.86 |
|  design_mysoc_i/mdm_1/U0/Use_E2.BSCAN_I/tck_BUFG                                                     |                                                                                                                                                                       | design_mysoc_i/mdm_1/U0/Use_E2.BSCAN_I/Use_JTAG_BSCAN.id_flag_reg                                                                                             |                3 |             21 |         7.00 |
|  design_mysoc_i/mdm_1/U0/MDM_Core_I1/JTAG_CONTROL_I/Test_Access_Port.BUFG_UPDATE/Using_FPGA.Native_0 |                                                                                                                                                                       |                                                                                                                                                               |               10 |             22 |         2.20 |
|  design_mysoc_i/clk_wiz_0/inst/clk_out1                                                              |                                                                                                                                                                       | design_mysoc_i/microblaze_riscv_0/U0/riscv_core_I/Base.Core/Decode_I/Use_MuxCy[12].OF_Piperun_Stage/MUXCY_I/ex_cmul_op_i[0]                                   |                6 |             25 |         4.17 |
|  design_mysoc_i/clk_wiz_0/inst/clk_out1                                                              | design_mysoc_i/axi_uartlite_0/U0/UARTLITE_CORE_I/BAUD_RATE_I/en_16x_Baud                                                                                              | design_mysoc_i/axi_uartlite_0/U0/UARTLITE_CORE_I/UARTLITE_RX_I/SR[0]                                                                                          |                6 |             28 |         4.67 |
|  design_mysoc_i/clk_wiz_0/inst/clk_out1                                                              | design_mysoc_i/microblaze_riscv_0/U0/riscv_core_I/Base.Core/Decode_I/No_Short_Pipe_5.Using_FPGA.Gen_Bits[0].MEM_EX_Result_Inst/ex_Sel_CSR_i_reg[mepc][0]              | design_mysoc_i/microblaze_riscv_0/U0/riscv_core_I/sync_reset                                                                                                  |               10 |             30 |         3.00 |
|  design_mysoc_i/clk_wiz_0/inst/clk_out1                                                              |                                                                                                                                                                       | design_mysoc_i/axi_uartlite_0/U0/UARTLITE_CORE_I/UARTLITE_RX_I/SR[0]                                                                                          |               12 |             30 |         2.50 |
|  design_mysoc_i/clk_wiz_0/inst/clk_out1                                                              | design_mysoc_i/microblaze_riscv_0/U0/riscv_core_I/Base.Core/Decode_I/ex_Sel_CSR_i_reg[mtvec]_0[0]                                                                     | design_mysoc_i/microblaze_riscv_0/U0/riscv_core_I/sync_reset                                                                                                  |                7 |             30 |         4.29 |
|  design_mysoc_i/clk_wiz_0/inst/clk_out1                                                              | design_mysoc_i/microblaze_riscv_0/U0/riscv_core_I/Base.Core/Decode_I/ex_Sel_CSR_i_reg[tdata2]_0[0]                                                                    | design_mysoc_i/microblaze_riscv_0/U0/riscv_core_I/sync_reset                                                                                                  |               10 |             32 |         3.20 |
|  design_mysoc_i/clk_wiz_0/inst/clk_out1                                                              | design_mysoc_i/microblaze_riscv_0/U0/riscv_core_I/Base.Core/Decode_I/ex_Sel_CSR_i_reg[minstreth]_1[0]                                                                 | design_mysoc_i/microblaze_riscv_0/U0/riscv_core_I/sync_reset                                                                                                  |               13 |             32 |         2.46 |
|  design_mysoc_i/clk_wiz_0/inst/clk_out1                                                              | design_mysoc_i/microblaze_riscv_0/U0/riscv_core_I/Base.Core/Decode_I/ex_Sel_CSR_i_reg[minstreth]_1[1]                                                                 | design_mysoc_i/microblaze_riscv_0/U0/riscv_core_I/sync_reset                                                                                                  |               13 |             32 |         2.46 |
|  design_mysoc_i/clk_wiz_0/inst/clk_out1                                                              | design_mysoc_i/microblaze_riscv_0/U0/riscv_core_I/Base.Core/Decode_I/ex_Sel_CSR_i_reg[mcycleh]_1[1]                                                                   | design_mysoc_i/microblaze_riscv_0/U0/riscv_core_I/sync_reset                                                                                                  |               15 |             32 |         2.13 |
|  design_mysoc_i/clk_wiz_0/inst/clk_out1                                                              | design_mysoc_i/microblaze_riscv_0/U0/riscv_core_I/Base.Core/Decode_I/ex_Sel_CSR_i_reg[mcycleh]_1[0]                                                                   | design_mysoc_i/microblaze_riscv_0/U0/riscv_core_I/sync_reset                                                                                                  |               13 |             32 |         2.46 |
|  design_mysoc_i/clk_wiz_0/inst/clk_out1                                                              | design_mysoc_i/microblaze_riscv_0/U0/riscv_core_I/Base.Core/Use_Debug_Logic.Master_Core.Debug_Perf/register_read_cmd                                                  | design_mysoc_i/microblaze_riscv_0/U0/riscv_core_I/sync_reset                                                                                                  |               16 |             32 |         2.00 |
|  design_mysoc_i/clk_wiz_0/inst/clk_out1                                                              | design_mysoc_i/microblaze_riscv_0/U0/riscv_core_I/Base.Core/Decode_I/E[0]                                                                                             | design_mysoc_i/microblaze_riscv_0/U0/riscv_core_I/sync_reset                                                                                                  |                8 |             32 |         4.00 |
|  design_mysoc_i/mdm_1/U0/MDM_Core_I1/JTAG_CONTROL_I/Test_Access_Port.BUFG_UPDATE/Using_FPGA.Native_0 | design_mysoc_i/microblaze_riscv_0/U0/riscv_core_I/Base.Core/Use_Debug_Logic.Master_Core.Debug_Perf/Serial_Dbg_Intf.Multiple_Progbufs.progbuf_regs[0][31]_i_1_n_0      |                                                                                                                                                               |                8 |             32 |         4.00 |
|  design_mysoc_i/mdm_1/U0/MDM_Core_I1/JTAG_CONTROL_I/Test_Access_Port.BUFG_UPDATE/Using_FPGA.Native_0 | design_mysoc_i/microblaze_riscv_0/U0/riscv_core_I/Base.Core/Use_Debug_Logic.Master_Core.Debug_Perf/data0_write_reg0                                                   |                                                                                                                                                               |                6 |             32 |         5.33 |
|  design_mysoc_i/clk_wiz_0/inst/clk_out1                                                              | design_mysoc_i/microblaze_riscv_0/U0/riscv_core_I/Base.Core/Decode_I/Use_MuxCy[11].OF_Piperun_Stage/MUXCY_I/lopt_4                                                    | design_mysoc_i/microblaze_riscv_0/U0/riscv_core_I/sync_reset                                                                                                  |                9 |             32 |         3.56 |
|  design_mysoc_i/clk_wiz_0/inst/clk_out1                                                              | design_mysoc_i/microblaze_riscv_0/U0/riscv_core_I/Base.Core/Decode_I/Use_MuxCy[3].OF_Piperun_Stage/MUXCY_I/lopt_4                                                     |                                                                                                                                                               |               10 |             32 |         3.20 |
|  design_mysoc_i/clk_wiz_0/inst/clk_out1                                                              | design_mysoc_i/microblaze_riscv_0/U0/riscv_core_I/Base.Core/Decode_I/No_Short_Pipe_5.Using_FPGA.Gen_Bits[0].MEM_EX_Result_Inst/ex_Sel_CSR_i_reg[mtval][0]             | design_mysoc_i/microblaze_riscv_0/U0/riscv_core_I/sync_reset                                                                                                  |               16 |             32 |         2.00 |
|  design_mysoc_i/clk_wiz_0/inst/clk_out1                                                              | design_mysoc_i/microblaze_riscv_0/U0/riscv_core_I/Base.Core/Decode_I/ex_Sel_CSR_i_reg[mscratch]_0[0]                                                                  | design_mysoc_i/microblaze_riscv_0/U0/riscv_core_I/sync_reset                                                                                                  |               10 |             32 |         3.20 |
|  design_mysoc_i/mdm_1/U0/MDM_Core_I1/JTAG_CONTROL_I/Test_Access_Port.BUFG_UPDATE/Using_FPGA.Native_0 | design_mysoc_i/microblaze_riscv_0/U0/riscv_core_I/Base.Core/Use_Debug_Logic.Master_Core.Debug_Perf/progbuf_regs[1]_0[0]                                               |                                                                                                                                                               |               10 |             32 |         3.20 |
|  design_mysoc_i/clk_wiz_0/inst/clk_out1                                                              | design_mysoc_i/microblaze_riscv_0/U0/riscv_core_I/Base.Core/Decode_I/mem_wait_on_ready_N_carry_or/MUXCY_I/lopt_1                                                      | design_mysoc_i/microblaze_riscv_0/U0/riscv_core_I/Base.Core/Data_Flow_Logic_I/WB_MEM_Result0                                                                  |                7 |             32 |         4.57 |
|  design_mysoc_i/mdm_1/U0/MDM_Core_I1/JTAG_CONTROL_I/Test_Access_Port.BUFG_DRCK/Using_FPGA.Native_0   | design_mysoc_i/mdm_1/U0/MDM_Core_I1/JTAG_CONTROL_I/dmcontrol_read_2[0]                                                                                                |                                                                                                                                                               |                6 |             40 |         6.67 |
|  design_mysoc_i/mdm_1/U0/MDM_Core_I1/JTAG_CONTROL_I/Test_Access_Port.BUFG_DRCK/Using_FPGA.Native_0   | design_mysoc_i/mdm_1/U0/MDM_Core_I1/JTAG_CONTROL_I/Test_Access_Port.capture_dtm_reg_0                                                                                 |                                                                                                                                                               |               11 |             43 |         3.91 |
|  design_mysoc_i/mdm_1/U0/MDM_Core_I1/JTAG_CONTROL_I/Test_Access_Port.BUFG_DRCK/Using_FPGA.Native_0   | design_mysoc_i/mdm_1/U0/MDM_Core_I1/JTAG_CONTROL_I/Test_Access_Port.idcode_3[0]                                                                                       |                                                                                                                                                               |                8 |             46 |         5.75 |
|  design_mysoc_i/clk_wiz_0/inst/clk_out1                                                              | design_mysoc_i/microblaze_riscv_0/U0/riscv_core_I/Base.Core/Use_Debug_Logic.Master_Core.Debug_Perf/s2b                                                                |                                                                                                                                                               |                6 |             48 |         8.00 |
|  design_mysoc_i/mdm_1/U0/MDM_Core_I1/JTAG_CONTROL_I/Test_Access_Port.BUFG_DRCK/Using_FPGA.Native_0   |                                                                                                                                                                       |                                                                                                                                                               |               19 |             59 |         3.11 |
|  design_mysoc_i/clk_wiz_0/inst/clk_out1                                                              | design_mysoc_i/microblaze_riscv_0/U0/riscv_core_I/Base.Core/Decode_I/Use_MuxCy[3].OF_Piperun_Stage/MUXCY_I/lopt_4                                                     | design_mysoc_i/microblaze_riscv_0/U0/riscv_core_I/sync_reset                                                                                                  |               35 |             92 |         2.63 |
|  design_mysoc_i/clk_wiz_0/inst/clk_out1                                                              | design_mysoc_i/microblaze_riscv_0/U0/riscv_core_I/Base.Core/Decode_I/Serial_Dbg_Intf.register_write_cmd_reg                                                           |                                                                                                                                                               |               16 |            128 |         8.00 |
|  design_mysoc_i/clk_wiz_0/inst/clk_out1                                                              |                                                                                                                                                                       | design_mysoc_i/microblaze_riscv_0/U0/riscv_core_I/sync_reset                                                                                                  |               45 |            138 |         3.07 |
|  design_mysoc_i/clk_wiz_0/inst/clk_out1                                                              |                                                                                                                                                                       |                                                                                                                                                               |               66 |            179 |         2.71 |
|  design_mysoc_i/clk_wiz_0/inst/clk_out1                                                              | design_mysoc_i/microblaze_riscv_0/U0/riscv_core_I/Base.Core/Decode_I/Use_MuxCy[11].OF_Piperun_Stage/MUXCY_I/lopt_1                                                    | design_mysoc_i/microblaze_riscv_0/U0/riscv_core_I/sync_reset                                                                                                  |               79 |            193 |         2.44 |
+------------------------------------------------------------------------------------------------------+-----------------------------------------------------------------------------------------------------------------------------------------------------------------------+---------------------------------------------------------------------------------------------------------------------------------------------------------------+------------------+----------------+--------------+


