
*** Running vivado
    with args -log design_mysoc_wrapper.vdi -applog -m64 -product Vivado -messageDb vivado.pb -mode batch -source design_mysoc_wrapper.tcl -notrace



****** Vivado v2025.2 (64-bit)
  **** SW Build 6299465 on Fri Nov 14 19:35:11 GMT 2025
  **** IP Build 6300035 on Fri Nov 14 10:48:45 MST 2025
  **** SharedData Build 6298862 on Thu Nov 13 04:50:51 MST 2025
  **** Start of session at: Tue Feb 24 01:38:33 2026
    ** Copyright 1986-2022 Xilinx, Inc. All Rights Reserved.
    ** Copyright 2022-2025 Advanced Micro Devices, Inc. All Rights Reserved.

source design_mysoc_wrapper.tcl -notrace
create_project: Time (s): cpu = 00:00:24 ; elapsed = 00:00:16 . Memory (MB): peak = 641.738 ; gain = 255.477
INFO: [IP_Flow 19-234] Refreshing IP repositories
INFO: [IP_Flow 19-1704] No user IP repositories specified
INFO: [IP_Flow 19-2313] Loaded Vivado IP repository 'D:/Vivado/2025.2/Vivado/data/ip'.
add_files: Time (s): cpu = 00:00:12 ; elapsed = 00:00:12 . Memory (MB): peak = 705.195 ; gain = 63.457
Command: link_design -top design_mysoc_wrapper -part xc7a35tcpg236-1
Design is defaulting to srcset: sources_1
Design is defaulting to constrset: constrs_1
INFO: [Device 21-403] Loading part xc7a35tcpg236-1
INFO: [Project 1-5699] Read binary netlist with skipMacroContent - 1
INFO: [Project 1-454] Reading design checkpoint 'd:/Vivado-projects/Basys3/sbml/microblazev_tutorial/microblazev_tutorial.gen/sources_1/bd/design_mysoc/ip/design_mysoc_axi_gpio_0_0/design_mysoc_axi_gpio_0_0.dcp' for cell 'design_mysoc_i/axi_gpio_0'
INFO: [Project 1-454] Reading design checkpoint 'd:/Vivado-projects/Basys3/sbml/microblazev_tutorial/microblazev_tutorial.gen/sources_1/bd/design_mysoc/ip/design_mysoc_axi_gpio_1_0/design_mysoc_axi_gpio_1_0.dcp' for cell 'design_mysoc_i/axi_gpio_1'
INFO: [Project 1-454] Reading design checkpoint 'd:/Vivado-projects/Basys3/sbml/microblazev_tutorial/microblazev_tutorial.gen/sources_1/bd/design_mysoc/ip/design_mysoc_axi_smc_0/design_mysoc_axi_smc_0.dcp' for cell 'design_mysoc_i/axi_smc'
INFO: [Project 1-454] Reading design checkpoint 'd:/Vivado-projects/Basys3/sbml/microblazev_tutorial/microblazev_tutorial.gen/sources_1/bd/design_mysoc/ip/design_mysoc_axi_uartlite_0_0/design_mysoc_axi_uartlite_0_0.dcp' for cell 'design_mysoc_i/axi_uartlite_0'
INFO: [Project 1-454] Reading design checkpoint 'd:/Vivado-projects/Basys3/sbml/microblazev_tutorial/microblazev_tutorial.gen/sources_1/bd/design_mysoc/ip/design_mysoc_clk_wiz_0_0/design_mysoc_clk_wiz_0_0.dcp' for cell 'design_mysoc_i/clk_wiz_0'
INFO: [Project 1-454] Reading design checkpoint 'd:/Vivado-projects/Basys3/sbml/microblazev_tutorial/microblazev_tutorial.gen/sources_1/bd/design_mysoc/ip/design_mysoc_mdm_1_0/design_mysoc_mdm_1_0.dcp' for cell 'design_mysoc_i/mdm_1'
INFO: [Project 1-454] Reading design checkpoint 'd:/Vivado-projects/Basys3/sbml/microblazev_tutorial/microblazev_tutorial.gen/sources_1/bd/design_mysoc/ip/design_mysoc_microblaze_riscv_0_0/design_mysoc_microblaze_riscv_0_0.dcp' for cell 'design_mysoc_i/microblaze_riscv_0'
INFO: [Project 1-454] Reading design checkpoint 'd:/Vivado-projects/Basys3/sbml/microblazev_tutorial/microblazev_tutorial.gen/sources_1/bd/design_mysoc/ip/design_mysoc_rst_clk_wiz_0_100M_0/design_mysoc_rst_clk_wiz_0_100M_0.dcp' for cell 'design_mysoc_i/rst_clk_wiz_0_100M'
INFO: [Project 1-454] Reading design checkpoint 'd:/Vivado-projects/Basys3/sbml/microblazev_tutorial/microblazev_tutorial.gen/sources_1/bd/design_mysoc/ip/design_mysoc_dlmb_bram_if_cntlr_0/design_mysoc_dlmb_bram_if_cntlr_0.dcp' for cell 'design_mysoc_i/microblaze_riscv_0_local_memory/dlmb_bram_if_cntlr'
INFO: [Project 1-454] Reading design checkpoint 'd:/Vivado-projects/Basys3/sbml/microblazev_tutorial/microblazev_tutorial.gen/sources_1/bd/design_mysoc/ip/design_mysoc_dlmb_v10_0/design_mysoc_dlmb_v10_0.dcp' for cell 'design_mysoc_i/microblaze_riscv_0_local_memory/dlmb_v10'
INFO: [Project 1-454] Reading design checkpoint 'd:/Vivado-projects/Basys3/sbml/microblazev_tutorial/microblazev_tutorial.gen/sources_1/bd/design_mysoc/ip/design_mysoc_ilmb_bram_if_cntlr_0/design_mysoc_ilmb_bram_if_cntlr_0.dcp' for cell 'design_mysoc_i/microblaze_riscv_0_local_memory/ilmb_bram_if_cntlr'
INFO: [Project 1-454] Reading design checkpoint 'd:/Vivado-projects/Basys3/sbml/microblazev_tutorial/microblazev_tutorial.gen/sources_1/bd/design_mysoc/ip/design_mysoc_ilmb_v10_0/design_mysoc_ilmb_v10_0.dcp' for cell 'design_mysoc_i/microblaze_riscv_0_local_memory/ilmb_v10'
INFO: [Project 1-454] Reading design checkpoint 'd:/Vivado-projects/Basys3/sbml/microblazev_tutorial/microblazev_tutorial.gen/sources_1/bd/design_mysoc/ip/design_mysoc_lmb_bram_0/design_mysoc_lmb_bram_0.dcp' for cell 'design_mysoc_i/microblaze_riscv_0_local_memory/lmb_bram'
Netlist sorting complete. Time (s): cpu = 00:00:01 ; elapsed = 00:00:00.998 . Memory (MB): peak = 965.766 ; gain = 0.000
INFO: [Netlist 29-17] Analyzing 193 Unisim elements for replacement
INFO: [Netlist 29-28] Unisim Transformation completed in 0 CPU seconds
INFO: [Project 1-479] Netlist was created with Vivado 2025.2
INFO: [Project 1-570] Preparing netlist for logic optimization
Parsing XDC File [d:/Vivado-projects/Basys3/sbml/microblazev_tutorial/microblazev_tutorial.gen/sources_1/bd/design_mysoc/ip/design_mysoc_clk_wiz_0_0/design_mysoc_clk_wiz_0_0_board.xdc] for cell 'design_mysoc_i/clk_wiz_0/inst'
Finished Parsing XDC File [d:/Vivado-projects/Basys3/sbml/microblazev_tutorial/microblazev_tutorial.gen/sources_1/bd/design_mysoc/ip/design_mysoc_clk_wiz_0_0/design_mysoc_clk_wiz_0_0_board.xdc] for cell 'design_mysoc_i/clk_wiz_0/inst'
Parsing XDC File [d:/Vivado-projects/Basys3/sbml/microblazev_tutorial/microblazev_tutorial.gen/sources_1/bd/design_mysoc/ip/design_mysoc_clk_wiz_0_0/design_mysoc_clk_wiz_0_0.xdc] for cell 'design_mysoc_i/clk_wiz_0/inst'
INFO: [Timing 38-35] Done setting XDC timing constraints. [d:/Vivado-projects/Basys3/sbml/microblazev_tutorial/microblazev_tutorial.gen/sources_1/bd/design_mysoc/ip/design_mysoc_clk_wiz_0_0/design_mysoc_clk_wiz_0_0.xdc:54]
INFO: [Timing 38-2] Deriving generated clocks [d:/Vivado-projects/Basys3/sbml/microblazev_tutorial/microblazev_tutorial.gen/sources_1/bd/design_mysoc/ip/design_mysoc_clk_wiz_0_0/design_mysoc_clk_wiz_0_0.xdc:54]
get_clocks: Time (s): cpu = 00:00:14 ; elapsed = 00:00:14 . Memory (MB): peak = 1672.059 ; gain = 578.395
Finished Parsing XDC File [d:/Vivado-projects/Basys3/sbml/microblazev_tutorial/microblazev_tutorial.gen/sources_1/bd/design_mysoc/ip/design_mysoc_clk_wiz_0_0/design_mysoc_clk_wiz_0_0.xdc] for cell 'design_mysoc_i/clk_wiz_0/inst'
Parsing XDC File [d:/Vivado-projects/Basys3/sbml/microblazev_tutorial/microblazev_tutorial.gen/sources_1/bd/design_mysoc/ip/design_mysoc_microblaze_riscv_0_0/design_mysoc_microblaze_riscv_0_0.xdc] for cell 'design_mysoc_i/microblaze_riscv_0/U0'
Finished Parsing XDC File [d:/Vivado-projects/Basys3/sbml/microblazev_tutorial/microblazev_tutorial.gen/sources_1/bd/design_mysoc/ip/design_mysoc_microblaze_riscv_0_0/design_mysoc_microblaze_riscv_0_0.xdc] for cell 'design_mysoc_i/microblaze_riscv_0/U0'
Parsing XDC File [d:/Vivado-projects/Basys3/sbml/microblazev_tutorial/microblazev_tutorial.gen/sources_1/bd/design_mysoc/ip/design_mysoc_rst_clk_wiz_0_100M_0/design_mysoc_rst_clk_wiz_0_100M_0_board.xdc] for cell 'design_mysoc_i/rst_clk_wiz_0_100M/U0'
Finished Parsing XDC File [d:/Vivado-projects/Basys3/sbml/microblazev_tutorial/microblazev_tutorial.gen/sources_1/bd/design_mysoc/ip/design_mysoc_rst_clk_wiz_0_100M_0/design_mysoc_rst_clk_wiz_0_100M_0_board.xdc] for cell 'design_mysoc_i/rst_clk_wiz_0_100M/U0'
Parsing XDC File [d:/Vivado-projects/Basys3/sbml/microblazev_tutorial/microblazev_tutorial.gen/sources_1/bd/design_mysoc/ip/design_mysoc_axi_uartlite_0_0/design_mysoc_axi_uartlite_0_0_board.xdc] for cell 'design_mysoc_i/axi_uartlite_0/U0'
Finished Parsing XDC File [d:/Vivado-projects/Basys3/sbml/microblazev_tutorial/microblazev_tutorial.gen/sources_1/bd/design_mysoc/ip/design_mysoc_axi_uartlite_0_0/design_mysoc_axi_uartlite_0_0_board.xdc] for cell 'design_mysoc_i/axi_uartlite_0/U0'
Parsing XDC File [d:/Vivado-projects/Basys3/sbml/microblazev_tutorial/microblazev_tutorial.gen/sources_1/bd/design_mysoc/ip/design_mysoc_axi_smc_0/bd_0/ip/ip_1/bd_8e74_psr_aclk_0_board.xdc] for cell 'design_mysoc_i/axi_smc/inst/clk_map/psr_aclk/U0'
Finished Parsing XDC File [d:/Vivado-projects/Basys3/sbml/microblazev_tutorial/microblazev_tutorial.gen/sources_1/bd/design_mysoc/ip/design_mysoc_axi_smc_0/bd_0/ip/ip_1/bd_8e74_psr_aclk_0_board.xdc] for cell 'design_mysoc_i/axi_smc/inst/clk_map/psr_aclk/U0'
Parsing XDC File [d:/Vivado-projects/Basys3/sbml/microblazev_tutorial/microblazev_tutorial.gen/sources_1/bd/design_mysoc/ip/design_mysoc_axi_smc_0/smartconnect.xdc] for cell 'design_mysoc_i/axi_smc/inst'
Finished Parsing XDC File [d:/Vivado-projects/Basys3/sbml/microblazev_tutorial/microblazev_tutorial.gen/sources_1/bd/design_mysoc/ip/design_mysoc_axi_smc_0/smartconnect.xdc] for cell 'design_mysoc_i/axi_smc/inst'
Parsing XDC File [d:/Vivado-projects/Basys3/sbml/microblazev_tutorial/microblazev_tutorial.gen/sources_1/bd/design_mysoc/ip/design_mysoc_axi_gpio_0_0/design_mysoc_axi_gpio_0_0_board.xdc] for cell 'design_mysoc_i/axi_gpio_0/U0'
Finished Parsing XDC File [d:/Vivado-projects/Basys3/sbml/microblazev_tutorial/microblazev_tutorial.gen/sources_1/bd/design_mysoc/ip/design_mysoc_axi_gpio_0_0/design_mysoc_axi_gpio_0_0_board.xdc] for cell 'design_mysoc_i/axi_gpio_0/U0'
Parsing XDC File [d:/Vivado-projects/Basys3/sbml/microblazev_tutorial/microblazev_tutorial.gen/sources_1/bd/design_mysoc/ip/design_mysoc_axi_gpio_1_0/design_mysoc_axi_gpio_1_0_board.xdc] for cell 'design_mysoc_i/axi_gpio_1/U0'
Finished Parsing XDC File [d:/Vivado-projects/Basys3/sbml/microblazev_tutorial/microblazev_tutorial.gen/sources_1/bd/design_mysoc/ip/design_mysoc_axi_gpio_1_0/design_mysoc_axi_gpio_1_0_board.xdc] for cell 'design_mysoc_i/axi_gpio_1/U0'
Parsing XDC File [D:/Vivado-projects/Basys3/sbml/microblazev_tutorial/microblazev_tutorial.srcs/constrs_1/new/microblaze_soc.xdc]
WARNING: [Vivado 12-584] No ports matched 'sw[0]'. [D:/Vivado-projects/Basys3/sbml/microblazev_tutorial/microblazev_tutorial.srcs/constrs_1/new/microblaze_soc.xdc:14]
CRITICAL WARNING: [Common 17-55] 'set_property' expects at least one object. [D:/Vivado-projects/Basys3/sbml/microblazev_tutorial/microblazev_tutorial.srcs/constrs_1/new/microblaze_soc.xdc:14]
Resolution: If [get_<value>] was used to populate the object, check to make sure this command returns at least one valid object.
WARNING: [Vivado 12-584] No ports matched 'sw[1]'. [D:/Vivado-projects/Basys3/sbml/microblazev_tutorial/microblazev_tutorial.srcs/constrs_1/new/microblaze_soc.xdc:15]
CRITICAL WARNING: [Common 17-55] 'set_property' expects at least one object. [D:/Vivado-projects/Basys3/sbml/microblazev_tutorial/microblazev_tutorial.srcs/constrs_1/new/microblaze_soc.xdc:15]
Resolution: If [get_<value>] was used to populate the object, check to make sure this command returns at least one valid object.
WARNING: [Vivado 12-584] No ports matched 'sw[2]'. [D:/Vivado-projects/Basys3/sbml/microblazev_tutorial/microblazev_tutorial.srcs/constrs_1/new/microblaze_soc.xdc:16]
CRITICAL WARNING: [Common 17-55] 'set_property' expects at least one object. [D:/Vivado-projects/Basys3/sbml/microblazev_tutorial/microblazev_tutorial.srcs/constrs_1/new/microblaze_soc.xdc:16]
Resolution: If [get_<value>] was used to populate the object, check to make sure this command returns at least one valid object.
WARNING: [Vivado 12-584] No ports matched 'sw[3]'. [D:/Vivado-projects/Basys3/sbml/microblazev_tutorial/microblazev_tutorial.srcs/constrs_1/new/microblaze_soc.xdc:17]
CRITICAL WARNING: [Common 17-55] 'set_property' expects at least one object. [D:/Vivado-projects/Basys3/sbml/microblazev_tutorial/microblazev_tutorial.srcs/constrs_1/new/microblaze_soc.xdc:17]
Resolution: If [get_<value>] was used to populate the object, check to make sure this command returns at least one valid object.
WARNING: [Vivado 12-584] No ports matched 'sw[4]'. [D:/Vivado-projects/Basys3/sbml/microblazev_tutorial/microblazev_tutorial.srcs/constrs_1/new/microblaze_soc.xdc:18]
CRITICAL WARNING: [Common 17-55] 'set_property' expects at least one object. [D:/Vivado-projects/Basys3/sbml/microblazev_tutorial/microblazev_tutorial.srcs/constrs_1/new/microblaze_soc.xdc:18]
Resolution: If [get_<value>] was used to populate the object, check to make sure this command returns at least one valid object.
WARNING: [Vivado 12-584] No ports matched 'sw[5]'. [D:/Vivado-projects/Basys3/sbml/microblazev_tutorial/microblazev_tutorial.srcs/constrs_1/new/microblaze_soc.xdc:19]
CRITICAL WARNING: [Common 17-55] 'set_property' expects at least one object. [D:/Vivado-projects/Basys3/sbml/microblazev_tutorial/microblazev_tutorial.srcs/constrs_1/new/microblaze_soc.xdc:19]
Resolution: If [get_<value>] was used to populate the object, check to make sure this command returns at least one valid object.
WARNING: [Vivado 12-584] No ports matched 'sw[6]'. [D:/Vivado-projects/Basys3/sbml/microblazev_tutorial/microblazev_tutorial.srcs/constrs_1/new/microblaze_soc.xdc:20]
CRITICAL WARNING: [Common 17-55] 'set_property' expects at least one object. [D:/Vivado-projects/Basys3/sbml/microblazev_tutorial/microblazev_tutorial.srcs/constrs_1/new/microblaze_soc.xdc:20]
Resolution: If [get_<value>] was used to populate the object, check to make sure this command returns at least one valid object.
WARNING: [Vivado 12-584] No ports matched 'sw[7]'. [D:/Vivado-projects/Basys3/sbml/microblazev_tutorial/microblazev_tutorial.srcs/constrs_1/new/microblaze_soc.xdc:21]
CRITICAL WARNING: [Common 17-55] 'set_property' expects at least one object. [D:/Vivado-projects/Basys3/sbml/microblazev_tutorial/microblazev_tutorial.srcs/constrs_1/new/microblaze_soc.xdc:21]
Resolution: If [get_<value>] was used to populate the object, check to make sure this command returns at least one valid object.
WARNING: [Vivado 12-584] No ports matched 'sw[8]'. [D:/Vivado-projects/Basys3/sbml/microblazev_tutorial/microblazev_tutorial.srcs/constrs_1/new/microblaze_soc.xdc:22]
CRITICAL WARNING: [Common 17-55] 'set_property' expects at least one object. [D:/Vivado-projects/Basys3/sbml/microblazev_tutorial/microblazev_tutorial.srcs/constrs_1/new/microblaze_soc.xdc:22]
Resolution: If [get_<value>] was used to populate the object, check to make sure this command returns at least one valid object.
WARNING: [Vivado 12-584] No ports matched 'sw[9]'. [D:/Vivado-projects/Basys3/sbml/microblazev_tutorial/microblazev_tutorial.srcs/constrs_1/new/microblaze_soc.xdc:23]
CRITICAL WARNING: [Common 17-55] 'set_property' expects at least one object. [D:/Vivado-projects/Basys3/sbml/microblazev_tutorial/microblazev_tutorial.srcs/constrs_1/new/microblaze_soc.xdc:23]
Resolution: If [get_<value>] was used to populate the object, check to make sure this command returns at least one valid object.
WARNING: [Vivado 12-584] No ports matched 'sw[10]'. [D:/Vivado-projects/Basys3/sbml/microblazev_tutorial/microblazev_tutorial.srcs/constrs_1/new/microblaze_soc.xdc:24]
CRITICAL WARNING: [Common 17-55] 'set_property' expects at least one object. [D:/Vivado-projects/Basys3/sbml/microblazev_tutorial/microblazev_tutorial.srcs/constrs_1/new/microblaze_soc.xdc:24]
Resolution: If [get_<value>] was used to populate the object, check to make sure this command returns at least one valid object.
WARNING: [Vivado 12-584] No ports matched 'sw[11]'. [D:/Vivado-projects/Basys3/sbml/microblazev_tutorial/microblazev_tutorial.srcs/constrs_1/new/microblaze_soc.xdc:25]
CRITICAL WARNING: [Common 17-55] 'set_property' expects at least one object. [D:/Vivado-projects/Basys3/sbml/microblazev_tutorial/microblazev_tutorial.srcs/constrs_1/new/microblaze_soc.xdc:25]
Resolution: If [get_<value>] was used to populate the object, check to make sure this command returns at least one valid object.
WARNING: [Vivado 12-584] No ports matched 'sw[12]'. [D:/Vivado-projects/Basys3/sbml/microblazev_tutorial/microblazev_tutorial.srcs/constrs_1/new/microblaze_soc.xdc:26]
CRITICAL WARNING: [Common 17-55] 'set_property' expects at least one object. [D:/Vivado-projects/Basys3/sbml/microblazev_tutorial/microblazev_tutorial.srcs/constrs_1/new/microblaze_soc.xdc:26]
Resolution: If [get_<value>] was used to populate the object, check to make sure this command returns at least one valid object.
WARNING: [Vivado 12-584] No ports matched 'sw[13]'. [D:/Vivado-projects/Basys3/sbml/microblazev_tutorial/microblazev_tutorial.srcs/constrs_1/new/microblaze_soc.xdc:27]
CRITICAL WARNING: [Common 17-55] 'set_property' expects at least one object. [D:/Vivado-projects/Basys3/sbml/microblazev_tutorial/microblazev_tutorial.srcs/constrs_1/new/microblaze_soc.xdc:27]
Resolution: If [get_<value>] was used to populate the object, check to make sure this command returns at least one valid object.
WARNING: [Vivado 12-584] No ports matched 'sw[14]'. [D:/Vivado-projects/Basys3/sbml/microblazev_tutorial/microblazev_tutorial.srcs/constrs_1/new/microblaze_soc.xdc:28]
CRITICAL WARNING: [Common 17-55] 'set_property' expects at least one object. [D:/Vivado-projects/Basys3/sbml/microblazev_tutorial/microblazev_tutorial.srcs/constrs_1/new/microblaze_soc.xdc:28]
Resolution: If [get_<value>] was used to populate the object, check to make sure this command returns at least one valid object.
WARNING: [Vivado 12-584] No ports matched 'sw[15]'. [D:/Vivado-projects/Basys3/sbml/microblazev_tutorial/microblazev_tutorial.srcs/constrs_1/new/microblaze_soc.xdc:29]
CRITICAL WARNING: [Common 17-55] 'set_property' expects at least one object. [D:/Vivado-projects/Basys3/sbml/microblazev_tutorial/microblazev_tutorial.srcs/constrs_1/new/microblaze_soc.xdc:29]
Resolution: If [get_<value>] was used to populate the object, check to make sure this command returns at least one valid object.
WARNING: [Vivado 12-584] No ports matched 'led[0]'. [D:/Vivado-projects/Basys3/sbml/microblazev_tutorial/microblazev_tutorial.srcs/constrs_1/new/microblaze_soc.xdc:33]
CRITICAL WARNING: [Common 17-55] 'set_property' expects at least one object. [D:/Vivado-projects/Basys3/sbml/microblazev_tutorial/microblazev_tutorial.srcs/constrs_1/new/microblaze_soc.xdc:33]
Resolution: If [get_<value>] was used to populate the object, check to make sure this command returns at least one valid object.
WARNING: [Vivado 12-584] No ports matched 'led[1]'. [D:/Vivado-projects/Basys3/sbml/microblazev_tutorial/microblazev_tutorial.srcs/constrs_1/new/microblaze_soc.xdc:34]
CRITICAL WARNING: [Common 17-55] 'set_property' expects at least one object. [D:/Vivado-projects/Basys3/sbml/microblazev_tutorial/microblazev_tutorial.srcs/constrs_1/new/microblaze_soc.xdc:34]
Resolution: If [get_<value>] was used to populate the object, check to make sure this command returns at least one valid object.
WARNING: [Vivado 12-584] No ports matched 'led[2]'. [D:/Vivado-projects/Basys3/sbml/microblazev_tutorial/microblazev_tutorial.srcs/constrs_1/new/microblaze_soc.xdc:35]
CRITICAL WARNING: [Common 17-55] 'set_property' expects at least one object. [D:/Vivado-projects/Basys3/sbml/microblazev_tutorial/microblazev_tutorial.srcs/constrs_1/new/microblaze_soc.xdc:35]
Resolution: If [get_<value>] was used to populate the object, check to make sure this command returns at least one valid object.
WARNING: [Vivado 12-584] No ports matched 'led[3]'. [D:/Vivado-projects/Basys3/sbml/microblazev_tutorial/microblazev_tutorial.srcs/constrs_1/new/microblaze_soc.xdc:36]
CRITICAL WARNING: [Common 17-55] 'set_property' expects at least one object. [D:/Vivado-projects/Basys3/sbml/microblazev_tutorial/microblazev_tutorial.srcs/constrs_1/new/microblaze_soc.xdc:36]
Resolution: If [get_<value>] was used to populate the object, check to make sure this command returns at least one valid object.
WARNING: [Vivado 12-584] No ports matched 'led[4]'. [D:/Vivado-projects/Basys3/sbml/microblazev_tutorial/microblazev_tutorial.srcs/constrs_1/new/microblaze_soc.xdc:37]
CRITICAL WARNING: [Common 17-55] 'set_property' expects at least one object. [D:/Vivado-projects/Basys3/sbml/microblazev_tutorial/microblazev_tutorial.srcs/constrs_1/new/microblaze_soc.xdc:37]
Resolution: If [get_<value>] was used to populate the object, check to make sure this command returns at least one valid object.
WARNING: [Vivado 12-584] No ports matched 'led[5]'. [D:/Vivado-projects/Basys3/sbml/microblazev_tutorial/microblazev_tutorial.srcs/constrs_1/new/microblaze_soc.xdc:38]
CRITICAL WARNING: [Common 17-55] 'set_property' expects at least one object. [D:/Vivado-projects/Basys3/sbml/microblazev_tutorial/microblazev_tutorial.srcs/constrs_1/new/microblaze_soc.xdc:38]
Resolution: If [get_<value>] was used to populate the object, check to make sure this command returns at least one valid object.
WARNING: [Vivado 12-584] No ports matched 'led[6]'. [D:/Vivado-projects/Basys3/sbml/microblazev_tutorial/microblazev_tutorial.srcs/constrs_1/new/microblaze_soc.xdc:39]
CRITICAL WARNING: [Common 17-55] 'set_property' expects at least one object. [D:/Vivado-projects/Basys3/sbml/microblazev_tutorial/microblazev_tutorial.srcs/constrs_1/new/microblaze_soc.xdc:39]
Resolution: If [get_<value>] was used to populate the object, check to make sure this command returns at least one valid object.
WARNING: [Vivado 12-584] No ports matched 'led[7]'. [D:/Vivado-projects/Basys3/sbml/microblazev_tutorial/microblazev_tutorial.srcs/constrs_1/new/microblaze_soc.xdc:40]
CRITICAL WARNING: [Common 17-55] 'set_property' expects at least one object. [D:/Vivado-projects/Basys3/sbml/microblazev_tutorial/microblazev_tutorial.srcs/constrs_1/new/microblaze_soc.xdc:40]
Resolution: If [get_<value>] was used to populate the object, check to make sure this command returns at least one valid object.
WARNING: [Vivado 12-584] No ports matched 'led[8]'. [D:/Vivado-projects/Basys3/sbml/microblazev_tutorial/microblazev_tutorial.srcs/constrs_1/new/microblaze_soc.xdc:41]
CRITICAL WARNING: [Common 17-55] 'set_property' expects at least one object. [D:/Vivado-projects/Basys3/sbml/microblazev_tutorial/microblazev_tutorial.srcs/constrs_1/new/microblaze_soc.xdc:41]
Resolution: If [get_<value>] was used to populate the object, check to make sure this command returns at least one valid object.
WARNING: [Vivado 12-584] No ports matched 'led[9]'. [D:/Vivado-projects/Basys3/sbml/microblazev_tutorial/microblazev_tutorial.srcs/constrs_1/new/microblaze_soc.xdc:42]
CRITICAL WARNING: [Common 17-55] 'set_property' expects at least one object. [D:/Vivado-projects/Basys3/sbml/microblazev_tutorial/microblazev_tutorial.srcs/constrs_1/new/microblaze_soc.xdc:42]
Resolution: If [get_<value>] was used to populate the object, check to make sure this command returns at least one valid object.
WARNING: [Vivado 12-584] No ports matched 'led[10]'. [D:/Vivado-projects/Basys3/sbml/microblazev_tutorial/microblazev_tutorial.srcs/constrs_1/new/microblaze_soc.xdc:43]
CRITICAL WARNING: [Common 17-55] 'set_property' expects at least one object. [D:/Vivado-projects/Basys3/sbml/microblazev_tutorial/microblazev_tutorial.srcs/constrs_1/new/microblaze_soc.xdc:43]
Resolution: If [get_<value>] was used to populate the object, check to make sure this command returns at least one valid object.
WARNING: [Vivado 12-584] No ports matched 'led[11]'. [D:/Vivado-projects/Basys3/sbml/microblazev_tutorial/microblazev_tutorial.srcs/constrs_1/new/microblaze_soc.xdc:44]
CRITICAL WARNING: [Common 17-55] 'set_property' expects at least one object. [D:/Vivado-projects/Basys3/sbml/microblazev_tutorial/microblazev_tutorial.srcs/constrs_1/new/microblaze_soc.xdc:44]
Resolution: If [get_<value>] was used to populate the object, check to make sure this command returns at least one valid object.
WARNING: [Vivado 12-584] No ports matched 'led[12]'. [D:/Vivado-projects/Basys3/sbml/microblazev_tutorial/microblazev_tutorial.srcs/constrs_1/new/microblaze_soc.xdc:45]
CRITICAL WARNING: [Common 17-55] 'set_property' expects at least one object. [D:/Vivado-projects/Basys3/sbml/microblazev_tutorial/microblazev_tutorial.srcs/constrs_1/new/microblaze_soc.xdc:45]
Resolution: If [get_<value>] was used to populate the object, check to make sure this command returns at least one valid object.
WARNING: [Vivado 12-584] No ports matched 'led[13]'. [D:/Vivado-projects/Basys3/sbml/microblazev_tutorial/microblazev_tutorial.srcs/constrs_1/new/microblaze_soc.xdc:46]
CRITICAL WARNING: [Common 17-55] 'set_property' expects at least one object. [D:/Vivado-projects/Basys3/sbml/microblazev_tutorial/microblazev_tutorial.srcs/constrs_1/new/microblaze_soc.xdc:46]
Resolution: If [get_<value>] was used to populate the object, check to make sure this command returns at least one valid object.
WARNING: [Vivado 12-584] No ports matched 'led[14]'. [D:/Vivado-projects/Basys3/sbml/microblazev_tutorial/microblazev_tutorial.srcs/constrs_1/new/microblaze_soc.xdc:47]
CRITICAL WARNING: [Common 17-55] 'set_property' expects at least one object. [D:/Vivado-projects/Basys3/sbml/microblazev_tutorial/microblazev_tutorial.srcs/constrs_1/new/microblaze_soc.xdc:47]
Resolution: If [get_<value>] was used to populate the object, check to make sure this command returns at least one valid object.
WARNING: [Vivado 12-584] No ports matched 'led[15]'. [D:/Vivado-projects/Basys3/sbml/microblazev_tutorial/microblazev_tutorial.srcs/constrs_1/new/microblaze_soc.xdc:48]
CRITICAL WARNING: [Common 17-55] 'set_property' expects at least one object. [D:/Vivado-projects/Basys3/sbml/microblazev_tutorial/microblazev_tutorial.srcs/constrs_1/new/microblaze_soc.xdc:48]
Resolution: If [get_<value>] was used to populate the object, check to make sure this command returns at least one valid object.
WARNING: [Vivado 12-584] No ports matched 'seg[0]'. [D:/Vivado-projects/Basys3/sbml/microblazev_tutorial/microblazev_tutorial.srcs/constrs_1/new/microblaze_soc.xdc:52]
CRITICAL WARNING: [Common 17-55] 'set_property' expects at least one object. [D:/Vivado-projects/Basys3/sbml/microblazev_tutorial/microblazev_tutorial.srcs/constrs_1/new/microblaze_soc.xdc:52]
Resolution: If [get_<value>] was used to populate the object, check to make sure this command returns at least one valid object.
WARNING: [Vivado 12-584] No ports matched 'seg[1]'. [D:/Vivado-projects/Basys3/sbml/microblazev_tutorial/microblazev_tutorial.srcs/constrs_1/new/microblaze_soc.xdc:53]
CRITICAL WARNING: [Common 17-55] 'set_property' expects at least one object. [D:/Vivado-projects/Basys3/sbml/microblazev_tutorial/microblazev_tutorial.srcs/constrs_1/new/microblaze_soc.xdc:53]
Resolution: If [get_<value>] was used to populate the object, check to make sure this command returns at least one valid object.
WARNING: [Vivado 12-584] No ports matched 'seg[2]'. [D:/Vivado-projects/Basys3/sbml/microblazev_tutorial/microblazev_tutorial.srcs/constrs_1/new/microblaze_soc.xdc:54]
CRITICAL WARNING: [Common 17-55] 'set_property' expects at least one object. [D:/Vivado-projects/Basys3/sbml/microblazev_tutorial/microblazev_tutorial.srcs/constrs_1/new/microblaze_soc.xdc:54]
Resolution: If [get_<value>] was used to populate the object, check to make sure this command returns at least one valid object.
WARNING: [Vivado 12-584] No ports matched 'seg[3]'. [D:/Vivado-projects/Basys3/sbml/microblazev_tutorial/microblazev_tutorial.srcs/constrs_1/new/microblaze_soc.xdc:55]
CRITICAL WARNING: [Common 17-55] 'set_property' expects at least one object. [D:/Vivado-projects/Basys3/sbml/microblazev_tutorial/microblazev_tutorial.srcs/constrs_1/new/microblaze_soc.xdc:55]
Resolution: If [get_<value>] was used to populate the object, check to make sure this command returns at least one valid object.
WARNING: [Vivado 12-584] No ports matched 'seg[4]'. [D:/Vivado-projects/Basys3/sbml/microblazev_tutorial/microblazev_tutorial.srcs/constrs_1/new/microblaze_soc.xdc:56]
CRITICAL WARNING: [Common 17-55] 'set_property' expects at least one object. [D:/Vivado-projects/Basys3/sbml/microblazev_tutorial/microblazev_tutorial.srcs/constrs_1/new/microblaze_soc.xdc:56]
Resolution: If [get_<value>] was used to populate the object, check to make sure this command returns at least one valid object.
WARNING: [Vivado 12-584] No ports matched 'seg[5]'. [D:/Vivado-projects/Basys3/sbml/microblazev_tutorial/microblazev_tutorial.srcs/constrs_1/new/microblaze_soc.xdc:57]
CRITICAL WARNING: [Common 17-55] 'set_property' expects at least one object. [D:/Vivado-projects/Basys3/sbml/microblazev_tutorial/microblazev_tutorial.srcs/constrs_1/new/microblaze_soc.xdc:57]
Resolution: If [get_<value>] was used to populate the object, check to make sure this command returns at least one valid object.
WARNING: [Vivado 12-584] No ports matched 'seg[6]'. [D:/Vivado-projects/Basys3/sbml/microblazev_tutorial/microblazev_tutorial.srcs/constrs_1/new/microblaze_soc.xdc:58]
CRITICAL WARNING: [Common 17-55] 'set_property' expects at least one object. [D:/Vivado-projects/Basys3/sbml/microblazev_tutorial/microblazev_tutorial.srcs/constrs_1/new/microblaze_soc.xdc:58]
Resolution: If [get_<value>] was used to populate the object, check to make sure this command returns at least one valid object.
WARNING: [Vivado 12-584] No ports matched 'dp'. [D:/Vivado-projects/Basys3/sbml/microblazev_tutorial/microblazev_tutorial.srcs/constrs_1/new/microblaze_soc.xdc:60]
CRITICAL WARNING: [Common 17-55] 'set_property' expects at least one object. [D:/Vivado-projects/Basys3/sbml/microblazev_tutorial/microblazev_tutorial.srcs/constrs_1/new/microblaze_soc.xdc:60]
Resolution: If [get_<value>] was used to populate the object, check to make sure this command returns at least one valid object.
WARNING: [Vivado 12-584] No ports matched 'an[0]'. [D:/Vivado-projects/Basys3/sbml/microblazev_tutorial/microblazev_tutorial.srcs/constrs_1/new/microblaze_soc.xdc:62]
CRITICAL WARNING: [Common 17-55] 'set_property' expects at least one object. [D:/Vivado-projects/Basys3/sbml/microblazev_tutorial/microblazev_tutorial.srcs/constrs_1/new/microblaze_soc.xdc:62]
Resolution: If [get_<value>] was used to populate the object, check to make sure this command returns at least one valid object.
WARNING: [Vivado 12-584] No ports matched 'an[1]'. [D:/Vivado-projects/Basys3/sbml/microblazev_tutorial/microblazev_tutorial.srcs/constrs_1/new/microblaze_soc.xdc:63]
CRITICAL WARNING: [Common 17-55] 'set_property' expects at least one object. [D:/Vivado-projects/Basys3/sbml/microblazev_tutorial/microblazev_tutorial.srcs/constrs_1/new/microblaze_soc.xdc:63]
Resolution: If [get_<value>] was used to populate the object, check to make sure this command returns at least one valid object.
WARNING: [Vivado 12-584] No ports matched 'an[2]'. [D:/Vivado-projects/Basys3/sbml/microblazev_tutorial/microblazev_tutorial.srcs/constrs_1/new/microblaze_soc.xdc:64]
CRITICAL WARNING: [Common 17-55] 'set_property' expects at least one object. [D:/Vivado-projects/Basys3/sbml/microblazev_tutorial/microblazev_tutorial.srcs/constrs_1/new/microblaze_soc.xdc:64]
Resolution: If [get_<value>] was used to populate the object, check to make sure this command returns at least one valid object.
WARNING: [Vivado 12-584] No ports matched 'an[3]'. [D:/Vivado-projects/Basys3/sbml/microblazev_tutorial/microblazev_tutorial.srcs/constrs_1/new/microblaze_soc.xdc:65]
CRITICAL WARNING: [Common 17-55] 'set_property' expects at least one object. [D:/Vivado-projects/Basys3/sbml/microblazev_tutorial/microblazev_tutorial.srcs/constrs_1/new/microblaze_soc.xdc:65]
Resolution: If [get_<value>] was used to populate the object, check to make sure this command returns at least one valid object.
Finished Parsing XDC File [D:/Vivado-projects/Basys3/sbml/microblazev_tutorial/microblazev_tutorial.srcs/constrs_1/new/microblaze_soc.xdc]
Parsing XDC File [d:/Vivado-projects/Basys3/sbml/microblazev_tutorial/microblazev_tutorial.gen/sources_1/bd/design_mysoc/ip/design_mysoc_mdm_1_0/design_mysoc_mdm_1_0.xdc] for cell 'design_mysoc_i/mdm_1/U0'
WARNING: [Vivado_Tcl 4-919] Waiver ID 'CDC-1' -from list should not be empty. [d:/Vivado-projects/Basys3/sbml/microblazev_tutorial/microblazev_tutorial.gen/sources_1/bd/design_mysoc/ip/design_mysoc_mdm_1_0/design_mysoc_mdm_1_0.xdc:30]
WARNING: [Vivado_Tcl 4-919] Waiver ID 'CDC-1' -from list should not be empty. [d:/Vivado-projects/Basys3/sbml/microblazev_tutorial/microblazev_tutorial.gen/sources_1/bd/design_mysoc/ip/design_mysoc_mdm_1_0/design_mysoc_mdm_1_0.xdc:31]
WARNING: [Vivado_Tcl 4-919] Waiver ID 'CDC-2' -from list should not be empty. [d:/Vivado-projects/Basys3/sbml/microblazev_tutorial/microblazev_tutorial.gen/sources_1/bd/design_mysoc/ip/design_mysoc_mdm_1_0/design_mysoc_mdm_1_0.xdc:39]
WARNING: [Vivado_Tcl 4-919] Waiver ID 'CDC-7' -from list should not be empty. [d:/Vivado-projects/Basys3/sbml/microblazev_tutorial/microblazev_tutorial.gen/sources_1/bd/design_mysoc/ip/design_mysoc_mdm_1_0/design_mysoc_mdm_1_0.xdc:40]
WARNING: [Vivado_Tcl 4-919] Waiver ID 'CDC-10' -from list should not be empty. [d:/Vivado-projects/Basys3/sbml/microblazev_tutorial/microblazev_tutorial.gen/sources_1/bd/design_mysoc/ip/design_mysoc_mdm_1_0/design_mysoc_mdm_1_0.xdc:41]
WARNING: [Vivado_Tcl 4-919] Waiver ID 'CDC-11' -from list should not be empty. [d:/Vivado-projects/Basys3/sbml/microblazev_tutorial/microblazev_tutorial.gen/sources_1/bd/design_mysoc/ip/design_mysoc_mdm_1_0/design_mysoc_mdm_1_0.xdc:42]
WARNING: [Vivado_Tcl 4-919] Waiver ID 'CDC-13' -from list should not be empty. [d:/Vivado-projects/Basys3/sbml/microblazev_tutorial/microblazev_tutorial.gen/sources_1/bd/design_mysoc/ip/design_mysoc_mdm_1_0/design_mysoc_mdm_1_0.xdc:46]
WARNING: [Vivado_Tcl 4-919] Waiver ID 'CDC-15' -from list should not be empty. [d:/Vivado-projects/Basys3/sbml/microblazev_tutorial/microblazev_tutorial.gen/sources_1/bd/design_mysoc/ip/design_mysoc_mdm_1_0/design_mysoc_mdm_1_0.xdc:48]
WARNING: [Vivado_Tcl 4-919] Waiver ID 'CDC-15' -from list should not be empty. [d:/Vivado-projects/Basys3/sbml/microblazev_tutorial/microblazev_tutorial.gen/sources_1/bd/design_mysoc/ip/design_mysoc_mdm_1_0/design_mysoc_mdm_1_0.xdc:49]
Finished Parsing XDC File [d:/Vivado-projects/Basys3/sbml/microblazev_tutorial/microblazev_tutorial.gen/sources_1/bd/design_mysoc/ip/design_mysoc_mdm_1_0/design_mysoc_mdm_1_0.xdc] for cell 'design_mysoc_i/mdm_1/U0'
INFO: [Project 1-1714] 65 XPM XDC files have been applied to the design.
INFO: [Opt 31-138] Pushed 0 inverter(s) to 0 load pin(s).
Generating merged BMM file for the design top 'design_mysoc_wrapper'...
INFO: [Memdata 28-144] Successfully populated the BRAM INIT strings from the following elf files: d:/Vivado-projects/Basys3/sbml/microblazev_tutorial/microblazev_tutorial.gen/sources_1/bd/design_mysoc/ip/design_mysoc_microblaze_riscv_0_0/data/riscv_bootloop.elf 
Netlist sorting complete. Time (s): cpu = 00:00:00 ; elapsed = 00:00:00.020 . Memory (MB): peak = 1672.059 ; gain = 0.000
INFO: [Project 1-111] Unisim Transformation Summary:
  A total of 64 instances were transformed.
  LUT6_2 => LUT6_2 (LUT5, LUT6): 48 instances
  RAM32M => RAM32M (RAMD32(x6), RAMS32(x2)): 16 instances

28 Infos, 53 Warnings, 44 Critical Warnings and 0 Errors encountered.
link_design completed successfully
link_design: Time (s): cpu = 00:00:38 ; elapsed = 00:00:41 . Memory (MB): peak = 1672.059 ; gain = 966.863
Command: opt_design
Attempting to get a license for feature 'Implementation' and/or device 'xc7a35t'
INFO: [Common 17-349] Got license for feature 'Implementation' and/or device 'xc7a35t'
Running DRC as a precondition to command opt_design

Starting DRC Task
INFO: [DRC 23-27] Running DRC with 2 threads
INFO: [Project 1-461] DRC finished with 0 Errors
INFO: [Project 1-462] Please refer to the DRC report (report_drc) for more information.

Time (s): cpu = 00:00:02 ; elapsed = 00:00:02 . Memory (MB): peak = 1672.059 ; gain = 0.000

Starting Cache Timing Information Task
INFO: [Timing 38-35] Done setting XDC timing constraints.
Ending Cache Timing Information Task | Checksum: 28e476d55

Time (s): cpu = 00:00:02 ; elapsed = 00:00:01 . Memory (MB): peak = 1672.059 ; gain = 0.000

Starting Logic Optimization Task

Phase 1 Initialization

Phase 1.1 Core Generation And Design Setup
Phase 1.1 Core Generation And Design Setup | Checksum: 28e476d55

Time (s): cpu = 00:00:00 ; elapsed = 00:00:00.026 . Memory (MB): peak = 2103.184 ; gain = 0.000

Phase 1.2 Setup Constraints And Sort Netlist
Phase 1.2 Setup Constraints And Sort Netlist | Checksum: 28e476d55

Time (s): cpu = 00:00:00 ; elapsed = 00:00:00.056 . Memory (MB): peak = 2103.184 ; gain = 0.000
Phase 1 Initialization | Checksum: 28e476d55

Time (s): cpu = 00:00:00 ; elapsed = 00:00:00.060 . Memory (MB): peak = 2103.184 ; gain = 0.000

Phase 2 Timer Update And Timing Data Collection

Phase 2.1 Detect if minReqCache needed
Phase 2.1 Detect if minReqCache needed | Checksum: 28e476d55

Time (s): cpu = 00:00:00 ; elapsed = 00:00:00.096 . Memory (MB): peak = 2103.191 ; gain = 0.008

Phase 2.2 Timer Update
Phase 2.2 Timer Update | Checksum: 28e476d55

Time (s): cpu = 00:00:01 ; elapsed = 00:00:00.370 . Memory (MB): peak = 2103.191 ; gain = 0.008

Phase 2.3 Timing Data Collection
Phase 2.3 Timing Data Collection | Checksum: 28e476d55

Time (s): cpu = 00:00:01 ; elapsed = 00:00:00.399 . Memory (MB): peak = 2103.191 ; gain = 0.008
Phase 2 Timer Update And Timing Data Collection | Checksum: 28e476d55

Time (s): cpu = 00:00:01 ; elapsed = 00:00:00.403 . Memory (MB): peak = 2103.191 ; gain = 0.008

Phase 3 Retarget
INFO: [Opt 31-1851] Number of loadless carry chains removed were: 0
INFO: [Opt 31-1834] Total Chains To Be Transformed Were: 0 AND Number of Transformed insts Created are: 0
INFO: [Opt 31-1566] Pulled 2 inverters resulting in an inversion of 9 pins
INFO: [Opt 31-138] Pushed 7 inverter(s) to 15 load pin(s).
INFO: [Opt 31-49] Retargeted 0 cell(s).
Phase 3 Retarget | Checksum: 2347e3ce4

Time (s): cpu = 00:00:01 ; elapsed = 00:00:00.902 . Memory (MB): peak = 2103.191 ; gain = 0.008
Retarget | Checksum: 2347e3ce4
INFO: [Opt 31-389] Phase Retarget created 68 cells and removed 118 cells
INFO: [Opt 31-1021] In phase Retarget, 131 netlist objects are constrained preventing optimization. Please run opt_design with -debug_log to get more detail. 

Phase 4 Constant propagation
INFO: [Opt 31-138] Pushed 0 inverter(s) to 0 load pin(s).
Phase 4 Constant propagation | Checksum: 23dd468e0

Time (s): cpu = 00:00:01 ; elapsed = 00:00:01 . Memory (MB): peak = 2103.191 ; gain = 0.008
Constant propagation | Checksum: 23dd468e0
INFO: [Opt 31-389] Phase Constant propagation created 10 cells and removed 156 cells
INFO: [Opt 31-1021] In phase Constant propagation, 101 netlist objects are constrained preventing optimization. Please run opt_design with -debug_log to get more detail. 

Phase 5 Sweep
INFO: [Constraints 18-11670] Building netlist checker database with flags, 0x8
Done building netlist checker database: Time (s): cpu = 00:00:00 ; elapsed = 00:00:00.009 . Memory (MB): peak = 2103.191 ; gain = 0.000
INFO: [Constraints 18-11670] Building netlist checker database with flags, 0x8
Done building netlist checker database: Time (s): cpu = 00:00:00 ; elapsed = 00:00:00.009 . Memory (MB): peak = 2103.191 ; gain = 0.000
Phase 5 Sweep | Checksum: 1a75e08f9

Time (s): cpu = 00:00:04 ; elapsed = 00:00:04 . Memory (MB): peak = 2103.191 ; gain = 0.008
Sweep | Checksum: 1a75e08f9
INFO: [Opt 31-389] Phase Sweep created 29 cells and removed 305 cells
INFO: [Opt 31-1021] In phase Sweep, 126 netlist objects are constrained preventing optimization. Please run opt_design with -debug_log to get more detail. 

Phase 6 BUFG optimization
INFO: [Opt 31-194] Inserted BUFG design_mysoc_i/mdm_1/U0/Use_E2.BSCAN_I/tck_BUFG_inst to drive 51 load(s) on clock net design_mysoc_i/mdm_1/U0/Use_E2.BSCAN_I/tck_BUFG
INFO: [Opt 31-193] Inserted 1 BUFG(s) on clock nets
Phase 6 BUFG optimization | Checksum: 25c2f8a06

Time (s): cpu = 00:00:04 ; elapsed = 00:00:04 . Memory (MB): peak = 2103.191 ; gain = 0.008
BUFG optimization | Checksum: 25c2f8a06
INFO: [Opt 31-662] Phase BUFG optimization created 1 cells of which 1 are BUFGs and removed 0 cells.

Phase 7 Shift Register Optimization
INFO: [Opt 31-1064] SRL Remap converted 0 SRLs to 0 registers and converted 0 registers of register chains to 0 SRLs
Phase 7 Shift Register Optimization | Checksum: 25c2f8a06

Time (s): cpu = 00:00:04 ; elapsed = 00:00:04 . Memory (MB): peak = 2103.191 ; gain = 0.008
Shift Register Optimization | Checksum: 25c2f8a06
INFO: [Opt 31-389] Phase Shift Register Optimization created 0 cells and removed 0 cells

Phase 8 Post Processing Netlist
Phase 8 Post Processing Netlist | Checksum: 285681bdc

Time (s): cpu = 00:00:04 ; elapsed = 00:00:04 . Memory (MB): peak = 2103.191 ; gain = 0.008
Post Processing Netlist | Checksum: 285681bdc
INFO: [Opt 31-389] Phase Post Processing Netlist created 0 cells and removed 0 cells
INFO: [Opt 31-1021] In phase Post Processing Netlist, 121 netlist objects are constrained preventing optimization. Please run opt_design with -debug_log to get more detail. 

Phase 9 Finalization

Phase 9.1 Finalizing Design Cores and Updating Shapes
Phase 9.1 Finalizing Design Cores and Updating Shapes | Checksum: 1efaea0b0

Time (s): cpu = 00:00:05 ; elapsed = 00:00:04 . Memory (MB): peak = 2103.191 ; gain = 0.008

Phase 9.2 Verifying Netlist Connectivity

Starting Connectivity Check Task

Time (s): cpu = 00:00:00 ; elapsed = 00:00:00.032 . Memory (MB): peak = 2103.191 ; gain = 0.000
Phase 9.2 Verifying Netlist Connectivity | Checksum: 1efaea0b0

Time (s): cpu = 00:00:05 ; elapsed = 00:00:05 . Memory (MB): peak = 2103.191 ; gain = 0.008
Phase 9 Finalization | Checksum: 1efaea0b0

Time (s): cpu = 00:00:05 ; elapsed = 00:00:05 . Memory (MB): peak = 2103.191 ; gain = 0.008
Opt_design Change Summary
=========================


-------------------------------------------------------------------------------------------------------------------------
|  Phase                        |  #Cells created  |  #Cells Removed  |  #Constrained objects preventing optimizations  |
-------------------------------------------------------------------------------------------------------------------------
|  Retarget                     |              68  |             118  |                                            131  |
|  Constant propagation         |              10  |             156  |                                            101  |
|  Sweep                        |              29  |             305  |                                            126  |
|  BUFG optimization            |               1  |               0  |                                              0  |
|  Shift Register Optimization  |               0  |               0  |                                              0  |
|  Post Processing Netlist      |               0  |               0  |                                            121  |
-------------------------------------------------------------------------------------------------------------------------


Ending Logic Optimization Task | Checksum: 1efaea0b0

Time (s): cpu = 00:00:05 ; elapsed = 00:00:05 . Memory (MB): peak = 2103.191 ; gain = 0.008

Starting Power Optimization Task
INFO: [Pwropt 34-132] Skipping clock gating for clocks with a period < 2.00 ns.
INFO: [Timing 38-35] Done setting XDC timing constraints.
Running Vector-less Activity Propagation...

Finished Running Vector-less Activity Propagation
INFO: [Pwropt 34-9] Applying IDT optimizations ...
INFO: [Pwropt 34-10] Applying ODC optimizations ...


Starting PowerOpt Patch Enables Task
INFO: [Pwropt 34-162] WRITE_MODE attribute of 0 BRAM(s) out of a total of 32 has been updated to save power. Run report_power_opt to get a complete listing of the BRAMs updated.
INFO: [Pwropt 34-201] Structural ODC has moved 0 WE to EN ports
Number of BRAM Ports augmented: 32 newly gated: 0 Total Ports: 64
Ending PowerOpt Patch Enables Task | Checksum: 12bf261a7

Time (s): cpu = 00:00:01 ; elapsed = 00:00:00.627 . Memory (MB): peak = 2103.191 ; gain = 0.000
Ending Power Optimization Task | Checksum: 12bf261a7

Time (s): cpu = 00:00:13 ; elapsed = 00:00:09 . Memory (MB): peak = 2103.191 ; gain = 0.000

Starting Final Cleanup Task

Starting Logic Optimization Task
INFO: [Timing 38-35] Done setting XDC timing constraints.
Ending Logic Optimization Task | Checksum: 24f04aec4

Time (s): cpu = 00:00:02 ; elapsed = 00:00:02 . Memory (MB): peak = 2130.246 ; gain = 27.055
Ending Final Cleanup Task | Checksum: 24f04aec4

Time (s): cpu = 00:00:10 ; elapsed = 00:00:09 . Memory (MB): peak = 2130.246 ; gain = 27.055
Netlist sorting complete. Time (s): cpu = 00:00:00 ; elapsed = 00:00:00.016 . Memory (MB): peak = 2130.246 ; gain = 0.000
INFO: [Common 17-83] Releasing license: Implementation
62 Infos, 53 Warnings, 44 Critical Warnings and 0 Errors encountered.
opt_design completed successfully
opt_design: Time (s): cpu = 00:00:38 ; elapsed = 00:00:33 . Memory (MB): peak = 2130.246 ; gain = 458.188
INFO: [Vivado 12-24828] Executing command : report_drc -file design_mysoc_wrapper_drc_opted.rpt -pb design_mysoc_wrapper_drc_opted.pb -rpx design_mysoc_wrapper_drc_opted.rpx
Command: report_drc -file design_mysoc_wrapper_drc_opted.rpt -pb design_mysoc_wrapper_drc_opted.pb -rpx design_mysoc_wrapper_drc_opted.rpx
INFO: [IP_Flow 19-1839] IP Catalog is up to date.
INFO: [DRC 23-27] Running DRC with 2 threads
INFO: [Vivado_Tcl 2-168] The results of DRC are in file D:/Vivado-projects/Basys3/sbml/microblazev_tutorial/microblazev_tutorial.runs/impl_1/design_mysoc_wrapper_drc_opted.rpt.
report_drc completed successfully
report_drc: Time (s): cpu = 00:00:08 ; elapsed = 00:00:07 . Memory (MB): peak = 2130.246 ; gain = 0.000
generate_parallel_reports: Time (s): cpu = 00:00:08 ; elapsed = 00:00:07 . Memory (MB): peak = 2130.246 ; gain = 0.000
INFO: [Timing 38-480] Writing timing data to binary archive.
Wrote PlaceDB: Time (s): cpu = 00:00:00 ; elapsed = 00:00:00.001 . Memory (MB): peak = 2130.246 ; gain = 0.000
Wrote PulsedLatchDB: Time (s): cpu = 00:00:00 ; elapsed = 00:00:00.001 . Memory (MB): peak = 2130.246 ; gain = 0.000
Writing XDEF routing.
Write ShapeDB Complete: Time (s): cpu = 00:00:00 ; elapsed = 00:00:00.028 . Memory (MB): peak = 2130.246 ; gain = 0.000
Writing XDEF routing logical nets.
Writing XDEF routing special nets.
Wrote RouteStorage: Time (s): cpu = 00:00:00 ; elapsed = 00:00:00.083 . Memory (MB): peak = 2130.246 ; gain = 0.000
Wrote PlaceStorage: Time (s): cpu = 00:00:00 ; elapsed = 00:00:00.005 . Memory (MB): peak = 2130.246 ; gain = 0.000
Wrote Netlist Cache: Time (s): cpu = 00:00:00 ; elapsed = 00:00:00.001 . Memory (MB): peak = 2130.246 ; gain = 0.000
Wrote Device Cache: Time (s): cpu = 00:00:00 ; elapsed = 00:00:00.018 . Memory (MB): peak = 2130.246 ; gain = 0.000
Write Physdb Complete: Time (s): cpu = 00:00:00 ; elapsed = 00:00:00.144 . Memory (MB): peak = 2130.246 ; gain = 0.000
INFO: [Common 17-1381] The checkpoint 'D:/Vivado-projects/Basys3/sbml/microblazev_tutorial/microblazev_tutorial.runs/impl_1/design_mysoc_wrapper_opt.dcp' has been generated.
Command: place_design
Attempting to get a license for feature 'Implementation' and/or device 'xc7a35t'
INFO: [Common 17-349] Got license for feature 'Implementation' and/or device 'xc7a35t'
INFO: [Common 17-83] Releasing license: Implementation
INFO: [DRC 23-27] Running DRC with 2 threads
INFO: [Vivado_Tcl 4-198] DRC finished with 0 Errors
INFO: [Vivado_Tcl 4-199] Please refer to the DRC report (report_drc) for more information.
INFO: [Timing 38-35] Done setting XDC timing constraints.
Running DRC as a precondition to command place_design
INFO: [DRC 23-27] Running DRC with 2 threads
INFO: [Vivado_Tcl 4-198] DRC finished with 0 Errors
INFO: [Vivado_Tcl 4-199] Please refer to the DRC report (report_drc) for more information.
INFO: [Place 30-611] Multithreading enabled for place_design using a maximum of 2 CPUs

Starting Placer Task

Phase 1 Placer Initialization

Phase 1.1 Placer Initialization Netlist Sorting
Netlist sorting complete. Time (s): cpu = 00:00:00 ; elapsed = 00:00:00.017 . Memory (MB): peak = 2130.246 ; gain = 0.000
Phase 1.1 Placer Initialization Netlist Sorting | Checksum: 15bc0a3a2

Time (s): cpu = 00:00:00 ; elapsed = 00:00:00.023 . Memory (MB): peak = 2130.246 ; gain = 0.000
Netlist sorting complete. Time (s): cpu = 00:00:00 ; elapsed = 00:00:00.019 . Memory (MB): peak = 2130.246 ; gain = 0.000

Phase 1.2 IO Placement/ Clock Placement/ Build Placer Device
Phase 1.2 IO Placement/ Clock Placement/ Build Placer Device | Checksum: 1f55491b8

Time (s): cpu = 00:00:01 ; elapsed = 00:00:01 . Memory (MB): peak = 2130.246 ; gain = 0.000

Phase 1.3 Build Placer Netlist Model
Phase 1.3 Build Placer Netlist Model | Checksum: 1fbfd1d50

Time (s): cpu = 00:00:06 ; elapsed = 00:00:04 . Memory (MB): peak = 2130.246 ; gain = 0.000

Phase 1.4 Constrain Clocks/Macros
Phase 1.4 Constrain Clocks/Macros | Checksum: 1fbfd1d50

Time (s): cpu = 00:00:06 ; elapsed = 00:00:04 . Memory (MB): peak = 2130.246 ; gain = 0.000
Phase 1 Placer Initialization | Checksum: 1fbfd1d50

Time (s): cpu = 00:00:06 ; elapsed = 00:00:04 . Memory (MB): peak = 2130.246 ; gain = 0.000

Phase 2 Global Placement

Phase 2.1 Floorplanning
Phase 2.1 Floorplanning | Checksum: 20f4d5cc4

Time (s): cpu = 00:00:09 ; elapsed = 00:00:06 . Memory (MB): peak = 2130.246 ; gain = 0.000

Phase 2.2 Update Timing before SLR Path Opt
Phase 2.2 Update Timing before SLR Path Opt | Checksum: 27fb2536a

Time (s): cpu = 00:00:12 ; elapsed = 00:00:08 . Memory (MB): peak = 2130.246 ; gain = 0.000

Phase 2.3 Post-Processing in Floorplanning
Phase 2.3 Post-Processing in Floorplanning | Checksum: 27fb2536a

Time (s): cpu = 00:00:12 ; elapsed = 00:00:08 . Memory (MB): peak = 2130.246 ; gain = 0.000

Phase 2.4 Global Place Phase1
Phase 2.4 Global Place Phase1 | Checksum: 2090cd81d

Time (s): cpu = 00:00:30 ; elapsed = 00:00:18 . Memory (MB): peak = 2130.246 ; gain = 0.000

Phase 2.5 Global Place Phase2

Phase 2.5.1 UpdateTiming Before Physical Synthesis
Phase 2.5.1 UpdateTiming Before Physical Synthesis | Checksum: 2462dc137

Time (s): cpu = 00:00:32 ; elapsed = 00:00:20 . Memory (MB): peak = 2130.246 ; gain = 0.000

Phase 2.5.2 Physical Synthesis In Placer
INFO: [Physopt 32-1035] Found 0 LUTNM shape to break, 154 LUT instances to create LUTNM shape
INFO: [Physopt 32-1044] Break lutnm for timing: one critical 0, two critical 0, total 0, new lutff created 0
INFO: [Physopt 32-1138] End 1 Pass. Optimized 70 nets or LUTs. Breaked 0 LUT, combined 70 existing LUTs and moved 0 existing LUT
INFO: [Physopt 32-65] No nets found for high-fanout optimization.
INFO: [Physopt 32-232] Optimized 0 net. Created 0 new instance.
INFO: [Physopt 32-775] End 1 Pass. Optimized 0 net or cell. Created 0 new cell, deleted 0 existing cell and moved 0 existing cell
INFO: [Physopt 32-670] No setup violation found.  DSP Register Optimization was not performed.
INFO: [Physopt 32-670] No setup violation found.  Shift Register to Pipeline Optimization was not performed.
INFO: [Physopt 32-670] No setup violation found.  Shift Register Optimization was not performed.
INFO: [Physopt 32-670] No setup violation found.  BRAM Register Optimization was not performed.
INFO: [Physopt 32-670] No setup violation found.  URAM Register Optimization was not performed.
INFO: [Physopt 32-949] No candidate nets found for dynamic/static region interface net replication
INFO: [Physopt 32-775] End 1 Pass. Optimized 0 net or cell. Created 0 new cell, deleted 0 existing cell and moved 0 existing cell
Netlist sorting complete. Time (s): cpu = 00:00:00 ; elapsed = 00:00:00.017 . Memory (MB): peak = 2130.246 ; gain = 0.000

Summary of Physical Synthesis Optimizations
============================================


-----------------------------------------------------------------------------------------------------------------------------------------------------------
|  Optimization                                     |  Added Cells  |  Removed Cells  |  Optimized Cells/Nets  |  Dont Touch  |  Iterations  |  Elapsed   |
-----------------------------------------------------------------------------------------------------------------------------------------------------------
|  LUT Combining                                    |            0  |             70  |                    70  |           0  |           1  |  00:00:00  |
|  Retime                                           |            0  |              0  |                     0  |           0  |           1  |  00:00:00  |
|  Very High Fanout                                 |            0  |              0  |                     0  |           0  |           1  |  00:00:00  |
|  DSP Register                                     |            0  |              0  |                     0  |           0  |           0  |  00:00:00  |
|  Shift Register to Pipeline                       |            0  |              0  |                     0  |           0  |           0  |  00:00:00  |
|  Shift Register                                   |            0  |              0  |                     0  |           0  |           0  |  00:00:00  |
|  BRAM Register                                    |            0  |              0  |                     0  |           0  |           0  |  00:00:00  |
|  URAM Register                                    |            0  |              0  |                     0  |           0  |           0  |  00:00:00  |
|  Dynamic/Static Region Interface Net Replication  |            0  |              0  |                     0  |           0  |           1  |  00:00:00  |
|  Total                                            |            0  |             70  |                    70  |           0  |           4  |  00:00:00  |
-----------------------------------------------------------------------------------------------------------------------------------------------------------


Phase 2.5.2 Physical Synthesis In Placer | Checksum: 14a9dc765

Time (s): cpu = 00:00:35 ; elapsed = 00:00:22 . Memory (MB): peak = 2130.246 ; gain = 0.000
Phase 2.5 Global Place Phase2 | Checksum: 1cc54dd58

Time (s): cpu = 00:00:36 ; elapsed = 00:00:22 . Memory (MB): peak = 2130.246 ; gain = 0.000
Phase 2 Global Placement | Checksum: 1cc54dd58

Time (s): cpu = 00:00:36 ; elapsed = 00:00:22 . Memory (MB): peak = 2130.246 ; gain = 0.000

Phase 3 Detail Placement

Phase 3.1 Commit Multi Column Macros
Phase 3.1 Commit Multi Column Macros | Checksum: 20b2a1d7c

Time (s): cpu = 00:00:39 ; elapsed = 00:00:24 . Memory (MB): peak = 2130.246 ; gain = 0.000

Phase 3.2 Commit Most Macros & LUTRAMs
Phase 3.2 Commit Most Macros & LUTRAMs | Checksum: 22c5af47d

Time (s): cpu = 00:00:43 ; elapsed = 00:00:26 . Memory (MB): peak = 2130.246 ; gain = 0.000

Phase 3.3 Area Swap Optimization
Phase 3.3 Area Swap Optimization | Checksum: 28f62e739

Time (s): cpu = 00:00:43 ; elapsed = 00:00:26 . Memory (MB): peak = 2130.246 ; gain = 0.000

Phase 3.4 Pipeline Register Optimization
Phase 3.4 Pipeline Register Optimization | Checksum: 1e9835441

Time (s): cpu = 00:00:43 ; elapsed = 00:00:26 . Memory (MB): peak = 2130.246 ; gain = 0.000

Phase 3.5 Small Shape Detail Placement
Phase 3.5 Small Shape Detail Placement | Checksum: 27400597f

Time (s): cpu = 00:00:48 ; elapsed = 00:00:31 . Memory (MB): peak = 2130.246 ; gain = 0.000

Phase 3.6 Re-assign LUT pins
Phase 3.6 Re-assign LUT pins | Checksum: 1ce00516c

Time (s): cpu = 00:00:49 ; elapsed = 00:00:32 . Memory (MB): peak = 2130.246 ; gain = 0.000

Phase 3.7 Pipeline Register Optimization
Phase 3.7 Pipeline Register Optimization | Checksum: 1b1d5e230

Time (s): cpu = 00:00:49 ; elapsed = 00:00:32 . Memory (MB): peak = 2130.246 ; gain = 0.000
Phase 3 Detail Placement | Checksum: 1b1d5e230

Time (s): cpu = 00:00:49 ; elapsed = 00:00:32 . Memory (MB): peak = 2130.246 ; gain = 0.000

Phase 4 Post Placement Optimization and Clean-Up

Phase 4.1 Post Commit Optimization
INFO: [Timing 38-35] Done setting XDC timing constraints.

Phase 4.1.1 Post Placement Optimization
Post Placement Optimization Initialization | Checksum: 1f7a3dde2

Phase 4.1.1.1 BUFG Insertion

Starting Physical Synthesis Task

Phase 1 Physical Synthesis Initialization
INFO: [Physopt 32-721] Multithreading enabled for phys_opt_design using a maximum of 2 CPUs
INFO: [Physopt 32-619] Estimated Timing Summary | WNS=1.175 | TNS=0.000 |
Phase 1 Physical Synthesis Initialization | Checksum: 2060fbdb5

Time (s): cpu = 00:00:01 ; elapsed = 00:00:00.248 . Memory (MB): peak = 2130.246 ; gain = 0.000
INFO: [Place 46-56] BUFG insertion identified 0 candidate nets. Inserted BUFG: 0, Replicated BUFG Driver: 0, Skipped due to Placement/Routing Conflicts: 0, Skipped due to Timing Degradation: 0, Skipped due to netlist editing failed: 0.
Ending Physical Synthesis Task | Checksum: 1eda66793

Time (s): cpu = 00:00:01 ; elapsed = 00:00:00.343 . Memory (MB): peak = 2130.246 ; gain = 0.000
Phase 4.1.1.1 BUFG Insertion | Checksum: 1f7a3dde2

Time (s): cpu = 00:00:56 ; elapsed = 00:00:37 . Memory (MB): peak = 2130.246 ; gain = 0.000

Phase 4.1.1.2 Post Placement Timing Optimization
INFO: [Place 30-746] Post Placement Timing Summary WNS=1.175. For the most accurate timing information please run report_timing.
Phase 4.1.1.2 Post Placement Timing Optimization | Checksum: 1dea1d862

Time (s): cpu = 00:00:56 ; elapsed = 00:00:37 . Memory (MB): peak = 2130.246 ; gain = 0.000

Time (s): cpu = 00:00:56 ; elapsed = 00:00:37 . Memory (MB): peak = 2130.246 ; gain = 0.000
Phase 4.1 Post Commit Optimization | Checksum: 1dea1d862

Time (s): cpu = 00:00:56 ; elapsed = 00:00:37 . Memory (MB): peak = 2130.246 ; gain = 0.000

Phase 4.2 Post Placement Cleanup
Phase 4.2 Post Placement Cleanup | Checksum: 1dea1d862

Time (s): cpu = 00:00:56 ; elapsed = 00:00:37 . Memory (MB): peak = 2130.246 ; gain = 0.000

Phase 4.3 Placer Reporting

Phase 4.3.1 Print Estimated Congestion
INFO: [Place 30-612] Post-Placement Estimated Congestion 
 ____________________________________________________
|           | Global Congestion | Short Congestion  |
| Direction | Region Size       | Region Size       |
|___________|___________________|___________________|
|      North|                1x1|                1x1|
|___________|___________________|___________________|
|      South|                1x1|                4x4|
|___________|___________________|___________________|
|       East|                1x1|                1x1|
|___________|___________________|___________________|
|       West|                1x1|                1x1|
|___________|___________________|___________________|

Phase 4.3.1 Print Estimated Congestion | Checksum: 1dea1d862

Time (s): cpu = 00:00:56 ; elapsed = 00:00:37 . Memory (MB): peak = 2130.246 ; gain = 0.000
Phase 4.3 Placer Reporting | Checksum: 1dea1d862

Time (s): cpu = 00:00:56 ; elapsed = 00:00:37 . Memory (MB): peak = 2130.246 ; gain = 0.000

Phase 4.4 Final Placement Cleanup
Netlist sorting complete. Time (s): cpu = 00:00:00 ; elapsed = 00:00:00.022 . Memory (MB): peak = 2130.246 ; gain = 0.000

Time (s): cpu = 00:00:56 ; elapsed = 00:00:37 . Memory (MB): peak = 2130.246 ; gain = 0.000
Phase 4 Post Placement Optimization and Clean-Up | Checksum: 286de7a41

Time (s): cpu = 00:00:56 ; elapsed = 00:00:37 . Memory (MB): peak = 2130.246 ; gain = 0.000
Ending Placer Task | Checksum: 1a29efe50

Time (s): cpu = 00:00:56 ; elapsed = 00:00:37 . Memory (MB): peak = 2130.246 ; gain = 0.000
97 Infos, 53 Warnings, 44 Critical Warnings and 0 Errors encountered.
place_design completed successfully
place_design: Time (s): cpu = 00:01:02 ; elapsed = 00:00:42 . Memory (MB): peak = 2130.246 ; gain = 0.000
INFO: [Vivado 12-24838] Running report commands "report_control_sets, report_io, report_utilization" in parallel.
Running report generation with 2 threads.
INFO: [Vivado 12-24828] Executing command : report_utilization -file design_mysoc_wrapper_utilization_placed.rpt -pb design_mysoc_wrapper_utilization_placed.pb
INFO: [Vivado 12-24828] Executing command : report_io -file design_mysoc_wrapper_io_placed.rpt
report_io: Time (s): cpu = 00:00:01 ; elapsed = 00:00:00.240 . Memory (MB): peak = 2130.246 ; gain = 0.000
INFO: [Vivado 12-24828] Executing command : report_control_sets -verbose -file design_mysoc_wrapper_control_sets_placed.rpt
report_control_sets: Time (s): cpu = 00:00:00 ; elapsed = 00:00:00.069 . Memory (MB): peak = 2130.246 ; gain = 0.000
Wrote PlaceDB: Time (s): cpu = 00:00:00 ; elapsed = 00:00:00 . Memory (MB): peak = 2130.246 ; gain = 0.000
INFO: [Timing 38-480] Writing timing data to binary archive.
Wrote PulsedLatchDB: Time (s): cpu = 00:00:00 ; elapsed = 00:00:00 . Memory (MB): peak = 2130.246 ; gain = 0.000
Writing XDEF routing.
Writing XDEF routing logical nets.
Write ShapeDB Complete: Time (s): cpu = 00:00:00 ; elapsed = 00:00:00.071 . Memory (MB): peak = 2130.246 ; gain = 0.000
Writing XDEF routing special nets.
Wrote RouteStorage: Time (s): cpu = 00:00:00 ; elapsed = 00:00:00.069 . Memory (MB): peak = 2130.246 ; gain = 0.000
Wrote PlaceStorage: Time (s): cpu = 00:00:03 ; elapsed = 00:00:00.820 . Memory (MB): peak = 2130.246 ; gain = 0.000
Wrote Netlist Cache: Time (s): cpu = 00:00:00 ; elapsed = 00:00:00.025 . Memory (MB): peak = 2130.246 ; gain = 0.000
Wrote Device Cache: Time (s): cpu = 00:00:01 ; elapsed = 00:00:00.030 . Memory (MB): peak = 2130.246 ; gain = 0.000
Write Physdb Complete: Time (s): cpu = 00:00:04 ; elapsed = 00:00:00.963 . Memory (MB): peak = 2130.246 ; gain = 0.000
INFO: [Common 17-1381] The checkpoint 'D:/Vivado-projects/Basys3/sbml/microblazev_tutorial/microblazev_tutorial.runs/impl_1/design_mysoc_wrapper_placed.dcp' has been generated.
Command: phys_opt_design
Attempting to get a license for feature 'Implementation' and/or device 'xc7a35t'
INFO: [Common 17-349] Got license for feature 'Implementation' and/or device 'xc7a35t'

Starting Initial Update Timing Task

Time (s): cpu = 00:00:05 ; elapsed = 00:00:02 . Memory (MB): peak = 2130.246 ; gain = 0.000
INFO: [Vivado_Tcl 4-2279] Estimated Timing Summary | WNS= 1.175 | TNS= 0.000 | 
INFO: [Vivado_Tcl 4-383] Design worst setup slack (WNS) is greater than or equal to 0.000 ns. All physical synthesis setup optimizations will be skipped.
INFO: [Vivado_Tcl 4-232] No setup violation found. The netlist was not modified.
INFO: [Common 17-83] Releasing license: Implementation
108 Infos, 53 Warnings, 44 Critical Warnings and 0 Errors encountered.
phys_opt_design completed successfully
INFO: [Timing 38-480] Writing timing data to binary archive.
Wrote PlaceDB: Time (s): cpu = 00:00:00 ; elapsed = 00:00:00 . Memory (MB): peak = 2130.246 ; gain = 0.000
Wrote PulsedLatchDB: Time (s): cpu = 00:00:00 ; elapsed = 00:00:00 . Memory (MB): peak = 2130.246 ; gain = 0.000
Writing XDEF routing.
Write ShapeDB Complete: Time (s): cpu = 00:00:00 ; elapsed = 00:00:00.068 . Memory (MB): peak = 2130.246 ; gain = 0.000
Writing XDEF routing logical nets.
Writing XDEF routing special nets.
Wrote RouteStorage: Time (s): cpu = 00:00:00 ; elapsed = 00:00:00.085 . Memory (MB): peak = 2130.246 ; gain = 0.000
Wrote PlaceStorage: Time (s): cpu = 00:00:03 ; elapsed = 00:00:00.841 . Memory (MB): peak = 2130.246 ; gain = 0.000
Wrote Netlist Cache: Time (s): cpu = 00:00:00 ; elapsed = 00:00:00.034 . Memory (MB): peak = 2130.246 ; gain = 0.000
Wrote Device Cache: Time (s): cpu = 00:00:00 ; elapsed = 00:00:00.029 . Memory (MB): peak = 2130.246 ; gain = 0.000
Write Physdb Complete: Time (s): cpu = 00:00:03 ; elapsed = 00:00:01 . Memory (MB): peak = 2130.246 ; gain = 0.000
INFO: [Common 17-1381] The checkpoint 'D:/Vivado-projects/Basys3/sbml/microblazev_tutorial/microblazev_tutorial.runs/impl_1/design_mysoc_wrapper_physopt.dcp' has been generated.
Command: route_design
Attempting to get a license for feature 'Implementation' and/or device 'xc7a35t'
INFO: [Common 17-349] Got license for feature 'Implementation' and/or device 'xc7a35t'


Starting Routing Task
INFO: [Route 35-254] Multithreading enabled for route_design using a maximum of 2 CPUs

Phase 1 Build RT Design
Checksum: PlaceDB: b2447028 ConstDB: 0 ShapeSum: 4fd931d1 RouteDB: a0815c57
Post Restoration Checksum: NetGraph: 4daa89f2 | NumContArr: f329ca59 | Constraints: c2a8fa9d | Timing: c2a8fa9d
Phase 1 Build RT Design | Checksum: 2c6264985

Time (s): cpu = 00:00:57 ; elapsed = 00:00:57 . Memory (MB): peak = 2130.246 ; gain = 0.000

Phase 2 Router Initialization

Phase 2.1 Fix Topology Constraints
Phase 2.1 Fix Topology Constraints | Checksum: 2c6264985

Time (s): cpu = 00:00:57 ; elapsed = 00:00:57 . Memory (MB): peak = 2130.246 ; gain = 0.000

Phase 2.2 Pre Route Cleanup
Phase 2.2 Pre Route Cleanup | Checksum: 2c6264985

Time (s): cpu = 00:00:57 ; elapsed = 00:00:57 . Memory (MB): peak = 2130.246 ; gain = 0.000
 Number of Nodes with overlaps = 0

Phase 2.3 Update Timing
Phase 2.3 Update Timing | Checksum: 2912e329c

Time (s): cpu = 00:01:06 ; elapsed = 00:01:03 . Memory (MB): peak = 2130.246 ; gain = 0.000
INFO: [Route 35-416] Intermediate Timing Summary | WNS=1.410  | TNS=0.000  | WHS=-0.144 | THS=-47.617|


Phase 2.4 Soft Constraint Pins - Fast Budgeting
Phase 2.4 Soft Constraint Pins - Fast Budgeting | Checksum: 2a8c094d2

Time (s): cpu = 00:01:08 ; elapsed = 00:01:05 . Memory (MB): peak = 2130.352 ; gain = 0.105

Router Utilization Summary
  Global Vertical Routing Utilization    = 0.00366738 %
  Global Horizontal Routing Utilization  = 0.00117126 %
  Routable Net Status*
  *Does not include unroutable nets such as driverless and loadless.
  Run report_route_status for detailed report.
  Number of Failed Nets               = 4591
    (Failed Nets is the sum of unrouted and partially routed nets)
  Number of Unrouted Nets             = 4591
  Number of Partially Routed Nets     = 0
  Number of Node Overlaps             = 0

Phase 2 Router Initialization | Checksum: 2a2a42990

Time (s): cpu = 00:01:08 ; elapsed = 00:01:05 . Memory (MB): peak = 2130.352 ; gain = 0.105

Phase 3 Global Routing
Phase 3 Global Routing | Checksum: 2a2a42990

Time (s): cpu = 00:01:08 ; elapsed = 00:01:05 . Memory (MB): peak = 2130.352 ; gain = 0.105

Phase 4 Initial Routing

Phase 4.1 Initial Net Routing Pass
Phase 4.1 Initial Net Routing Pass | Checksum: 285a8584d

Time (s): cpu = 00:01:34 ; elapsed = 00:01:20 . Memory (MB): peak = 2130.820 ; gain = 0.574
Phase 4 Initial Routing | Checksum: 285a8584d

Time (s): cpu = 00:01:34 ; elapsed = 00:01:20 . Memory (MB): peak = 2130.820 ; gain = 0.574

Phase 5 Rip-up And Reroute

Phase 5.1 Global Iteration 0
 Number of Nodes with overlaps = 690
 Number of Nodes with overlaps = 182
 Number of Nodes with overlaps = 87
 Number of Nodes with overlaps = 40
 Number of Nodes with overlaps = 12
 Number of Nodes with overlaps = 4
 Number of Nodes with overlaps = 3
 Number of Nodes with overlaps = 2
 Number of Nodes with overlaps = 1
 Number of Nodes with overlaps = 0
INFO: [Route 35-416] Intermediate Timing Summary | WNS=1.044  | TNS=0.000  | WHS=N/A    | THS=N/A    |

Phase 5.1 Global Iteration 0 | Checksum: 2bdde894a

Time (s): cpu = 00:01:59 ; elapsed = 00:01:41 . Memory (MB): peak = 2130.820 ; gain = 0.574

Phase 5.2 Global Iteration 1
 Number of Nodes with overlaps = 0
INFO: [Route 35-416] Intermediate Timing Summary | WNS=1.044  | TNS=0.000  | WHS=N/A    | THS=N/A    |

Phase 5.2 Global Iteration 1 | Checksum: 19f43adf0

Time (s): cpu = 00:01:59 ; elapsed = 00:01:41 . Memory (MB): peak = 2130.820 ; gain = 0.574

Phase 5.3 Global Iteration 2
 Number of Nodes with overlaps = 0
INFO: [Route 35-416] Intermediate Timing Summary | WNS=1.044  | TNS=0.000  | WHS=N/A    | THS=N/A    |

Phase 5.3 Global Iteration 2 | Checksum: 25ce58b3e

Time (s): cpu = 00:01:59 ; elapsed = 00:01:41 . Memory (MB): peak = 2130.820 ; gain = 0.574
Phase 5 Rip-up And Reroute | Checksum: 25ce58b3e

Time (s): cpu = 00:01:59 ; elapsed = 00:01:41 . Memory (MB): peak = 2130.820 ; gain = 0.574

Phase 6 Delay and Skew Optimization

Phase 6.1 Delay CleanUp
Phase 6.1 Delay CleanUp | Checksum: 25ce58b3e

Time (s): cpu = 00:01:59 ; elapsed = 00:01:41 . Memory (MB): peak = 2130.820 ; gain = 0.574

Phase 6.2 Clock Skew Optimization
Phase 6.2 Clock Skew Optimization | Checksum: 25ce58b3e

Time (s): cpu = 00:01:59 ; elapsed = 00:01:41 . Memory (MB): peak = 2130.820 ; gain = 0.574
Phase 6 Delay and Skew Optimization | Checksum: 25ce58b3e

Time (s): cpu = 00:01:59 ; elapsed = 00:01:41 . Memory (MB): peak = 2130.820 ; gain = 0.574

Phase 7 Post Hold Fix

Phase 7.1 Hold Fix Iter
INFO: [Route 35-416] Intermediate Timing Summary | WNS=1.123  | TNS=0.000  | WHS=0.050  | THS=0.000  |

Phase 7.1 Hold Fix Iter | Checksum: 272ad9598

Time (s): cpu = 00:02:00 ; elapsed = 00:01:42 . Memory (MB): peak = 2130.820 ; gain = 0.574
Phase 7 Post Hold Fix | Checksum: 272ad9598

Time (s): cpu = 00:02:00 ; elapsed = 00:01:42 . Memory (MB): peak = 2130.820 ; gain = 0.574

Phase 8 Route finalize

Router Utilization Summary
  Global Vertical Routing Utilization    = 1.94674 %
  Global Horizontal Routing Utilization  = 2.4145 %
  Routable Net Status*
  *Does not include unroutable nets such as driverless and loadless.
  Run report_route_status for detailed report.
  Number of Failed Nets               = 0
    (Failed Nets is the sum of unrouted and partially routed nets)
  Number of Unrouted Nets             = 0
  Number of Partially Routed Nets     = 0
  Number of Node Overlaps             = 0

Phase 8 Route finalize | Checksum: 272ad9598

Time (s): cpu = 00:02:00 ; elapsed = 00:01:42 . Memory (MB): peak = 2130.820 ; gain = 0.574

Phase 9 Verifying routed nets

 Verification completed successfully
Phase 9 Verifying routed nets | Checksum: 272ad9598

Time (s): cpu = 00:02:00 ; elapsed = 00:01:42 . Memory (MB): peak = 2130.820 ; gain = 0.574

Phase 10 Depositing Routes
Phase 10 Depositing Routes | Checksum: 2e09009f8

Time (s): cpu = 00:02:02 ; elapsed = 00:01:44 . Memory (MB): peak = 2130.820 ; gain = 0.574

Phase 11 Post Process Routing
Phase 11 Post Process Routing | Checksum: 2e09009f8

Time (s): cpu = 00:02:02 ; elapsed = 00:01:44 . Memory (MB): peak = 2130.820 ; gain = 0.574

Phase 12 Post Router Timing
INFO: [Route 35-57] Estimated Timing Summary | WNS=1.123  | TNS=0.000  | WHS=0.050  | THS=0.000  |

INFO: [Route 35-327] The final timing numbers are based on the router estimated timing analysis. For a complete and accurate timing signoff, please run report_timing_summary.
Phase 12 Post Router Timing | Checksum: 2e09009f8

Time (s): cpu = 00:02:02 ; elapsed = 00:01:44 . Memory (MB): peak = 2130.820 ; gain = 0.574
Total Elapsed time in route_design: 103.818 secs

Phase 13 Post-Route Event Processing
Phase 13 Post-Route Event Processing | Checksum: 18c2f82bc

Time (s): cpu = 00:02:02 ; elapsed = 00:01:44 . Memory (MB): peak = 2130.820 ; gain = 0.574
INFO: [Route 35-16] Router Completed Successfully
Ending Routing Task | Checksum: 18c2f82bc

Time (s): cpu = 00:02:02 ; elapsed = 00:01:44 . Memory (MB): peak = 2130.820 ; gain = 0.574

Routing Is Done.
INFO: [Common 17-83] Releasing license: Implementation
121 Infos, 53 Warnings, 44 Critical Warnings and 0 Errors encountered.
route_design completed successfully
route_design: Time (s): cpu = 00:02:03 ; elapsed = 00:01:44 . Memory (MB): peak = 2130.820 ; gain = 0.574
INFO: [Vivado 12-24828] Executing command : report_drc -file design_mysoc_wrapper_drc_routed.rpt -pb design_mysoc_wrapper_drc_routed.pb -rpx design_mysoc_wrapper_drc_routed.rpx
Command: report_drc -file design_mysoc_wrapper_drc_routed.rpt -pb design_mysoc_wrapper_drc_routed.pb -rpx design_mysoc_wrapper_drc_routed.rpx
INFO: [IP_Flow 19-1839] IP Catalog is up to date.
INFO: [DRC 23-27] Running DRC with 2 threads
INFO: [Vivado_Tcl 2-168] The results of DRC are in file D:/Vivado-projects/Basys3/sbml/microblazev_tutorial/microblazev_tutorial.runs/impl_1/design_mysoc_wrapper_drc_routed.rpt.
report_drc completed successfully
report_drc: Time (s): cpu = 00:00:09 ; elapsed = 00:00:07 . Memory (MB): peak = 2130.820 ; gain = 0.000
INFO: [Vivado 12-24828] Executing command : report_methodology -file design_mysoc_wrapper_methodology_drc_routed.rpt -pb design_mysoc_wrapper_methodology_drc_routed.pb -rpx design_mysoc_wrapper_methodology_drc_routed.rpx
Command: report_methodology -file design_mysoc_wrapper_methodology_drc_routed.rpt -pb design_mysoc_wrapper_methodology_drc_routed.pb -rpx design_mysoc_wrapper_methodology_drc_routed.rpx
INFO: [Timing 38-35] Done setting XDC timing constraints.
INFO: [DRC 23-133] Running Methodology with 2 threads
INFO: [Vivado_Tcl 2-1520] The results of Report Methodology are in file D:/Vivado-projects/Basys3/sbml/microblazev_tutorial/microblazev_tutorial.runs/impl_1/design_mysoc_wrapper_methodology_drc_routed.rpt.
report_methodology completed successfully
report_methodology: Time (s): cpu = 00:00:14 ; elapsed = 00:00:08 . Memory (MB): peak = 2130.820 ; gain = 0.000
INFO: [Vivado 12-24828] Executing command : report_timing_summary -max_paths 10 -routable_nets -report_unconstrained -file design_mysoc_wrapper_timing_summary_routed.rpt -pb design_mysoc_wrapper_timing_summary_routed.pb -rpx design_mysoc_wrapper_timing_summary_routed.rpx -warn_on_violation 
INFO: [Timing 38-35] Done setting XDC timing constraints.
INFO: [Timing 38-91] UpdateTimingParams: Speed grade: -1, Delay Type: min_max.
INFO: [Timing 38-191] Multithreading enabled for timing update using a maximum of 2 CPUs
INFO: [Vivado 12-24838] Running report commands "report_incremental_reuse, report_route_status" in parallel.
Running report generation with 2 threads.
INFO: [Vivado 12-24828] Executing command : report_incremental_reuse -file design_mysoc_wrapper_incremental_reuse_routed.rpt
INFO: [Vivado_Tcl 4-1062] Incremental flow is disabled. No incremental reuse Info to report.
INFO: [Vivado 12-24828] Executing command : report_route_status -file design_mysoc_wrapper_route_status.rpt -pb design_mysoc_wrapper_route_status.pb
INFO: [Vivado 12-24828] Executing command : report_power -file design_mysoc_wrapper_power_routed.rpt -pb design_mysoc_wrapper_power_summary_routed.pb -rpx design_mysoc_wrapper_power_routed.rpx
Command: report_power -file design_mysoc_wrapper_power_routed.rpt -pb design_mysoc_wrapper_power_summary_routed.pb -rpx design_mysoc_wrapper_power_routed.rpx
Running Vector-less Activity Propagation...

Finished Running Vector-less Activity Propagation
WARNING: [Power 33-332] Found switching activity that implies high-fanout reset nets being asserted for excessive periods of time which may result in inaccurate power analysis.
Resolution: To review and fix problems, please run Power Constraints Advisor in the GUI from Tools > Power Constraints Advisor or run report_power with the -advisory option to generate a text report.
138 Infos, 54 Warnings, 44 Critical Warnings and 0 Errors encountered.
report_power completed successfully
INFO: [Vivado 12-24828] Executing command : report_clock_utilization -file design_mysoc_wrapper_clock_utilization_routed.rpt
INFO: [Vivado 12-24828] Executing command : report_bus_skew -warn_on_violation -file design_mysoc_wrapper_bus_skew_routed.rpt -pb design_mysoc_wrapper_bus_skew_routed.pb -rpx design_mysoc_wrapper_bus_skew_routed.rpx
INFO: [Timing 38-91] UpdateTimingParams: Speed grade: -1, Delay Type: min_max.
INFO: [Timing 38-191] Multithreading enabled for timing update using a maximum of 2 CPUs
generate_parallel_reports: Time (s): cpu = 00:00:34 ; elapsed = 00:00:24 . Memory (MB): peak = 2130.820 ; gain = 0.000
INFO: [Timing 38-480] Writing timing data to binary archive.
Wrote PlaceDB: Time (s): cpu = 00:00:00 ; elapsed = 00:00:00 . Memory (MB): peak = 2130.820 ; gain = 0.000
Wrote PulsedLatchDB: Time (s): cpu = 00:00:00 ; elapsed = 00:00:00 . Memory (MB): peak = 2130.820 ; gain = 0.000
Writing XDEF routing.
Write ShapeDB Complete: Time (s): cpu = 00:00:00 ; elapsed = 00:00:00.055 . Memory (MB): peak = 2130.820 ; gain = 0.000
Writing XDEF routing logical nets.
Writing XDEF routing special nets.
Wrote RouteStorage: Time (s): cpu = 00:00:01 ; elapsed = 00:00:00.253 . Memory (MB): peak = 2130.820 ; gain = 0.000
Wrote PlaceStorage: Time (s): cpu = 00:00:02 ; elapsed = 00:00:00.890 . Memory (MB): peak = 2130.820 ; gain = 0.000
Wrote Netlist Cache: Time (s): cpu = 00:00:01 ; elapsed = 00:00:00.024 . Memory (MB): peak = 2130.820 ; gain = 0.000
Wrote Device Cache: Time (s): cpu = 00:00:00 ; elapsed = 00:00:00.044 . Memory (MB): peak = 2130.820 ; gain = 0.000
Write Physdb Complete: Time (s): cpu = 00:00:04 ; elapsed = 00:00:01 . Memory (MB): peak = 2130.820 ; gain = 0.000
INFO: [Common 17-1381] The checkpoint 'D:/Vivado-projects/Basys3/sbml/microblazev_tutorial/microblazev_tutorial.runs/impl_1/design_mysoc_wrapper_routed.dcp' has been generated.
Command: write_bitstream -force design_mysoc_wrapper.bit
Attempting to get a license for feature 'Implementation' and/or device 'xc7a35t'
INFO: [Common 17-349] Got license for feature 'Implementation' and/or device 'xc7a35t'
Running DRC as a precondition to command write_bitstream
INFO: [IP_Flow 19-1839] IP Catalog is up to date.
INFO: [DRC 23-27] Running DRC with 2 threads
INFO: [Vivado 12-3199] DRC finished with 0 Errors
INFO: [Vivado 12-3200] Please refer to the DRC report (report_drc) for more information.
Integrating Hard IP ELF/MEM with the PDI.
INFO: [Designutils 20-2272] Running write_bitstream with 2 threads.
Loading data files...
Loading site data...
Loading route data...
Processing options...
Creating bitmap...
Creating bitstream...
Bitstream compression saved 11423808 bits.
Writing bitstream ./design_mysoc_wrapper.bit...
INFO: [Vivado 12-1842] Bitgen Completed Successfully.
INFO: [Common 17-83] Releasing license: Implementation
152 Infos, 54 Warnings, 44 Critical Warnings and 0 Errors encountered.
write_bitstream completed successfully
write_bitstream: Time (s): cpu = 00:00:43 ; elapsed = 00:00:34 . Memory (MB): peak = 2392.500 ; gain = 261.680
INFO: [Common 17-206] Exiting Vivado at Tue Feb 24 01:44:10 2026...
